[2022-04-08 08:10:42] local.ERROR: Undefined constant "layout" (View: /Users/simonjustesen/Sites/localhost/phpbraco/resources/views/admin/layout/master.blade.php) (View: /Users/simonjustesen/Sites/localhost/phpbraco/resources/views/admin/layout/master.blade.php) {"exception":"[object] (Illuminate\\View\\ViewException(code: 0): Undefined constant \"layout\" (View: /Users/simonjustesen/Sites/localhost/phpbraco/resources/views/admin/layout/master.blade.php) (View: /Users/simonjustesen/Sites/localhost/phpbraco/resources/views/admin/layout/master.blade.php) at /Users/simonjustesen/Sites/localhost/phpbraco/storage/framework/views/85f9e2020e372d9aff729d2b37a72260af805b26.php:11)
[stacktrace]
#0 /Users/simonjustesen/Sites/localhost/phpbraco/vendor/illuminate/view/Engines/PhpEngine.php(60): Illuminate\\View\\Engines\\CompilerEngine->handleViewException(Object(Illuminate\\View\\ViewException), 1)
#1 /Users/simonjustesen/Sites/localhost/phpbraco/vendor/illuminate/view/Engines/CompilerEngine.php(61): Illuminate\\View\\Engines\\PhpEngine->evaluatePath('/Users/simonjus...', Array)
#2 /Users/simonjustesen/Sites/localhost/phpbraco/vendor/illuminate/view/View.php(139): Illuminate\\View\\Engines\\CompilerEngine->get('/Users/simonjus...', Array)
#3 /Users/simonjustesen/Sites/localhost/phpbraco/vendor/illuminate/view/View.php(122): Illuminate\\View\\View->getContents()
#4 /Users/simonjustesen/Sites/localhost/phpbraco/vendor/illuminate/view/View.php(91): Illuminate\\View\\View->renderContents()
#5 /Users/simonjustesen/Sites/localhost/phpbraco/vendor/illuminate/http/Response.php(69): Illuminate\\View\\View->render()
#6 /Users/simonjustesen/Sites/localhost/phpbraco/vendor/illuminate/http/Response.php(35): Illuminate\\Http\\Response->setContent(Object(Illuminate\\View\\View))
#7 /Users/simonjustesen/Sites/localhost/phpbraco/vendor/laravel/lumen-framework/src/Concerns/RoutesRequests.php(449): Illuminate\\Http\\Response->__construct(Object(Illuminate\\View\\View))
#8 /Users/simonjustesen/Sites/localhost/phpbraco/vendor/laravel/lumen-framework/src/Concerns/RoutesRequests.php(302): Laravel\\Lumen\\Application->prepareResponse(Object(Illuminate\\View\\View))
#9 /Users/simonjustesen/Sites/localhost/phpbraco/vendor/laravel/lumen-framework/src/Concerns/RoutesRequests.php(267): Laravel\\Lumen\\Application->callActionOnArrayBasedRoute(Array)
#10 /Users/simonjustesen/Sites/localhost/phpbraco/vendor/laravel/lumen-framework/src/Concerns/RoutesRequests.php(169): Laravel\\Lumen\\Application->handleFoundRoute(Array)
#11 /Users/simonjustesen/Sites/localhost/phpbraco/vendor/laravel/lumen-framework/src/Concerns/RoutesRequests.php(429): Laravel\\Lumen\\Application->Laravel\\Lumen\\Concerns\\{closure}(Object(Laravel\\Lumen\\Http\\Request))
#12 /Users/simonjustesen/Sites/localhost/phpbraco/vendor/laravel/lumen-framework/src/Concerns/RoutesRequests.php(175): Laravel\\Lumen\\Application->sendThroughPipeline(Array, Object(Closure))
#13 /Users/simonjustesen/Sites/localhost/phpbraco/vendor/laravel/lumen-framework/src/Concerns/RoutesRequests.php(112): Laravel\\Lumen\\Application->dispatch(NULL)
#14 /Users/simonjustesen/Sites/localhost/phpbraco/public/index.php(28): Laravel\\Lumen\\Application->run()
#15 {main}

[previous exception] [object] (Illuminate\\View\\ViewException(code: 0): Undefined constant \"layout\" (View: /Users/simonjustesen/Sites/localhost/phpbraco/resources/views/admin/layout/master.blade.php) at /Users/simonjustesen/Sites/localhost/phpbraco/storage/framework/views/85f9e2020e372d9aff729d2b37a72260af805b26.php:11)
[stacktrace]
#0 /Users/simonjustesen/Sites/localhost/phpbraco/vendor/illuminate/view/Engines/PhpEngine.php(60): Illuminate\\View\\Engines\\CompilerEngine->handleViewException(Object(Error), 2)
#1 /Users/simonjustesen/Sites/localhost/phpbraco/vendor/illuminate/view/Engines/CompilerEngine.php(61): Illuminate\\View\\Engines\\PhpEngine->evaluatePath('/Users/simonjus...', Array)
#2 /Users/simonjustesen/Sites/localhost/phpbraco/vendor/illuminate/view/View.php(139): Illuminate\\View\\Engines\\CompilerEngine->get('/Users/simonjus...', Array)
#3 /Users/simonjustesen/Sites/localhost/phpbraco/vendor/illuminate/view/View.php(122): Illuminate\\View\\View->getContents()
#4 /Users/simonjustesen/Sites/localhost/phpbraco/vendor/illuminate/view/View.php(91): Illuminate\\View\\View->renderContents()
#5 /Users/simonjustesen/Sites/localhost/phpbraco/storage/framework/views/c6e7e3ea682cf98622cf9c08ca11b3fe804f8da4.php(4): Illuminate\\View\\View->render()
#6 /Users/simonjustesen/Sites/localhost/phpbraco/vendor/illuminate/filesystem/Filesystem.php(107): require('/Users/simonjus...')
#7 /Users/simonjustesen/Sites/localhost/phpbraco/vendor/illuminate/filesystem/Filesystem.php(108): Illuminate\\Filesystem\\Filesystem::Illuminate\\Filesystem\\{closure}()
#8 /Users/simonjustesen/Sites/localhost/phpbraco/vendor/illuminate/view/Engines/PhpEngine.php(58): Illuminate\\Filesystem\\Filesystem->getRequire('/Users/simonjus...', Array)
#9 /Users/simonjustesen/Sites/localhost/phpbraco/vendor/illuminate/view/Engines/CompilerEngine.php(61): Illuminate\\View\\Engines\\PhpEngine->evaluatePath('/Users/simonjus...', Array)
#10 /Users/simonjustesen/Sites/localhost/phpbraco/vendor/illuminate/view/View.php(139): Illuminate\\View\\Engines\\CompilerEngine->get('/Users/simonjus...', Array)
#11 /Users/simonjustesen/Sites/localhost/phpbraco/vendor/illuminate/view/View.php(122): Illuminate\\View\\View->getContents()
#12 /Users/simonjustesen/Sites/localhost/phpbraco/vendor/illuminate/view/View.php(91): Illuminate\\View\\View->renderContents()
#13 /Users/simonjustesen/Sites/localhost/phpbraco/vendor/illuminate/http/Response.php(69): Illuminate\\View\\View->render()
#14 /Users/simonjustesen/Sites/localhost/phpbraco/vendor/illuminate/http/Response.php(35): Illuminate\\Http\\Response->setContent(Object(Illuminate\\View\\View))
#15 /Users/simonjustesen/Sites/localhost/phpbraco/vendor/laravel/lumen-framework/src/Concerns/RoutesRequests.php(449): Illuminate\\Http\\Response->__construct(Object(Illuminate\\View\\View))
#16 /Users/simonjustesen/Sites/localhost/phpbraco/vendor/laravel/lumen-framework/src/Concerns/RoutesRequests.php(302): Laravel\\Lumen\\Application->prepareResponse(Object(Illuminate\\View\\View))
#17 /Users/simonjustesen/Sites/localhost/phpbraco/vendor/laravel/lumen-framework/src/Concerns/RoutesRequests.php(267): Laravel\\Lumen\\Application->callActionOnArrayBasedRoute(Array)
#18 /Users/simonjustesen/Sites/localhost/phpbraco/vendor/laravel/lumen-framework/src/Concerns/RoutesRequests.php(169): Laravel\\Lumen\\Application->handleFoundRoute(Array)
#19 /Users/simonjustesen/Sites/localhost/phpbraco/vendor/laravel/lumen-framework/src/Concerns/RoutesRequests.php(429): Laravel\\Lumen\\Application->Laravel\\Lumen\\Concerns\\{closure}(Object(Laravel\\Lumen\\Http\\Request))
#20 /Users/simonjustesen/Sites/localhost/phpbraco/vendor/laravel/lumen-framework/src/Concerns/RoutesRequests.php(175): Laravel\\Lumen\\Application->sendThroughPipeline(Array, Object(Closure))
#21 /Users/simonjustesen/Sites/localhost/phpbraco/vendor/laravel/lumen-framework/src/Concerns/RoutesRequests.php(112): Laravel\\Lumen\\Application->dispatch(NULL)
#22 /Users/simonjustesen/Sites/localhost/phpbraco/public/index.php(28): Laravel\\Lumen\\Application->run()
#23 {main}

[previous exception] [object] (Error(code: 0): Undefined constant \"layout\" at /Users/simonjustesen/Sites/localhost/phpbraco/storage/framework/views/85f9e2020e372d9aff729d2b37a72260af805b26.php:11)
[stacktrace]
#0 /Users/simonjustesen/Sites/localhost/phpbraco/vendor/illuminate/filesystem/Filesystem.php(107): require()
#1 /Users/simonjustesen/Sites/localhost/phpbraco/vendor/illuminate/filesystem/Filesystem.php(108): Illuminate\\Filesystem\\Filesystem::Illuminate\\Filesystem\\{closure}()
#2 /Users/simonjustesen/Sites/localhost/phpbraco/vendor/illuminate/view/Engines/PhpEngine.php(58): Illuminate\\Filesystem\\Filesystem->getRequire('/Users/simonjus...', Array)
#3 /Users/simonjustesen/Sites/localhost/phpbraco/vendor/illuminate/view/Engines/CompilerEngine.php(61): Illuminate\\View\\Engines\\PhpEngine->evaluatePath('/Users/simonjus...', Array)
#4 /Users/simonjustesen/Sites/localhost/phpbraco/vendor/illuminate/view/View.php(139): Illuminate\\View\\Engines\\CompilerEngine->get('/Users/simonjus...', Array)
#5 /Users/simonjustesen/Sites/localhost/phpbraco/vendor/illuminate/view/View.php(122): Illuminate\\View\\View->getContents()
#6 /Users/simonjustesen/Sites/localhost/phpbraco/vendor/illuminate/view/View.php(91): Illuminate\\View\\View->renderContents()
#7 /Users/simonjustesen/Sites/localhost/phpbraco/storage/framework/views/c6e7e3ea682cf98622cf9c08ca11b3fe804f8da4.php(4): Illuminate\\View\\View->render()
#8 /Users/simonjustesen/Sites/localhost/phpbraco/vendor/illuminate/filesystem/Filesystem.php(107): require('/Users/simonjus...')
#9 /Users/simonjustesen/Sites/localhost/phpbraco/vendor/illuminate/filesystem/Filesystem.php(108): Illuminate\\Filesystem\\Filesystem::Illuminate\\Filesystem\\{closure}()
#10 /Users/simonjustesen/Sites/localhost/phpbraco/vendor/illuminate/view/Engines/PhpEngine.php(58): Illuminate\\Filesystem\\Filesystem->getRequire('/Users/simonjus...', Array)
#11 /Users/simonjustesen/Sites/localhost/phpbraco/vendor/illuminate/view/Engines/CompilerEngine.php(61): Illuminate\\View\\Engines\\PhpEngine->evaluatePath('/Users/simonjus...', Array)
#12 /Users/simonjustesen/Sites/localhost/phpbraco/vendor/illuminate/view/View.php(139): Illuminate\\View\\Engines\\CompilerEngine->get('/Users/simonjus...', Array)
#13 /Users/simonjustesen/Sites/localhost/phpbraco/vendor/illuminate/view/View.php(122): Illuminate\\View\\View->getContents()
#14 /Users/simonjustesen/Sites/localhost/phpbraco/vendor/illuminate/view/View.php(91): Illuminate\\View\\View->renderContents()
#15 /Users/simonjustesen/Sites/localhost/phpbraco/vendor/illuminate/http/Response.php(69): Illuminate\\View\\View->render()
#16 /Users/simonjustesen/Sites/localhost/phpbraco/vendor/illuminate/http/Response.php(35): Illuminate\\Http\\Response->setContent(Object(Illuminate\\View\\View))
#17 /Users/simonjustesen/Sites/localhost/phpbraco/vendor/laravel/lumen-framework/src/Concerns/RoutesRequests.php(449): Illuminate\\Http\\Response->__construct(Object(Illuminate\\View\\View))
#18 /Users/simonjustesen/Sites/localhost/phpbraco/vendor/laravel/lumen-framework/src/Concerns/RoutesRequests.php(302): Laravel\\Lumen\\Application->prepareResponse(Object(Illuminate\\View\\View))
#19 /Users/simonjustesen/Sites/localhost/phpbraco/vendor/laravel/lumen-framework/src/Concerns/RoutesRequests.php(267): Laravel\\Lumen\\Application->callActionOnArrayBasedRoute(Array)
#20 /Users/simonjustesen/Sites/localhost/phpbraco/vendor/laravel/lumen-framework/src/Concerns/RoutesRequests.php(169): Laravel\\Lumen\\Application->handleFoundRoute(Array)
#21 /Users/simonjustesen/Sites/localhost/phpbraco/vendor/laravel/lumen-framework/src/Concerns/RoutesRequests.php(429): Laravel\\Lumen\\Application->Laravel\\Lumen\\Concerns\\{closure}(Object(Laravel\\Lumen\\Http\\Request))
#22 /Users/simonjustesen/Sites/localhost/phpbraco/vendor/laravel/lumen-framework/src/Concerns/RoutesRequests.php(175): Laravel\\Lumen\\Application->sendThroughPipeline(Array, Object(Closure))
#23 /Users/simonjustesen/Sites/localhost/phpbraco/vendor/laravel/lumen-framework/src/Concerns/RoutesRequests.php(112): Laravel\\Lumen\\Application->dispatch(NULL)
#24 /Users/simonjustesen/Sites/localhost/phpbraco/public/index.php(28): Laravel\\Lumen\\Application->run()
#25 {main}
"} 
[2022-04-08 08:10:44] local.ERROR: Undefined constant "layout" (View: /Users/simonjustesen/Sites/localhost/phpbraco/resources/views/admin/layout/master.blade.php) (View: /Users/simonjustesen/Sites/localhost/phpbraco/resources/views/admin/layout/master.blade.php) {"exception":"[object] (Illuminate\\View\\ViewException(code: 0): Undefined constant \"layout\" (View: /Users/simonjustesen/Sites/localhost/phpbraco/resources/views/admin/layout/master.blade.php) (View: /Users/simonjustesen/Sites/localhost/phpbraco/resources/views/admin/layout/master.blade.php) at /Users/simonjustesen/Sites/localhost/phpbraco/storage/framework/views/85f9e2020e372d9aff729d2b37a72260af805b26.php:11)
[stacktrace]
#0 /Users/simonjustesen/Sites/localhost/phpbraco/vendor/illuminate/view/Engines/PhpEngine.php(60): Illuminate\\View\\Engines\\CompilerEngine->handleViewException(Object(Illuminate\\View\\ViewException), 1)
#1 /Users/simonjustesen/Sites/localhost/phpbraco/vendor/illuminate/view/Engines/CompilerEngine.php(61): Illuminate\\View\\Engines\\PhpEngine->evaluatePath('/Users/simonjus...', Array)
#2 /Users/simonjustesen/Sites/localhost/phpbraco/vendor/illuminate/view/View.php(139): Illuminate\\View\\Engines\\CompilerEngine->get('/Users/simonjus...', Array)
#3 /Users/simonjustesen/Sites/localhost/phpbraco/vendor/illuminate/view/View.php(122): Illuminate\\View\\View->getContents()
#4 /Users/simonjustesen/Sites/localhost/phpbraco/vendor/illuminate/view/View.php(91): Illuminate\\View\\View->renderContents()
#5 /Users/simonjustesen/Sites/localhost/phpbraco/vendor/illuminate/http/Response.php(69): Illuminate\\View\\View->render()
#6 /Users/simonjustesen/Sites/localhost/phpbraco/vendor/illuminate/http/Response.php(35): Illuminate\\Http\\Response->setContent(Object(Illuminate\\View\\View))
#7 /Users/simonjustesen/Sites/localhost/phpbraco/vendor/laravel/lumen-framework/src/Concerns/RoutesRequests.php(449): Illuminate\\Http\\Response->__construct(Object(Illuminate\\View\\View))
#8 /Users/simonjustesen/Sites/localhost/phpbraco/vendor/laravel/lumen-framework/src/Concerns/RoutesRequests.php(302): Laravel\\Lumen\\Application->prepareResponse(Object(Illuminate\\View\\View))
#9 /Users/simonjustesen/Sites/localhost/phpbraco/vendor/laravel/lumen-framework/src/Concerns/RoutesRequests.php(267): Laravel\\Lumen\\Application->callActionOnArrayBasedRoute(Array)
#10 /Users/simonjustesen/Sites/localhost/phpbraco/vendor/laravel/lumen-framework/src/Concerns/RoutesRequests.php(169): Laravel\\Lumen\\Application->handleFoundRoute(Array)
#11 /Users/simonjustesen/Sites/localhost/phpbraco/vendor/laravel/lumen-framework/src/Concerns/RoutesRequests.php(429): Laravel\\Lumen\\Application->Laravel\\Lumen\\Concerns\\{closure}(Object(Laravel\\Lumen\\Http\\Request))
#12 /Users/simonjustesen/Sites/localhost/phpbraco/vendor/laravel/lumen-framework/src/Concerns/RoutesRequests.php(175): Laravel\\Lumen\\Application->sendThroughPipeline(Array, Object(Closure))
#13 /Users/simonjustesen/Sites/localhost/phpbraco/vendor/laravel/lumen-framework/src/Concerns/RoutesRequests.php(112): Laravel\\Lumen\\Application->dispatch(NULL)
#14 /Users/simonjustesen/Sites/localhost/phpbraco/public/index.php(28): Laravel\\Lumen\\Application->run()
#15 {main}

[previous exception] [object] (Illuminate\\View\\ViewException(code: 0): Undefined constant \"layout\" (View: /Users/simonjustesen/Sites/localhost/phpbraco/resources/views/admin/layout/master.blade.php) at /Users/simonjustesen/Sites/localhost/phpbraco/storage/framework/views/85f9e2020e372d9aff729d2b37a72260af805b26.php:11)
[stacktrace]
#0 /Users/simonjustesen/Sites/localhost/phpbraco/vendor/illuminate/view/Engines/PhpEngine.php(60): Illuminate\\View\\Engines\\CompilerEngine->handleViewException(Object(Error), 2)
#1 /Users/simonjustesen/Sites/localhost/phpbraco/vendor/illuminate/view/Engines/CompilerEngine.php(61): Illuminate\\View\\Engines\\PhpEngine->evaluatePath('/Users/simonjus...', Array)
#2 /Users/simonjustesen/Sites/localhost/phpbraco/vendor/illuminate/view/View.php(139): Illuminate\\View\\Engines\\CompilerEngine->get('/Users/simonjus...', Array)
#3 /Users/simonjustesen/Sites/localhost/phpbraco/vendor/illuminate/view/View.php(122): Illuminate\\View\\View->getContents()
#4 /Users/simonjustesen/Sites/localhost/phpbraco/vendor/illuminate/view/View.php(91): Illuminate\\View\\View->renderContents()
#5 /Users/simonjustesen/Sites/localhost/phpbraco/storage/framework/views/c6e7e3ea682cf98622cf9c08ca11b3fe804f8da4.php(4): Illuminate\\View\\View->render()
#6 /Users/simonjustesen/Sites/localhost/phpbraco/vendor/illuminate/filesystem/Filesystem.php(107): require('/Users/simonjus...')
#7 /Users/simonjustesen/Sites/localhost/phpbraco/vendor/illuminate/filesystem/Filesystem.php(108): Illuminate\\Filesystem\\Filesystem::Illuminate\\Filesystem\\{closure}()
#8 /Users/simonjustesen/Sites/localhost/phpbraco/vendor/illuminate/view/Engines/PhpEngine.php(58): Illuminate\\Filesystem\\Filesystem->getRequire('/Users/simonjus...', Array)
#9 /Users/simonjustesen/Sites/localhost/phpbraco/vendor/illuminate/view/Engines/CompilerEngine.php(61): Illuminate\\View\\Engines\\PhpEngine->evaluatePath('/Users/simonjus...', Array)
#10 /Users/simonjustesen/Sites/localhost/phpbraco/vendor/illuminate/view/View.php(139): Illuminate\\View\\Engines\\CompilerEngine->get('/Users/simonjus...', Array)
#11 /Users/simonjustesen/Sites/localhost/phpbraco/vendor/illuminate/view/View.php(122): Illuminate\\View\\View->getContents()
#12 /Users/simonjustesen/Sites/localhost/phpbraco/vendor/illuminate/view/View.php(91): Illuminate\\View\\View->renderContents()
#13 /Users/simonjustesen/Sites/localhost/phpbraco/vendor/illuminate/http/Response.php(69): Illuminate\\View\\View->render()
#14 /Users/simonjustesen/Sites/localhost/phpbraco/vendor/illuminate/http/Response.php(35): Illuminate\\Http\\Response->setContent(Object(Illuminate\\View\\View))
#15 /Users/simonjustesen/Sites/localhost/phpbraco/vendor/laravel/lumen-framework/src/Concerns/RoutesRequests.php(449): Illuminate\\Http\\Response->__construct(Object(Illuminate\\View\\View))
#16 /Users/simonjustesen/Sites/localhost/phpbraco/vendor/laravel/lumen-framework/src/Concerns/RoutesRequests.php(302): Laravel\\Lumen\\Application->prepareResponse(Object(Illuminate\\View\\View))
#17 /Users/simonjustesen/Sites/localhost/phpbraco/vendor/laravel/lumen-framework/src/Concerns/RoutesRequests.php(267): Laravel\\Lumen\\Application->callActionOnArrayBasedRoute(Array)
#18 /Users/simonjustesen/Sites/localhost/phpbraco/vendor/laravel/lumen-framework/src/Concerns/RoutesRequests.php(169): Laravel\\Lumen\\Application->handleFoundRoute(Array)
#19 /Users/simonjustesen/Sites/localhost/phpbraco/vendor/laravel/lumen-framework/src/Concerns/RoutesRequests.php(429): Laravel\\Lumen\\Application->Laravel\\Lumen\\Concerns\\{closure}(Object(Laravel\\Lumen\\Http\\Request))
#20 /Users/simonjustesen/Sites/localhost/phpbraco/vendor/laravel/lumen-framework/src/Concerns/RoutesRequests.php(175): Laravel\\Lumen\\Application->sendThroughPipeline(Array, Object(Closure))
#21 /Users/simonjustesen/Sites/localhost/phpbraco/vendor/laravel/lumen-framework/src/Concerns/RoutesRequests.php(112): Laravel\\Lumen\\Application->dispatch(NULL)
#22 /Users/simonjustesen/Sites/localhost/phpbraco/public/index.php(28): Laravel\\Lumen\\Application->run()
#23 {main}

[previous exception] [object] (Error(code: 0): Undefined constant \"layout\" at /Users/simonjustesen/Sites/localhost/phpbraco/storage/framework/views/85f9e2020e372d9aff729d2b37a72260af805b26.php:11)
[stacktrace]
#0 /Users/simonjustesen/Sites/localhost/phpbraco/vendor/illuminate/filesystem/Filesystem.php(107): require()
#1 /Users/simonjustesen/Sites/localhost/phpbraco/vendor/illuminate/filesystem/Filesystem.php(108): Illuminate\\Filesystem\\Filesystem::Illuminate\\Filesystem\\{closure}()
#2 /Users/simonjustesen/Sites/localhost/phpbraco/vendor/illuminate/view/Engines/PhpEngine.php(58): Illuminate\\Filesystem\\Filesystem->getRequire('/Users/simonjus...', Array)
#3 /Users/simonjustesen/Sites/localhost/phpbraco/vendor/illuminate/view/Engines/CompilerEngine.php(61): Illuminate\\View\\Engines\\PhpEngine->evaluatePath('/Users/simonjus...', Array)
#4 /Users/simonjustesen/Sites/localhost/phpbraco/vendor/illuminate/view/View.php(139): Illuminate\\View\\Engines\\CompilerEngine->get('/Users/simonjus...', Array)
#5 /Users/simonjustesen/Sites/localhost/phpbraco/vendor/illuminate/view/View.php(122): Illuminate\\View\\View->getContents()
#6 /Users/simonjustesen/Sites/localhost/phpbraco/vendor/illuminate/view/View.php(91): Illuminate\\View\\View->renderContents()
#7 /Users/simonjustesen/Sites/localhost/phpbraco/storage/framework/views/c6e7e3ea682cf98622cf9c08ca11b3fe804f8da4.php(4): Illuminate\\View\\View->render()
#8 /Users/simonjustesen/Sites/localhost/phpbraco/vendor/illuminate/filesystem/Filesystem.php(107): require('/Users/simonjus...')
#9 /Users/simonjustesen/Sites/localhost/phpbraco/vendor/illuminate/filesystem/Filesystem.php(108): Illuminate\\Filesystem\\Filesystem::Illuminate\\Filesystem\\{closure}()
#10 /Users/simonjustesen/Sites/localhost/phpbraco/vendor/illuminate/view/Engines/PhpEngine.php(58): Illuminate\\Filesystem\\Filesystem->getRequire('/Users/simonjus...', Array)
#11 /Users/simonjustesen/Sites/localhost/phpbraco/vendor/illuminate/view/Engines/CompilerEngine.php(61): Illuminate\\View\\Engines\\PhpEngine->evaluatePath('/Users/simonjus...', Array)
#12 /Users/simonjustesen/Sites/localhost/phpbraco/vendor/illuminate/view/View.php(139): Illuminate\\View\\Engines\\CompilerEngine->get('/Users/simonjus...', Array)
#13 /Users/simonjustesen/Sites/localhost/phpbraco/vendor/illuminate/view/View.php(122): Illuminate\\View\\View->getContents()
#14 /Users/simonjustesen/Sites/localhost/phpbraco/vendor/illuminate/view/View.php(91): Illuminate\\View\\View->renderContents()
#15 /Users/simonjustesen/Sites/localhost/phpbraco/vendor/illuminate/http/Response.php(69): Illuminate\\View\\View->render()
#16 /Users/simonjustesen/Sites/localhost/phpbraco/vendor/illuminate/http/Response.php(35): Illuminate\\Http\\Response->setContent(Object(Illuminate\\View\\View))
#17 /Users/simonjustesen/Sites/localhost/phpbraco/vendor/laravel/lumen-framework/src/Concerns/RoutesRequests.php(449): Illuminate\\Http\\Response->__construct(Object(Illuminate\\View\\View))
#18 /Users/simonjustesen/Sites/localhost/phpbraco/vendor/laravel/lumen-framework/src/Concerns/RoutesRequests.php(302): Laravel\\Lumen\\Application->prepareResponse(Object(Illuminate\\View\\View))
#19 /Users/simonjustesen/Sites/localhost/phpbraco/vendor/laravel/lumen-framework/src/Concerns/RoutesRequests.php(267): Laravel\\Lumen\\Application->callActionOnArrayBasedRoute(Array)
#20 /Users/simonjustesen/Sites/localhost/phpbraco/vendor/laravel/lumen-framework/src/Concerns/RoutesRequests.php(169): Laravel\\Lumen\\Application->handleFoundRoute(Array)
#21 /Users/simonjustesen/Sites/localhost/phpbraco/vendor/laravel/lumen-framework/src/Concerns/RoutesRequests.php(429): Laravel\\Lumen\\Application->Laravel\\Lumen\\Concerns\\{closure}(Object(Laravel\\Lumen\\Http\\Request))
#22 /Users/simonjustesen/Sites/localhost/phpbraco/vendor/laravel/lumen-framework/src/Concerns/RoutesRequests.php(175): Laravel\\Lumen\\Application->sendThroughPipeline(Array, Object(Closure))
#23 /Users/simonjustesen/Sites/localhost/phpbraco/vendor/laravel/lumen-framework/src/Concerns/RoutesRequests.php(112): Laravel\\Lumen\\Application->dispatch(NULL)
#24 /Users/simonjustesen/Sites/localhost/phpbraco/public/index.php(28): Laravel\\Lumen\\Application->run()
#25 {main}
"} 
[2022-04-08 08:11:15] local.ERROR: View [layout.headernav] not found. (View: /Users/simonjustesen/Sites/localhost/phpbraco/resources/views/admin/layout/master.blade.php) (View: /Users/simonjustesen/Sites/localhost/phpbraco/resources/views/admin/layout/master.blade.php) {"exception":"[object] (Illuminate\\View\\ViewException(code: 0): View [layout.headernav] not found. (View: /Users/simonjustesen/Sites/localhost/phpbraco/resources/views/admin/layout/master.blade.php) (View: /Users/simonjustesen/Sites/localhost/phpbraco/resources/views/admin/layout/master.blade.php) at /Users/simonjustesen/Sites/localhost/phpbraco/vendor/illuminate/view/FileViewFinder.php:137)
[stacktrace]
#0 /Users/simonjustesen/Sites/localhost/phpbraco/vendor/illuminate/view/Engines/PhpEngine.php(60): Illuminate\\View\\Engines\\CompilerEngine->handleViewException(Object(Illuminate\\View\\ViewException), 1)
#1 /Users/simonjustesen/Sites/localhost/phpbraco/vendor/illuminate/view/Engines/CompilerEngine.php(61): Illuminate\\View\\Engines\\PhpEngine->evaluatePath('/Users/simonjus...', Array)
#2 /Users/simonjustesen/Sites/localhost/phpbraco/vendor/illuminate/view/View.php(139): Illuminate\\View\\Engines\\CompilerEngine->get('/Users/simonjus...', Array)
#3 /Users/simonjustesen/Sites/localhost/phpbraco/vendor/illuminate/view/View.php(122): Illuminate\\View\\View->getContents()
#4 /Users/simonjustesen/Sites/localhost/phpbraco/vendor/illuminate/view/View.php(91): Illuminate\\View\\View->renderContents()
#5 /Users/simonjustesen/Sites/localhost/phpbraco/vendor/illuminate/http/Response.php(69): Illuminate\\View\\View->render()
#6 /Users/simonjustesen/Sites/localhost/phpbraco/vendor/illuminate/http/Response.php(35): Illuminate\\Http\\Response->setContent(Object(Illuminate\\View\\View))
#7 /Users/simonjustesen/Sites/localhost/phpbraco/vendor/laravel/lumen-framework/src/Concerns/RoutesRequests.php(449): Illuminate\\Http\\Response->__construct(Object(Illuminate\\View\\View))
#8 /Users/simonjustesen/Sites/localhost/phpbraco/vendor/laravel/lumen-framework/src/Concerns/RoutesRequests.php(302): Laravel\\Lumen\\Application->prepareResponse(Object(Illuminate\\View\\View))
#9 /Users/simonjustesen/Sites/localhost/phpbraco/vendor/laravel/lumen-framework/src/Concerns/RoutesRequests.php(267): Laravel\\Lumen\\Application->callActionOnArrayBasedRoute(Array)
#10 /Users/simonjustesen/Sites/localhost/phpbraco/vendor/laravel/lumen-framework/src/Concerns/RoutesRequests.php(169): Laravel\\Lumen\\Application->handleFoundRoute(Array)
#11 /Users/simonjustesen/Sites/localhost/phpbraco/vendor/laravel/lumen-framework/src/Concerns/RoutesRequests.php(429): Laravel\\Lumen\\Application->Laravel\\Lumen\\Concerns\\{closure}(Object(Laravel\\Lumen\\Http\\Request))
#12 /Users/simonjustesen/Sites/localhost/phpbraco/vendor/laravel/lumen-framework/src/Concerns/RoutesRequests.php(175): Laravel\\Lumen\\Application->sendThroughPipeline(Array, Object(Closure))
#13 /Users/simonjustesen/Sites/localhost/phpbraco/vendor/laravel/lumen-framework/src/Concerns/RoutesRequests.php(112): Laravel\\Lumen\\Application->dispatch(NULL)
#14 /Users/simonjustesen/Sites/localhost/phpbraco/public/index.php(28): Laravel\\Lumen\\Application->run()
#15 {main}

[previous exception] [object] (Illuminate\\View\\ViewException(code: 0): View [layout.headernav] not found. (View: /Users/simonjustesen/Sites/localhost/phpbraco/resources/views/admin/layout/master.blade.php) at /Users/simonjustesen/Sites/localhost/phpbraco/vendor/illuminate/view/FileViewFinder.php:137)
[stacktrace]
#0 /Users/simonjustesen/Sites/localhost/phpbraco/vendor/illuminate/view/Engines/PhpEngine.php(60): Illuminate\\View\\Engines\\CompilerEngine->handleViewException(Object(InvalidArgumentException), 2)
#1 /Users/simonjustesen/Sites/localhost/phpbraco/vendor/illuminate/view/Engines/CompilerEngine.php(61): Illuminate\\View\\Engines\\PhpEngine->evaluatePath('/Users/simonjus...', Array)
#2 /Users/simonjustesen/Sites/localhost/phpbraco/vendor/illuminate/view/View.php(139): Illuminate\\View\\Engines\\CompilerEngine->get('/Users/simonjus...', Array)
#3 /Users/simonjustesen/Sites/localhost/phpbraco/vendor/illuminate/view/View.php(122): Illuminate\\View\\View->getContents()
#4 /Users/simonjustesen/Sites/localhost/phpbraco/vendor/illuminate/view/View.php(91): Illuminate\\View\\View->renderContents()
#5 /Users/simonjustesen/Sites/localhost/phpbraco/storage/framework/views/c6e7e3ea682cf98622cf9c08ca11b3fe804f8da4.php(4): Illuminate\\View\\View->render()
#6 /Users/simonjustesen/Sites/localhost/phpbraco/vendor/illuminate/filesystem/Filesystem.php(107): require('/Users/simonjus...')
#7 /Users/simonjustesen/Sites/localhost/phpbraco/vendor/illuminate/filesystem/Filesystem.php(108): Illuminate\\Filesystem\\Filesystem::Illuminate\\Filesystem\\{closure}()
#8 /Users/simonjustesen/Sites/localhost/phpbraco/vendor/illuminate/view/Engines/PhpEngine.php(58): Illuminate\\Filesystem\\Filesystem->getRequire('/Users/simonjus...', Array)
#9 /Users/simonjustesen/Sites/localhost/phpbraco/vendor/illuminate/view/Engines/CompilerEngine.php(61): Illuminate\\View\\Engines\\PhpEngine->evaluatePath('/Users/simonjus...', Array)
#10 /Users/simonjustesen/Sites/localhost/phpbraco/vendor/illuminate/view/View.php(139): Illuminate\\View\\Engines\\CompilerEngine->get('/Users/simonjus...', Array)
#11 /Users/simonjustesen/Sites/localhost/phpbraco/vendor/illuminate/view/View.php(122): Illuminate\\View\\View->getContents()
#12 /Users/simonjustesen/Sites/localhost/phpbraco/vendor/illuminate/view/View.php(91): Illuminate\\View\\View->renderContents()
#13 /Users/simonjustesen/Sites/localhost/phpbraco/vendor/illuminate/http/Response.php(69): Illuminate\\View\\View->render()
#14 /Users/simonjustesen/Sites/localhost/phpbraco/vendor/illuminate/http/Response.php(35): Illuminate\\Http\\Response->setContent(Object(Illuminate\\View\\View))
#15 /Users/simonjustesen/Sites/localhost/phpbraco/vendor/laravel/lumen-framework/src/Concerns/RoutesRequests.php(449): Illuminate\\Http\\Response->__construct(Object(Illuminate\\View\\View))
#16 /Users/simonjustesen/Sites/localhost/phpbraco/vendor/laravel/lumen-framework/src/Concerns/RoutesRequests.php(302): Laravel\\Lumen\\Application->prepareResponse(Object(Illuminate\\View\\View))
#17 /Users/simonjustesen/Sites/localhost/phpbraco/vendor/laravel/lumen-framework/src/Concerns/RoutesRequests.php(267): Laravel\\Lumen\\Application->callActionOnArrayBasedRoute(Array)
#18 /Users/simonjustesen/Sites/localhost/phpbraco/vendor/laravel/lumen-framework/src/Concerns/RoutesRequests.php(169): Laravel\\Lumen\\Application->handleFoundRoute(Array)
#19 /Users/simonjustesen/Sites/localhost/phpbraco/vendor/laravel/lumen-framework/src/Concerns/RoutesRequests.php(429): Laravel\\Lumen\\Application->Laravel\\Lumen\\Concerns\\{closure}(Object(Laravel\\Lumen\\Http\\Request))
#20 /Users/simonjustesen/Sites/localhost/phpbraco/vendor/laravel/lumen-framework/src/Concerns/RoutesRequests.php(175): Laravel\\Lumen\\Application->sendThroughPipeline(Array, Object(Closure))
#21 /Users/simonjustesen/Sites/localhost/phpbraco/vendor/laravel/lumen-framework/src/Concerns/RoutesRequests.php(112): Laravel\\Lumen\\Application->dispatch(NULL)
#22 /Users/simonjustesen/Sites/localhost/phpbraco/public/index.php(28): Laravel\\Lumen\\Application->run()
#23 {main}

[previous exception] [object] (InvalidArgumentException(code: 0): View [layout.headernav] not found. at /Users/simonjustesen/Sites/localhost/phpbraco/vendor/illuminate/view/FileViewFinder.php:137)
[stacktrace]
#0 /Users/simonjustesen/Sites/localhost/phpbraco/vendor/illuminate/view/FileViewFinder.php(79): Illuminate\\View\\FileViewFinder->findInPaths('layout.headerna...', Array)
#1 /Users/simonjustesen/Sites/localhost/phpbraco/vendor/illuminate/view/Factory.php(137): Illuminate\\View\\FileViewFinder->find('layout.headerna...')
#2 /Users/simonjustesen/Sites/localhost/phpbraco/storage/framework/views/85f9e2020e372d9aff729d2b37a72260af805b26.php(11): Illuminate\\View\\Factory->make('layout.headerna...', Array)
#3 /Users/simonjustesen/Sites/localhost/phpbraco/vendor/illuminate/filesystem/Filesystem.php(107): require('/Users/simonjus...')
#4 /Users/simonjustesen/Sites/localhost/phpbraco/vendor/illuminate/filesystem/Filesystem.php(108): Illuminate\\Filesystem\\Filesystem::Illuminate\\Filesystem\\{closure}()
#5 /Users/simonjustesen/Sites/localhost/phpbraco/vendor/illuminate/view/Engines/PhpEngine.php(58): Illuminate\\Filesystem\\Filesystem->getRequire('/Users/simonjus...', Array)
#6 /Users/simonjustesen/Sites/localhost/phpbraco/vendor/illuminate/view/Engines/CompilerEngine.php(61): Illuminate\\View\\Engines\\PhpEngine->evaluatePath('/Users/simonjus...', Array)
#7 /Users/simonjustesen/Sites/localhost/phpbraco/vendor/illuminate/view/View.php(139): Illuminate\\View\\Engines\\CompilerEngine->get('/Users/simonjus...', Array)
#8 /Users/simonjustesen/Sites/localhost/phpbraco/vendor/illuminate/view/View.php(122): Illuminate\\View\\View->getContents()
#9 /Users/simonjustesen/Sites/localhost/phpbraco/vendor/illuminate/view/View.php(91): Illuminate\\View\\View->renderContents()
#10 /Users/simonjustesen/Sites/localhost/phpbraco/storage/framework/views/c6e7e3ea682cf98622cf9c08ca11b3fe804f8da4.php(4): Illuminate\\View\\View->render()
#11 /Users/simonjustesen/Sites/localhost/phpbraco/vendor/illuminate/filesystem/Filesystem.php(107): require('/Users/simonjus...')
#12 /Users/simonjustesen/Sites/localhost/phpbraco/vendor/illuminate/filesystem/Filesystem.php(108): Illuminate\\Filesystem\\Filesystem::Illuminate\\Filesystem\\{closure}()
#13 /Users/simonjustesen/Sites/localhost/phpbraco/vendor/illuminate/view/Engines/PhpEngine.php(58): Illuminate\\Filesystem\\Filesystem->getRequire('/Users/simonjus...', Array)
#14 /Users/simonjustesen/Sites/localhost/phpbraco/vendor/illuminate/view/Engines/CompilerEngine.php(61): Illuminate\\View\\Engines\\PhpEngine->evaluatePath('/Users/simonjus...', Array)
#15 /Users/simonjustesen/Sites/localhost/phpbraco/vendor/illuminate/view/View.php(139): Illuminate\\View\\Engines\\CompilerEngine->get('/Users/simonjus...', Array)
#16 /Users/simonjustesen/Sites/localhost/phpbraco/vendor/illuminate/view/View.php(122): Illuminate\\View\\View->getContents()
#17 /Users/simonjustesen/Sites/localhost/phpbraco/vendor/illuminate/view/View.php(91): Illuminate\\View\\View->renderContents()
#18 /Users/simonjustesen/Sites/localhost/phpbraco/vendor/illuminate/http/Response.php(69): Illuminate\\View\\View->render()
#19 /Users/simonjustesen/Sites/localhost/phpbraco/vendor/illuminate/http/Response.php(35): Illuminate\\Http\\Response->setContent(Object(Illuminate\\View\\View))
#20 /Users/simonjustesen/Sites/localhost/phpbraco/vendor/laravel/lumen-framework/src/Concerns/RoutesRequests.php(449): Illuminate\\Http\\Response->__construct(Object(Illuminate\\View\\View))
#21 /Users/simonjustesen/Sites/localhost/phpbraco/vendor/laravel/lumen-framework/src/Concerns/RoutesRequests.php(302): Laravel\\Lumen\\Application->prepareResponse(Object(Illuminate\\View\\View))
#22 /Users/simonjustesen/Sites/localhost/phpbraco/vendor/laravel/lumen-framework/src/Concerns/RoutesRequests.php(267): Laravel\\Lumen\\Application->callActionOnArrayBasedRoute(Array)
#23 /Users/simonjustesen/Sites/localhost/phpbraco/vendor/laravel/lumen-framework/src/Concerns/RoutesRequests.php(169): Laravel\\Lumen\\Application->handleFoundRoute(Array)
#24 /Users/simonjustesen/Sites/localhost/phpbraco/vendor/laravel/lumen-framework/src/Concerns/RoutesRequests.php(429): Laravel\\Lumen\\Application->Laravel\\Lumen\\Concerns\\{closure}(Object(Laravel\\Lumen\\Http\\Request))
#25 /Users/simonjustesen/Sites/localhost/phpbraco/vendor/laravel/lumen-framework/src/Concerns/RoutesRequests.php(175): Laravel\\Lumen\\Application->sendThroughPipeline(Array, Object(Closure))
#26 /Users/simonjustesen/Sites/localhost/phpbraco/vendor/laravel/lumen-framework/src/Concerns/RoutesRequests.php(112): Laravel\\Lumen\\Application->dispatch(NULL)
#27 /Users/simonjustesen/Sites/localhost/phpbraco/public/index.php(28): Laravel\\Lumen\\Application->run()
#28 {main}
"} 
[2022-04-08 08:11:16] local.ERROR: View [layout.headernav] not found. (View: /Users/simonjustesen/Sites/localhost/phpbraco/resources/views/admin/layout/master.blade.php) (View: /Users/simonjustesen/Sites/localhost/phpbraco/resources/views/admin/layout/master.blade.php) {"exception":"[object] (Illuminate\\View\\ViewException(code: 0): View [layout.headernav] not found. (View: /Users/simonjustesen/Sites/localhost/phpbraco/resources/views/admin/layout/master.blade.php) (View: /Users/simonjustesen/Sites/localhost/phpbraco/resources/views/admin/layout/master.blade.php) at /Users/simonjustesen/Sites/localhost/phpbraco/vendor/illuminate/view/FileViewFinder.php:137)
[stacktrace]
#0 /Users/simonjustesen/Sites/localhost/phpbraco/vendor/illuminate/view/Engines/PhpEngine.php(60): Illuminate\\View\\Engines\\CompilerEngine->handleViewException(Object(Illuminate\\View\\ViewException), 1)
#1 /Users/simonjustesen/Sites/localhost/phpbraco/vendor/illuminate/view/Engines/CompilerEngine.php(61): Illuminate\\View\\Engines\\PhpEngine->evaluatePath('/Users/simonjus...', Array)
#2 /Users/simonjustesen/Sites/localhost/phpbraco/vendor/illuminate/view/View.php(139): Illuminate\\View\\Engines\\CompilerEngine->get('/Users/simonjus...', Array)
#3 /Users/simonjustesen/Sites/localhost/phpbraco/vendor/illuminate/view/View.php(122): Illuminate\\View\\View->getContents()
#4 /Users/simonjustesen/Sites/localhost/phpbraco/vendor/illuminate/view/View.php(91): Illuminate\\View\\View->renderContents()
#5 /Users/simonjustesen/Sites/localhost/phpbraco/vendor/illuminate/http/Response.php(69): Illuminate\\View\\View->render()
#6 /Users/simonjustesen/Sites/localhost/phpbraco/vendor/illuminate/http/Response.php(35): Illuminate\\Http\\Response->setContent(Object(Illuminate\\View\\View))
#7 /Users/simonjustesen/Sites/localhost/phpbraco/vendor/laravel/lumen-framework/src/Concerns/RoutesRequests.php(449): Illuminate\\Http\\Response->__construct(Object(Illuminate\\View\\View))
#8 /Users/simonjustesen/Sites/localhost/phpbraco/vendor/laravel/lumen-framework/src/Concerns/RoutesRequests.php(302): Laravel\\Lumen\\Application->prepareResponse(Object(Illuminate\\View\\View))
#9 /Users/simonjustesen/Sites/localhost/phpbraco/vendor/laravel/lumen-framework/src/Concerns/RoutesRequests.php(267): Laravel\\Lumen\\Application->callActionOnArrayBasedRoute(Array)
#10 /Users/simonjustesen/Sites/localhost/phpbraco/vendor/laravel/lumen-framework/src/Concerns/RoutesRequests.php(169): Laravel\\Lumen\\Application->handleFoundRoute(Array)
#11 /Users/simonjustesen/Sites/localhost/phpbraco/vendor/laravel/lumen-framework/src/Concerns/RoutesRequests.php(429): Laravel\\Lumen\\Application->Laravel\\Lumen\\Concerns\\{closure}(Object(Laravel\\Lumen\\Http\\Request))
#12 /Users/simonjustesen/Sites/localhost/phpbraco/vendor/laravel/lumen-framework/src/Concerns/RoutesRequests.php(175): Laravel\\Lumen\\Application->sendThroughPipeline(Array, Object(Closure))
#13 /Users/simonjustesen/Sites/localhost/phpbraco/vendor/laravel/lumen-framework/src/Concerns/RoutesRequests.php(112): Laravel\\Lumen\\Application->dispatch(NULL)
#14 /Users/simonjustesen/Sites/localhost/phpbraco/public/index.php(28): Laravel\\Lumen\\Application->run()
#15 {main}

[previous exception] [object] (Illuminate\\View\\ViewException(code: 0): View [layout.headernav] not found. (View: /Users/simonjustesen/Sites/localhost/phpbraco/resources/views/admin/layout/master.blade.php) at /Users/simonjustesen/Sites/localhost/phpbraco/vendor/illuminate/view/FileViewFinder.php:137)
[stacktrace]
#0 /Users/simonjustesen/Sites/localhost/phpbraco/vendor/illuminate/view/Engines/PhpEngine.php(60): Illuminate\\View\\Engines\\CompilerEngine->handleViewException(Object(InvalidArgumentException), 2)
#1 /Users/simonjustesen/Sites/localhost/phpbraco/vendor/illuminate/view/Engines/CompilerEngine.php(61): Illuminate\\View\\Engines\\PhpEngine->evaluatePath('/Users/simonjus...', Array)
#2 /Users/simonjustesen/Sites/localhost/phpbraco/vendor/illuminate/view/View.php(139): Illuminate\\View\\Engines\\CompilerEngine->get('/Users/simonjus...', Array)
#3 /Users/simonjustesen/Sites/localhost/phpbraco/vendor/illuminate/view/View.php(122): Illuminate\\View\\View->getContents()
#4 /Users/simonjustesen/Sites/localhost/phpbraco/vendor/illuminate/view/View.php(91): Illuminate\\View\\View->renderContents()
#5 /Users/simonjustesen/Sites/localhost/phpbraco/storage/framework/views/c6e7e3ea682cf98622cf9c08ca11b3fe804f8da4.php(4): Illuminate\\View\\View->render()
#6 /Users/simonjustesen/Sites/localhost/phpbraco/vendor/illuminate/filesystem/Filesystem.php(107): require('/Users/simonjus...')
#7 /Users/simonjustesen/Sites/localhost/phpbraco/vendor/illuminate/filesystem/Filesystem.php(108): Illuminate\\Filesystem\\Filesystem::Illuminate\\Filesystem\\{closure}()
#8 /Users/simonjustesen/Sites/localhost/phpbraco/vendor/illuminate/view/Engines/PhpEngine.php(58): Illuminate\\Filesystem\\Filesystem->getRequire('/Users/simonjus...', Array)
#9 /Users/simonjustesen/Sites/localhost/phpbraco/vendor/illuminate/view/Engines/CompilerEngine.php(61): Illuminate\\View\\Engines\\PhpEngine->evaluatePath('/Users/simonjus...', Array)
#10 /Users/simonjustesen/Sites/localhost/phpbraco/vendor/illuminate/view/View.php(139): Illuminate\\View\\Engines\\CompilerEngine->get('/Users/simonjus...', Array)
#11 /Users/simonjustesen/Sites/localhost/phpbraco/vendor/illuminate/view/View.php(122): Illuminate\\View\\View->getContents()
#12 /Users/simonjustesen/Sites/localhost/phpbraco/vendor/illuminate/view/View.php(91): Illuminate\\View\\View->renderContents()
#13 /Users/simonjustesen/Sites/localhost/phpbraco/vendor/illuminate/http/Response.php(69): Illuminate\\View\\View->render()
#14 /Users/simonjustesen/Sites/localhost/phpbraco/vendor/illuminate/http/Response.php(35): Illuminate\\Http\\Response->setContent(Object(Illuminate\\View\\View))
#15 /Users/simonjustesen/Sites/localhost/phpbraco/vendor/laravel/lumen-framework/src/Concerns/RoutesRequests.php(449): Illuminate\\Http\\Response->__construct(Object(Illuminate\\View\\View))
#16 /Users/simonjustesen/Sites/localhost/phpbraco/vendor/laravel/lumen-framework/src/Concerns/RoutesRequests.php(302): Laravel\\Lumen\\Application->prepareResponse(Object(Illuminate\\View\\View))
#17 /Users/simonjustesen/Sites/localhost/phpbraco/vendor/laravel/lumen-framework/src/Concerns/RoutesRequests.php(267): Laravel\\Lumen\\Application->callActionOnArrayBasedRoute(Array)
#18 /Users/simonjustesen/Sites/localhost/phpbraco/vendor/laravel/lumen-framework/src/Concerns/RoutesRequests.php(169): Laravel\\Lumen\\Application->handleFoundRoute(Array)
#19 /Users/simonjustesen/Sites/localhost/phpbraco/vendor/laravel/lumen-framework/src/Concerns/RoutesRequests.php(429): Laravel\\Lumen\\Application->Laravel\\Lumen\\Concerns\\{closure}(Object(Laravel\\Lumen\\Http\\Request))
#20 /Users/simonjustesen/Sites/localhost/phpbraco/vendor/laravel/lumen-framework/src/Concerns/RoutesRequests.php(175): Laravel\\Lumen\\Application->sendThroughPipeline(Array, Object(Closure))
#21 /Users/simonjustesen/Sites/localhost/phpbraco/vendor/laravel/lumen-framework/src/Concerns/RoutesRequests.php(112): Laravel\\Lumen\\Application->dispatch(NULL)
#22 /Users/simonjustesen/Sites/localhost/phpbraco/public/index.php(28): Laravel\\Lumen\\Application->run()
#23 {main}

[previous exception] [object] (InvalidArgumentException(code: 0): View [layout.headernav] not found. at /Users/simonjustesen/Sites/localhost/phpbraco/vendor/illuminate/view/FileViewFinder.php:137)
[stacktrace]
#0 /Users/simonjustesen/Sites/localhost/phpbraco/vendor/illuminate/view/FileViewFinder.php(79): Illuminate\\View\\FileViewFinder->findInPaths('layout.headerna...', Array)
#1 /Users/simonjustesen/Sites/localhost/phpbraco/vendor/illuminate/view/Factory.php(137): Illuminate\\View\\FileViewFinder->find('layout.headerna...')
#2 /Users/simonjustesen/Sites/localhost/phpbraco/storage/framework/views/85f9e2020e372d9aff729d2b37a72260af805b26.php(11): Illuminate\\View\\Factory->make('layout.headerna...', Array)
#3 /Users/simonjustesen/Sites/localhost/phpbraco/vendor/illuminate/filesystem/Filesystem.php(107): require('/Users/simonjus...')
#4 /Users/simonjustesen/Sites/localhost/phpbraco/vendor/illuminate/filesystem/Filesystem.php(108): Illuminate\\Filesystem\\Filesystem::Illuminate\\Filesystem\\{closure}()
#5 /Users/simonjustesen/Sites/localhost/phpbraco/vendor/illuminate/view/Engines/PhpEngine.php(58): Illuminate\\Filesystem\\Filesystem->getRequire('/Users/simonjus...', Array)
#6 /Users/simonjustesen/Sites/localhost/phpbraco/vendor/illuminate/view/Engines/CompilerEngine.php(61): Illuminate\\View\\Engines\\PhpEngine->evaluatePath('/Users/simonjus...', Array)
#7 /Users/simonjustesen/Sites/localhost/phpbraco/vendor/illuminate/view/View.php(139): Illuminate\\View\\Engines\\CompilerEngine->get('/Users/simonjus...', Array)
#8 /Users/simonjustesen/Sites/localhost/phpbraco/vendor/illuminate/view/View.php(122): Illuminate\\View\\View->getContents()
#9 /Users/simonjustesen/Sites/localhost/phpbraco/vendor/illuminate/view/View.php(91): Illuminate\\View\\View->renderContents()
#10 /Users/simonjustesen/Sites/localhost/phpbraco/storage/framework/views/c6e7e3ea682cf98622cf9c08ca11b3fe804f8da4.php(4): Illuminate\\View\\View->render()
#11 /Users/simonjustesen/Sites/localhost/phpbraco/vendor/illuminate/filesystem/Filesystem.php(107): require('/Users/simonjus...')
#12 /Users/simonjustesen/Sites/localhost/phpbraco/vendor/illuminate/filesystem/Filesystem.php(108): Illuminate\\Filesystem\\Filesystem::Illuminate\\Filesystem\\{closure}()
#13 /Users/simonjustesen/Sites/localhost/phpbraco/vendor/illuminate/view/Engines/PhpEngine.php(58): Illuminate\\Filesystem\\Filesystem->getRequire('/Users/simonjus...', Array)
#14 /Users/simonjustesen/Sites/localhost/phpbraco/vendor/illuminate/view/Engines/CompilerEngine.php(61): Illuminate\\View\\Engines\\PhpEngine->evaluatePath('/Users/simonjus...', Array)
#15 /Users/simonjustesen/Sites/localhost/phpbraco/vendor/illuminate/view/View.php(139): Illuminate\\View\\Engines\\CompilerEngine->get('/Users/simonjus...', Array)
#16 /Users/simonjustesen/Sites/localhost/phpbraco/vendor/illuminate/view/View.php(122): Illuminate\\View\\View->getContents()
#17 /Users/simonjustesen/Sites/localhost/phpbraco/vendor/illuminate/view/View.php(91): Illuminate\\View\\View->renderContents()
#18 /Users/simonjustesen/Sites/localhost/phpbraco/vendor/illuminate/http/Response.php(69): Illuminate\\View\\View->render()
#19 /Users/simonjustesen/Sites/localhost/phpbraco/vendor/illuminate/http/Response.php(35): Illuminate\\Http\\Response->setContent(Object(Illuminate\\View\\View))
#20 /Users/simonjustesen/Sites/localhost/phpbraco/vendor/laravel/lumen-framework/src/Concerns/RoutesRequests.php(449): Illuminate\\Http\\Response->__construct(Object(Illuminate\\View\\View))
#21 /Users/simonjustesen/Sites/localhost/phpbraco/vendor/laravel/lumen-framework/src/Concerns/RoutesRequests.php(302): Laravel\\Lumen\\Application->prepareResponse(Object(Illuminate\\View\\View))
#22 /Users/simonjustesen/Sites/localhost/phpbraco/vendor/laravel/lumen-framework/src/Concerns/RoutesRequests.php(267): Laravel\\Lumen\\Application->callActionOnArrayBasedRoute(Array)
#23 /Users/simonjustesen/Sites/localhost/phpbraco/vendor/laravel/lumen-framework/src/Concerns/RoutesRequests.php(169): Laravel\\Lumen\\Application->handleFoundRoute(Array)
#24 /Users/simonjustesen/Sites/localhost/phpbraco/vendor/laravel/lumen-framework/src/Concerns/RoutesRequests.php(429): Laravel\\Lumen\\Application->Laravel\\Lumen\\Concerns\\{closure}(Object(Laravel\\Lumen\\Http\\Request))
#25 /Users/simonjustesen/Sites/localhost/phpbraco/vendor/laravel/lumen-framework/src/Concerns/RoutesRequests.php(175): Laravel\\Lumen\\Application->sendThroughPipeline(Array, Object(Closure))
#26 /Users/simonjustesen/Sites/localhost/phpbraco/vendor/laravel/lumen-framework/src/Concerns/RoutesRequests.php(112): Laravel\\Lumen\\Application->dispatch(NULL)
#27 /Users/simonjustesen/Sites/localhost/phpbraco/public/index.php(28): Laravel\\Lumen\\Application->run()
#28 {main}
"} 
[2022-04-08 08:11:21] local.ERROR: View [layout.headernav] not found. (View: /Users/simonjustesen/Sites/localhost/phpbraco/resources/views/admin/layout/master.blade.php) (View: /Users/simonjustesen/Sites/localhost/phpbraco/resources/views/admin/layout/master.blade.php) {"exception":"[object] (Illuminate\\View\\ViewException(code: 0): View [layout.headernav] not found. (View: /Users/simonjustesen/Sites/localhost/phpbraco/resources/views/admin/layout/master.blade.php) (View: /Users/simonjustesen/Sites/localhost/phpbraco/resources/views/admin/layout/master.blade.php) at /Users/simonjustesen/Sites/localhost/phpbraco/vendor/illuminate/view/FileViewFinder.php:137)
[stacktrace]
#0 /Users/simonjustesen/Sites/localhost/phpbraco/vendor/illuminate/view/Engines/PhpEngine.php(60): Illuminate\\View\\Engines\\CompilerEngine->handleViewException(Object(Illuminate\\View\\ViewException), 1)
#1 /Users/simonjustesen/Sites/localhost/phpbraco/vendor/illuminate/view/Engines/CompilerEngine.php(61): Illuminate\\View\\Engines\\PhpEngine->evaluatePath('/Users/simonjus...', Array)
#2 /Users/simonjustesen/Sites/localhost/phpbraco/vendor/illuminate/view/View.php(139): Illuminate\\View\\Engines\\CompilerEngine->get('/Users/simonjus...', Array)
#3 /Users/simonjustesen/Sites/localhost/phpbraco/vendor/illuminate/view/View.php(122): Illuminate\\View\\View->getContents()
#4 /Users/simonjustesen/Sites/localhost/phpbraco/vendor/illuminate/view/View.php(91): Illuminate\\View\\View->renderContents()
#5 /Users/simonjustesen/Sites/localhost/phpbraco/vendor/illuminate/http/Response.php(69): Illuminate\\View\\View->render()
#6 /Users/simonjustesen/Sites/localhost/phpbraco/vendor/illuminate/http/Response.php(35): Illuminate\\Http\\Response->setContent(Object(Illuminate\\View\\View))
#7 /Users/simonjustesen/Sites/localhost/phpbraco/vendor/laravel/lumen-framework/src/Concerns/RoutesRequests.php(449): Illuminate\\Http\\Response->__construct(Object(Illuminate\\View\\View))
#8 /Users/simonjustesen/Sites/localhost/phpbraco/vendor/laravel/lumen-framework/src/Concerns/RoutesRequests.php(302): Laravel\\Lumen\\Application->prepareResponse(Object(Illuminate\\View\\View))
#9 /Users/simonjustesen/Sites/localhost/phpbraco/vendor/laravel/lumen-framework/src/Concerns/RoutesRequests.php(267): Laravel\\Lumen\\Application->callActionOnArrayBasedRoute(Array)
#10 /Users/simonjustesen/Sites/localhost/phpbraco/vendor/laravel/lumen-framework/src/Concerns/RoutesRequests.php(169): Laravel\\Lumen\\Application->handleFoundRoute(Array)
#11 /Users/simonjustesen/Sites/localhost/phpbraco/vendor/laravel/lumen-framework/src/Concerns/RoutesRequests.php(429): Laravel\\Lumen\\Application->Laravel\\Lumen\\Concerns\\{closure}(Object(Laravel\\Lumen\\Http\\Request))
#12 /Users/simonjustesen/Sites/localhost/phpbraco/vendor/laravel/lumen-framework/src/Concerns/RoutesRequests.php(175): Laravel\\Lumen\\Application->sendThroughPipeline(Array, Object(Closure))
#13 /Users/simonjustesen/Sites/localhost/phpbraco/vendor/laravel/lumen-framework/src/Concerns/RoutesRequests.php(112): Laravel\\Lumen\\Application->dispatch(NULL)
#14 /Users/simonjustesen/Sites/localhost/phpbraco/public/index.php(28): Laravel\\Lumen\\Application->run()
#15 {main}

[previous exception] [object] (Illuminate\\View\\ViewException(code: 0): View [layout.headernav] not found. (View: /Users/simonjustesen/Sites/localhost/phpbraco/resources/views/admin/layout/master.blade.php) at /Users/simonjustesen/Sites/localhost/phpbraco/vendor/illuminate/view/FileViewFinder.php:137)
[stacktrace]
#0 /Users/simonjustesen/Sites/localhost/phpbraco/vendor/illuminate/view/Engines/PhpEngine.php(60): Illuminate\\View\\Engines\\CompilerEngine->handleViewException(Object(InvalidArgumentException), 2)
#1 /Users/simonjustesen/Sites/localhost/phpbraco/vendor/illuminate/view/Engines/CompilerEngine.php(61): Illuminate\\View\\Engines\\PhpEngine->evaluatePath('/Users/simonjus...', Array)
#2 /Users/simonjustesen/Sites/localhost/phpbraco/vendor/illuminate/view/View.php(139): Illuminate\\View\\Engines\\CompilerEngine->get('/Users/simonjus...', Array)
#3 /Users/simonjustesen/Sites/localhost/phpbraco/vendor/illuminate/view/View.php(122): Illuminate\\View\\View->getContents()
#4 /Users/simonjustesen/Sites/localhost/phpbraco/vendor/illuminate/view/View.php(91): Illuminate\\View\\View->renderContents()
#5 /Users/simonjustesen/Sites/localhost/phpbraco/storage/framework/views/2b9c32a61b911f927918a70e215169d5d198b1af.php(5): Illuminate\\View\\View->render()
#6 /Users/simonjustesen/Sites/localhost/phpbraco/vendor/illuminate/filesystem/Filesystem.php(107): require('/Users/simonjus...')
#7 /Users/simonjustesen/Sites/localhost/phpbraco/vendor/illuminate/filesystem/Filesystem.php(108): Illuminate\\Filesystem\\Filesystem::Illuminate\\Filesystem\\{closure}()
#8 /Users/simonjustesen/Sites/localhost/phpbraco/vendor/illuminate/view/Engines/PhpEngine.php(58): Illuminate\\Filesystem\\Filesystem->getRequire('/Users/simonjus...', Array)
#9 /Users/simonjustesen/Sites/localhost/phpbraco/vendor/illuminate/view/Engines/CompilerEngine.php(61): Illuminate\\View\\Engines\\PhpEngine->evaluatePath('/Users/simonjus...', Array)
#10 /Users/simonjustesen/Sites/localhost/phpbraco/vendor/illuminate/view/View.php(139): Illuminate\\View\\Engines\\CompilerEngine->get('/Users/simonjus...', Array)
#11 /Users/simonjustesen/Sites/localhost/phpbraco/vendor/illuminate/view/View.php(122): Illuminate\\View\\View->getContents()
#12 /Users/simonjustesen/Sites/localhost/phpbraco/vendor/illuminate/view/View.php(91): Illuminate\\View\\View->renderContents()
#13 /Users/simonjustesen/Sites/localhost/phpbraco/vendor/illuminate/http/Response.php(69): Illuminate\\View\\View->render()
#14 /Users/simonjustesen/Sites/localhost/phpbraco/vendor/illuminate/http/Response.php(35): Illuminate\\Http\\Response->setContent(Object(Illuminate\\View\\View))
#15 /Users/simonjustesen/Sites/localhost/phpbraco/vendor/laravel/lumen-framework/src/Concerns/RoutesRequests.php(449): Illuminate\\Http\\Response->__construct(Object(Illuminate\\View\\View))
#16 /Users/simonjustesen/Sites/localhost/phpbraco/vendor/laravel/lumen-framework/src/Concerns/RoutesRequests.php(302): Laravel\\Lumen\\Application->prepareResponse(Object(Illuminate\\View\\View))
#17 /Users/simonjustesen/Sites/localhost/phpbraco/vendor/laravel/lumen-framework/src/Concerns/RoutesRequests.php(267): Laravel\\Lumen\\Application->callActionOnArrayBasedRoute(Array)
#18 /Users/simonjustesen/Sites/localhost/phpbraco/vendor/laravel/lumen-framework/src/Concerns/RoutesRequests.php(169): Laravel\\Lumen\\Application->handleFoundRoute(Array)
#19 /Users/simonjustesen/Sites/localhost/phpbraco/vendor/laravel/lumen-framework/src/Concerns/RoutesRequests.php(429): Laravel\\Lumen\\Application->Laravel\\Lumen\\Concerns\\{closure}(Object(Laravel\\Lumen\\Http\\Request))
#20 /Users/simonjustesen/Sites/localhost/phpbraco/vendor/laravel/lumen-framework/src/Concerns/RoutesRequests.php(175): Laravel\\Lumen\\Application->sendThroughPipeline(Array, Object(Closure))
#21 /Users/simonjustesen/Sites/localhost/phpbraco/vendor/laravel/lumen-framework/src/Concerns/RoutesRequests.php(112): Laravel\\Lumen\\Application->dispatch(NULL)
#22 /Users/simonjustesen/Sites/localhost/phpbraco/public/index.php(28): Laravel\\Lumen\\Application->run()
#23 {main}

[previous exception] [object] (InvalidArgumentException(code: 0): View [layout.headernav] not found. at /Users/simonjustesen/Sites/localhost/phpbraco/vendor/illuminate/view/FileViewFinder.php:137)
[stacktrace]
#0 /Users/simonjustesen/Sites/localhost/phpbraco/vendor/illuminate/view/FileViewFinder.php(79): Illuminate\\View\\FileViewFinder->findInPaths('layout.headerna...', Array)
#1 /Users/simonjustesen/Sites/localhost/phpbraco/vendor/illuminate/view/Factory.php(137): Illuminate\\View\\FileViewFinder->find('layout.headerna...')
#2 /Users/simonjustesen/Sites/localhost/phpbraco/storage/framework/views/85f9e2020e372d9aff729d2b37a72260af805b26.php(11): Illuminate\\View\\Factory->make('layout.headerna...', Array)
#3 /Users/simonjustesen/Sites/localhost/phpbraco/vendor/illuminate/filesystem/Filesystem.php(107): require('/Users/simonjus...')
#4 /Users/simonjustesen/Sites/localhost/phpbraco/vendor/illuminate/filesystem/Filesystem.php(108): Illuminate\\Filesystem\\Filesystem::Illuminate\\Filesystem\\{closure}()
#5 /Users/simonjustesen/Sites/localhost/phpbraco/vendor/illuminate/view/Engines/PhpEngine.php(58): Illuminate\\Filesystem\\Filesystem->getRequire('/Users/simonjus...', Array)
#6 /Users/simonjustesen/Sites/localhost/phpbraco/vendor/illuminate/view/Engines/CompilerEngine.php(61): Illuminate\\View\\Engines\\PhpEngine->evaluatePath('/Users/simonjus...', Array)
#7 /Users/simonjustesen/Sites/localhost/phpbraco/vendor/illuminate/view/View.php(139): Illuminate\\View\\Engines\\CompilerEngine->get('/Users/simonjus...', Array)
#8 /Users/simonjustesen/Sites/localhost/phpbraco/vendor/illuminate/view/View.php(122): Illuminate\\View\\View->getContents()
#9 /Users/simonjustesen/Sites/localhost/phpbraco/vendor/illuminate/view/View.php(91): Illuminate\\View\\View->renderContents()
#10 /Users/simonjustesen/Sites/localhost/phpbraco/storage/framework/views/2b9c32a61b911f927918a70e215169d5d198b1af.php(5): Illuminate\\View\\View->render()
#11 /Users/simonjustesen/Sites/localhost/phpbraco/vendor/illuminate/filesystem/Filesystem.php(107): require('/Users/simonjus...')
#12 /Users/simonjustesen/Sites/localhost/phpbraco/vendor/illuminate/filesystem/Filesystem.php(108): Illuminate\\Filesystem\\Filesystem::Illuminate\\Filesystem\\{closure}()
#13 /Users/simonjustesen/Sites/localhost/phpbraco/vendor/illuminate/view/Engines/PhpEngine.php(58): Illuminate\\Filesystem\\Filesystem->getRequire('/Users/simonjus...', Array)
#14 /Users/simonjustesen/Sites/localhost/phpbraco/vendor/illuminate/view/Engines/CompilerEngine.php(61): Illuminate\\View\\Engines\\PhpEngine->evaluatePath('/Users/simonjus...', Array)
#15 /Users/simonjustesen/Sites/localhost/phpbraco/vendor/illuminate/view/View.php(139): Illuminate\\View\\Engines\\CompilerEngine->get('/Users/simonjus...', Array)
#16 /Users/simonjustesen/Sites/localhost/phpbraco/vendor/illuminate/view/View.php(122): Illuminate\\View\\View->getContents()
#17 /Users/simonjustesen/Sites/localhost/phpbraco/vendor/illuminate/view/View.php(91): Illuminate\\View\\View->renderContents()
#18 /Users/simonjustesen/Sites/localhost/phpbraco/vendor/illuminate/http/Response.php(69): Illuminate\\View\\View->render()
#19 /Users/simonjustesen/Sites/localhost/phpbraco/vendor/illuminate/http/Response.php(35): Illuminate\\Http\\Response->setContent(Object(Illuminate\\View\\View))
#20 /Users/simonjustesen/Sites/localhost/phpbraco/vendor/laravel/lumen-framework/src/Concerns/RoutesRequests.php(449): Illuminate\\Http\\Response->__construct(Object(Illuminate\\View\\View))
#21 /Users/simonjustesen/Sites/localhost/phpbraco/vendor/laravel/lumen-framework/src/Concerns/RoutesRequests.php(302): Laravel\\Lumen\\Application->prepareResponse(Object(Illuminate\\View\\View))
#22 /Users/simonjustesen/Sites/localhost/phpbraco/vendor/laravel/lumen-framework/src/Concerns/RoutesRequests.php(267): Laravel\\Lumen\\Application->callActionOnArrayBasedRoute(Array)
#23 /Users/simonjustesen/Sites/localhost/phpbraco/vendor/laravel/lumen-framework/src/Concerns/RoutesRequests.php(169): Laravel\\Lumen\\Application->handleFoundRoute(Array)
#24 /Users/simonjustesen/Sites/localhost/phpbraco/vendor/laravel/lumen-framework/src/Concerns/RoutesRequests.php(429): Laravel\\Lumen\\Application->Laravel\\Lumen\\Concerns\\{closure}(Object(Laravel\\Lumen\\Http\\Request))
#25 /Users/simonjustesen/Sites/localhost/phpbraco/vendor/laravel/lumen-framework/src/Concerns/RoutesRequests.php(175): Laravel\\Lumen\\Application->sendThroughPipeline(Array, Object(Closure))
#26 /Users/simonjustesen/Sites/localhost/phpbraco/vendor/laravel/lumen-framework/src/Concerns/RoutesRequests.php(112): Laravel\\Lumen\\Application->dispatch(NULL)
#27 /Users/simonjustesen/Sites/localhost/phpbraco/public/index.php(28): Laravel\\Lumen\\Application->run()
#28 {main}
"} 
