[2022-04-11 08:09:33] local.ERROR: require(/Users/simonjustesen/Sites/localhost/phpbraco/bootstrap/../routes/backend_page_routes.php): Failed to open stream: No such file or directory {"exception":"[object] (ErrorException(code: 0): require(/Users/simonjustesen/Sites/localhost/phpbraco/bootstrap/../routes/backend_page_routes.php): Failed to open stream: No such file or directory at /Users/simonjustesen/Sites/localhost/phpbraco/bootstrap/app.php:112)
[stacktrace]
#0 /Users/simonjustesen/Sites/localhost/phpbraco/vendor/laravel/lumen-framework/src/Concerns/RegistersExceptionHandlers.php(47): Laravel\\Lumen\\Application->handleError(2, 'require(/Users/...', '/Users/simonjus...', 112)
#1 /Users/simonjustesen/Sites/localhost/phpbraco/bootstrap/app.php(112): Laravel\\Lumen\\Application->Laravel\\Lumen\\Concerns\\{closure}(2, 'require(/Users/...', '/Users/simonjus...', 112)
#2 /Users/simonjustesen/Sites/localhost/phpbraco/bootstrap/app.php(112): require()
#3 /Users/simonjustesen/Sites/localhost/phpbraco/vendor/laravel/lumen-framework/src/Routing/Router.php(62): {closure}(Object(Laravel\\Lumen\\Routing\\Router))
#4 /Users/simonjustesen/Sites/localhost/phpbraco/bootstrap/app.php(115): Laravel\\Lumen\\Routing\\Router->group(Array, Object(Closure))
#5 /Users/simonjustesen/Sites/localhost/phpbraco/public/index.php(14): require('/Users/simonjus...')
#6 {main}
"} 
[2022-04-11 08:10:52] local.ERROR: Target class [App\Http\Controllers\NavtreeController] does not exist. {"exception":"[object] (Illuminate\\Contracts\\Container\\BindingResolutionException(code: 0): Target class [App\\Http\\Controllers\\NavtreeController] does not exist. at /Users/simonjustesen/Sites/localhost/phpbraco/vendor/illuminate/container/Container.php:879)
[stacktrace]
#0 /Users/simonjustesen/Sites/localhost/phpbraco/vendor/illuminate/container/Container.php(758): Illuminate\\Container\\Container->build('App\\\\Http\\\\Contro...')
#1 /Users/simonjustesen/Sites/localhost/phpbraco/vendor/illuminate/container/Container.php(694): Illuminate\\Container\\Container->resolve('App\\\\Http\\\\Contro...', Array)
#2 /Users/simonjustesen/Sites/localhost/phpbraco/vendor/laravel/lumen-framework/src/Application.php(300): Illuminate\\Container\\Container->make('App\\\\Http\\\\Contro...', Array)
#3 /Users/simonjustesen/Sites/localhost/phpbraco/vendor/laravel/lumen-framework/src/Concerns/RoutesRequests.php(324): Laravel\\Lumen\\Application->make('App\\\\Http\\\\Contro...')
#4 /Users/simonjustesen/Sites/localhost/phpbraco/vendor/laravel/lumen-framework/src/Concerns/RoutesRequests.php(282): Laravel\\Lumen\\Application->callControllerAction(Array)
#5 /Users/simonjustesen/Sites/localhost/phpbraco/vendor/laravel/lumen-framework/src/Concerns/RoutesRequests.php(267): Laravel\\Lumen\\Application->callActionOnArrayBasedRoute(Array)
#6 /Users/simonjustesen/Sites/localhost/phpbraco/vendor/laravel/lumen-framework/src/Concerns/RoutesRequests.php(169): Laravel\\Lumen\\Application->handleFoundRoute(Array)
#7 /Users/simonjustesen/Sites/localhost/phpbraco/vendor/laravel/lumen-framework/src/Concerns/RoutesRequests.php(429): Laravel\\Lumen\\Application->Laravel\\Lumen\\Concerns\\{closure}(Object(Laravel\\Lumen\\Http\\Request))
#8 /Users/simonjustesen/Sites/localhost/phpbraco/vendor/laravel/lumen-framework/src/Concerns/RoutesRequests.php(175): Laravel\\Lumen\\Application->sendThroughPipeline(Array, Object(Closure))
#9 /Users/simonjustesen/Sites/localhost/phpbraco/vendor/laravel/lumen-framework/src/Concerns/RoutesRequests.php(112): Laravel\\Lumen\\Application->dispatch(NULL)
#10 /Users/simonjustesen/Sites/localhost/phpbraco/public/index.php(28): Laravel\\Lumen\\Application->run()
#11 {main}

[previous exception] [object] (ReflectionException(code: -1): Class \"App\\Http\\Controllers\\NavtreeController\" does not exist at /Users/simonjustesen/Sites/localhost/phpbraco/vendor/illuminate/container/Container.php:877)
[stacktrace]
#0 /Users/simonjustesen/Sites/localhost/phpbraco/vendor/illuminate/container/Container.php(877): ReflectionClass->__construct('App\\\\Http\\\\Contro...')
#1 /Users/simonjustesen/Sites/localhost/phpbraco/vendor/illuminate/container/Container.php(758): Illuminate\\Container\\Container->build('App\\\\Http\\\\Contro...')
#2 /Users/simonjustesen/Sites/localhost/phpbraco/vendor/illuminate/container/Container.php(694): Illuminate\\Container\\Container->resolve('App\\\\Http\\\\Contro...', Array)
#3 /Users/simonjustesen/Sites/localhost/phpbraco/vendor/laravel/lumen-framework/src/Application.php(300): Illuminate\\Container\\Container->make('App\\\\Http\\\\Contro...', Array)
#4 /Users/simonjustesen/Sites/localhost/phpbraco/vendor/laravel/lumen-framework/src/Concerns/RoutesRequests.php(324): Laravel\\Lumen\\Application->make('App\\\\Http\\\\Contro...')
#5 /Users/simonjustesen/Sites/localhost/phpbraco/vendor/laravel/lumen-framework/src/Concerns/RoutesRequests.php(282): Laravel\\Lumen\\Application->callControllerAction(Array)
#6 /Users/simonjustesen/Sites/localhost/phpbraco/vendor/laravel/lumen-framework/src/Concerns/RoutesRequests.php(267): Laravel\\Lumen\\Application->callActionOnArrayBasedRoute(Array)
#7 /Users/simonjustesen/Sites/localhost/phpbraco/vendor/laravel/lumen-framework/src/Concerns/RoutesRequests.php(169): Laravel\\Lumen\\Application->handleFoundRoute(Array)
#8 /Users/simonjustesen/Sites/localhost/phpbraco/vendor/laravel/lumen-framework/src/Concerns/RoutesRequests.php(429): Laravel\\Lumen\\Application->Laravel\\Lumen\\Concerns\\{closure}(Object(Laravel\\Lumen\\Http\\Request))
#9 /Users/simonjustesen/Sites/localhost/phpbraco/vendor/laravel/lumen-framework/src/Concerns/RoutesRequests.php(175): Laravel\\Lumen\\Application->sendThroughPipeline(Array, Object(Closure))
#10 /Users/simonjustesen/Sites/localhost/phpbraco/vendor/laravel/lumen-framework/src/Concerns/RoutesRequests.php(112): Laravel\\Lumen\\Application->dispatch(NULL)
#11 /Users/simonjustesen/Sites/localhost/phpbraco/public/index.php(28): Laravel\\Lumen\\Application->run()
#12 {main}
"} 
[2022-04-11 08:14:51] local.ERROR: Class "App\Http\Controllers\StdClass" not found {"exception":"[object] (Error(code: 0): Class \"App\\Http\\Controllers\\StdClass\" not found at /Users/simonjustesen/Sites/localhost/phpbraco/app/Http/Controllers/AdminNavtreeController.php:18)
[stacktrace]
#0 /Users/simonjustesen/Sites/localhost/phpbraco/vendor/illuminate/container/BoundMethod.php(36): App\\Http\\Controllers\\AdminNavtreeController->content()
#1 /Users/simonjustesen/Sites/localhost/phpbraco/vendor/illuminate/container/Util.php(41): Illuminate\\Container\\BoundMethod::Illuminate\\Container\\{closure}()
#2 /Users/simonjustesen/Sites/localhost/phpbraco/vendor/illuminate/container/BoundMethod.php(93): Illuminate\\Container\\Util::unwrapIfClosure(Object(Closure))
#3 /Users/simonjustesen/Sites/localhost/phpbraco/vendor/illuminate/container/BoundMethod.php(37): Illuminate\\Container\\BoundMethod::callBoundMethod(Object(Laravel\\Lumen\\Application), Array, Object(Closure))
#4 /Users/simonjustesen/Sites/localhost/phpbraco/vendor/illuminate/container/Container.php(653): Illuminate\\Container\\BoundMethod::call(Object(Laravel\\Lumen\\Application), Array, Array, NULL)
#5 /Users/simonjustesen/Sites/localhost/phpbraco/vendor/laravel/lumen-framework/src/Concerns/RoutesRequests.php(389): Illuminate\\Container\\Container->call(Array, Array)
#6 /Users/simonjustesen/Sites/localhost/phpbraco/vendor/laravel/lumen-framework/src/Concerns/RoutesRequests.php(355): Laravel\\Lumen\\Application->callControllerCallable(Array, Array)
#7 /Users/simonjustesen/Sites/localhost/phpbraco/vendor/laravel/lumen-framework/src/Concerns/RoutesRequests.php(329): Laravel\\Lumen\\Application->callLumenController(Object(App\\Http\\Controllers\\AdminNavtreeController), 'content', Array)
#8 /Users/simonjustesen/Sites/localhost/phpbraco/vendor/laravel/lumen-framework/src/Concerns/RoutesRequests.php(282): Laravel\\Lumen\\Application->callControllerAction(Array)
#9 /Users/simonjustesen/Sites/localhost/phpbraco/vendor/laravel/lumen-framework/src/Concerns/RoutesRequests.php(267): Laravel\\Lumen\\Application->callActionOnArrayBasedRoute(Array)
#10 /Users/simonjustesen/Sites/localhost/phpbraco/vendor/laravel/lumen-framework/src/Concerns/RoutesRequests.php(169): Laravel\\Lumen\\Application->handleFoundRoute(Array)
#11 /Users/simonjustesen/Sites/localhost/phpbraco/vendor/laravel/lumen-framework/src/Concerns/RoutesRequests.php(429): Laravel\\Lumen\\Application->Laravel\\Lumen\\Concerns\\{closure}(Object(Laravel\\Lumen\\Http\\Request))
#12 /Users/simonjustesen/Sites/localhost/phpbraco/vendor/laravel/lumen-framework/src/Concerns/RoutesRequests.php(175): Laravel\\Lumen\\Application->sendThroughPipeline(Array, Object(Closure))
#13 /Users/simonjustesen/Sites/localhost/phpbraco/vendor/laravel/lumen-framework/src/Concerns/RoutesRequests.php(112): Laravel\\Lumen\\Application->dispatch(NULL)
#14 /Users/simonjustesen/Sites/localhost/phpbraco/public/index.php(28): Laravel\\Lumen\\Application->run()
#15 {main}
"} 
[2022-04-11 08:19:22] local.ERROR: Attempt to assign property "title" on null {"exception":"[object] (Error(code: 0): Attempt to assign property \"title\" on null at /Users/simonjustesen/Sites/localhost/phpbraco/app/Http/Controllers/AdminNavtreeController.php:19)
[stacktrace]
#0 /Users/simonjustesen/Sites/localhost/phpbraco/vendor/illuminate/container/BoundMethod.php(36): App\\Http\\Controllers\\AdminNavtreeController->content()
#1 /Users/simonjustesen/Sites/localhost/phpbraco/vendor/illuminate/container/Util.php(41): Illuminate\\Container\\BoundMethod::Illuminate\\Container\\{closure}()
#2 /Users/simonjustesen/Sites/localhost/phpbraco/vendor/illuminate/container/BoundMethod.php(93): Illuminate\\Container\\Util::unwrapIfClosure(Object(Closure))
#3 /Users/simonjustesen/Sites/localhost/phpbraco/vendor/illuminate/container/BoundMethod.php(37): Illuminate\\Container\\BoundMethod::callBoundMethod(Object(Laravel\\Lumen\\Application), Array, Object(Closure))
#4 /Users/simonjustesen/Sites/localhost/phpbraco/vendor/illuminate/container/Container.php(653): Illuminate\\Container\\BoundMethod::call(Object(Laravel\\Lumen\\Application), Array, Array, NULL)
#5 /Users/simonjustesen/Sites/localhost/phpbraco/vendor/laravel/lumen-framework/src/Concerns/RoutesRequests.php(389): Illuminate\\Container\\Container->call(Array, Array)
#6 /Users/simonjustesen/Sites/localhost/phpbraco/vendor/laravel/lumen-framework/src/Concerns/RoutesRequests.php(355): Laravel\\Lumen\\Application->callControllerCallable(Array, Array)
#7 /Users/simonjustesen/Sites/localhost/phpbraco/vendor/laravel/lumen-framework/src/Concerns/RoutesRequests.php(329): Laravel\\Lumen\\Application->callLumenController(Object(App\\Http\\Controllers\\AdminNavtreeController), 'content', Array)
#8 /Users/simonjustesen/Sites/localhost/phpbraco/vendor/laravel/lumen-framework/src/Concerns/RoutesRequests.php(282): Laravel\\Lumen\\Application->callControllerAction(Array)
#9 /Users/simonjustesen/Sites/localhost/phpbraco/vendor/laravel/lumen-framework/src/Concerns/RoutesRequests.php(267): Laravel\\Lumen\\Application->callActionOnArrayBasedRoute(Array)
#10 /Users/simonjustesen/Sites/localhost/phpbraco/vendor/laravel/lumen-framework/src/Concerns/RoutesRequests.php(169): Laravel\\Lumen\\Application->handleFoundRoute(Array)
#11 /Users/simonjustesen/Sites/localhost/phpbraco/vendor/laravel/lumen-framework/src/Concerns/RoutesRequests.php(429): Laravel\\Lumen\\Application->Laravel\\Lumen\\Concerns\\{closure}(Object(Laravel\\Lumen\\Http\\Request))
#12 /Users/simonjustesen/Sites/localhost/phpbraco/vendor/laravel/lumen-framework/src/Concerns/RoutesRequests.php(175): Laravel\\Lumen\\Application->sendThroughPipeline(Array, Object(Closure))
#13 /Users/simonjustesen/Sites/localhost/phpbraco/vendor/laravel/lumen-framework/src/Concerns/RoutesRequests.php(112): Laravel\\Lumen\\Application->dispatch(NULL)
#14 /Users/simonjustesen/Sites/localhost/phpbraco/public/index.php(28): Laravel\\Lumen\\Application->run()
#15 {main}
"} 
[2022-04-11 11:06:50] local.ERROR: View [admin.developer.index] not found. {"exception":"[object] (InvalidArgumentException(code: 0): View [admin.developer.index] not found. at /Users/simonjustesen/Sites/localhost/phpbraco/vendor/illuminate/view/FileViewFinder.php:137)
[stacktrace]
#0 /Users/simonjustesen/Sites/localhost/phpbraco/vendor/illuminate/view/FileViewFinder.php(79): Illuminate\\View\\FileViewFinder->findInPaths('admin.developer...', Array)
#1 /Users/simonjustesen/Sites/localhost/phpbraco/vendor/illuminate/view/Factory.php(137): Illuminate\\View\\FileViewFinder->find('admin.developer...')
#2 /Users/simonjustesen/Sites/localhost/phpbraco/vendor/laravel/lumen-framework/src/helpers.php(433): Illuminate\\View\\Factory->make('admin.developer...', Array, Array)
#3 /Users/simonjustesen/Sites/localhost/phpbraco/routes/backend_pageroutes.php(48): view('admin.developer...')
#4 /Users/simonjustesen/Sites/localhost/phpbraco/vendor/illuminate/container/BoundMethod.php(36): Closure->{closure}()
#5 /Users/simonjustesen/Sites/localhost/phpbraco/vendor/illuminate/container/Util.php(41): Illuminate\\Container\\BoundMethod::Illuminate\\Container\\{closure}()
#6 /Users/simonjustesen/Sites/localhost/phpbraco/vendor/illuminate/container/BoundMethod.php(81): Illuminate\\Container\\Util::unwrapIfClosure(Object(Closure))
#7 /Users/simonjustesen/Sites/localhost/phpbraco/vendor/illuminate/container/BoundMethod.php(37): Illuminate\\Container\\BoundMethod::callBoundMethod(Object(Laravel\\Lumen\\Application), Object(Closure), Object(Closure))
#8 /Users/simonjustesen/Sites/localhost/phpbraco/vendor/illuminate/container/Container.php(653): Illuminate\\Container\\BoundMethod::call(Object(Laravel\\Lumen\\Application), Object(Closure), Array, NULL)
#9 /Users/simonjustesen/Sites/localhost/phpbraco/vendor/laravel/lumen-framework/src/Concerns/RoutesRequests.php(302): Illuminate\\Container\\Container->call(Object(Closure), Array)
#10 /Users/simonjustesen/Sites/localhost/phpbraco/vendor/laravel/lumen-framework/src/Concerns/RoutesRequests.php(267): Laravel\\Lumen\\Application->callActionOnArrayBasedRoute(Array)
#11 /Users/simonjustesen/Sites/localhost/phpbraco/vendor/laravel/lumen-framework/src/Concerns/RoutesRequests.php(169): Laravel\\Lumen\\Application->handleFoundRoute(Array)
#12 /Users/simonjustesen/Sites/localhost/phpbraco/vendor/laravel/lumen-framework/src/Concerns/RoutesRequests.php(429): Laravel\\Lumen\\Application->Laravel\\Lumen\\Concerns\\{closure}(Object(Laravel\\Lumen\\Http\\Request))
#13 /Users/simonjustesen/Sites/localhost/phpbraco/vendor/laravel/lumen-framework/src/Concerns/RoutesRequests.php(175): Laravel\\Lumen\\Application->sendThroughPipeline(Array, Object(Closure))
#14 /Users/simonjustesen/Sites/localhost/phpbraco/vendor/laravel/lumen-framework/src/Concerns/RoutesRequests.php(112): Laravel\\Lumen\\Application->dispatch(NULL)
#15 /Users/simonjustesen/Sites/localhost/phpbraco/public/index.php(28): Laravel\\Lumen\\Application->run()
#16 {main}
"} 
