[2022-03-29 06:20:29] local.ERROR: SQLSTATE[HY000] [1049] Unknown database 'phpbraco' (SQL: select * from information_schema.tables where table_schema = phpbraco and table_name = migrations and table_type = 'BASE TABLE') {"exception":"[object] (Illuminate\\Database\\QueryException(code: 1049): SQLSTATE[HY000] [1049] Unknown database 'phpbraco' (SQL: select * from information_schema.tables where table_schema = phpbraco and table_name = migrations and table_type = 'BASE TABLE') at /Users/simonjustesen/Sites/localhost/phpbraco/vendor/illuminate/database/Connection.php:716)
[stacktrace]
#0 /Users/simonjustesen/Sites/localhost/phpbraco/vendor/illuminate/database/Connection.php(676): Illuminate\\Database\\Connection->runQueryCallback('select * from i...', Array, Object(Closure))
#1 /Users/simonjustesen/Sites/localhost/phpbraco/vendor/illuminate/database/Connection.php(376): Illuminate\\Database\\Connection->run('select * from i...', Array, Object(Closure))
#2 /Users/simonjustesen/Sites/localhost/phpbraco/vendor/illuminate/database/Schema/MySqlBuilder.php(44): Illuminate\\Database\\Connection->select('select * from i...', Array)
#3 /Users/simonjustesen/Sites/localhost/phpbraco/vendor/illuminate/database/Migrations/DatabaseMigrationRepository.php(169): Illuminate\\Database\\Schema\\MySqlBuilder->hasTable('migrations')
#4 /Users/simonjustesen/Sites/localhost/phpbraco/vendor/illuminate/database/Migrations/Migrator.php(673): Illuminate\\Database\\Migrations\\DatabaseMigrationRepository->repositoryExists()
#5 /Users/simonjustesen/Sites/localhost/phpbraco/vendor/illuminate/database/Console/Migrations/ResetCommand.php(62): Illuminate\\Database\\Migrations\\Migrator->repositoryExists()
#6 /Users/simonjustesen/Sites/localhost/phpbraco/vendor/illuminate/database/Migrations/Migrator.php(606): Illuminate\\Database\\Console\\Migrations\\ResetCommand->Illuminate\\Database\\Console\\Migrations\\{closure}()
#7 /Users/simonjustesen/Sites/localhost/phpbraco/vendor/illuminate/database/Console/Migrations/ResetCommand.php(69): Illuminate\\Database\\Migrations\\Migrator->usingConnection(NULL, Object(Closure))
#8 /Users/simonjustesen/Sites/localhost/phpbraco/vendor/illuminate/container/BoundMethod.php(36): Illuminate\\Database\\Console\\Migrations\\ResetCommand->handle()
#9 /Users/simonjustesen/Sites/localhost/phpbraco/vendor/illuminate/container/Util.php(41): Illuminate\\Container\\BoundMethod::Illuminate\\Container\\{closure}()
#10 /Users/simonjustesen/Sites/localhost/phpbraco/vendor/illuminate/container/BoundMethod.php(93): Illuminate\\Container\\Util::unwrapIfClosure(Object(Closure))
#11 /Users/simonjustesen/Sites/localhost/phpbraco/vendor/illuminate/container/BoundMethod.php(37): Illuminate\\Container\\BoundMethod::callBoundMethod(Object(Laravel\\Lumen\\Application), Array, Object(Closure))
#12 /Users/simonjustesen/Sites/localhost/phpbraco/vendor/illuminate/container/Container.php(653): Illuminate\\Container\\BoundMethod::call(Object(Laravel\\Lumen\\Application), Array, Array, NULL)
#13 /Users/simonjustesen/Sites/localhost/phpbraco/vendor/illuminate/console/Command.php(136): Illuminate\\Container\\Container->call(Array)
#14 /Users/simonjustesen/Sites/localhost/phpbraco/vendor/symfony/console/Command/Command.php(291): Illuminate\\Console\\Command->execute(Object(Symfony\\Component\\Console\\Input\\ArrayInput), Object(Illuminate\\Console\\OutputStyle))
#15 /Users/simonjustesen/Sites/localhost/phpbraco/vendor/illuminate/console/Command.php(121): Symfony\\Component\\Console\\Command\\Command->run(Object(Symfony\\Component\\Console\\Input\\ArrayInput), Object(Illuminate\\Console\\OutputStyle))
#16 /Users/simonjustesen/Sites/localhost/phpbraco/vendor/illuminate/console/Concerns/CallsCommands.php(68): Illuminate\\Console\\Command->run(Object(Symfony\\Component\\Console\\Input\\ArrayInput), Object(Illuminate\\Console\\OutputStyle))
#17 /Users/simonjustesen/Sites/localhost/phpbraco/vendor/illuminate/console/Concerns/CallsCommands.php(28): Illuminate\\Console\\Command->runCommand('migrate:reset', Array, Object(Illuminate\\Console\\OutputStyle))
#18 /Users/simonjustesen/Sites/localhost/phpbraco/vendor/illuminate/database/Console/Migrations/RefreshCommand.php(110): Illuminate\\Console\\Command->call('migrate:reset', Array)
#19 /Users/simonjustesen/Sites/localhost/phpbraco/vendor/illuminate/database/Console/Migrations/RefreshCommand.php(55): Illuminate\\Database\\Console\\Migrations\\RefreshCommand->runReset(NULL, Array)
#20 /Users/simonjustesen/Sites/localhost/phpbraco/vendor/illuminate/container/BoundMethod.php(36): Illuminate\\Database\\Console\\Migrations\\RefreshCommand->handle()
#21 /Users/simonjustesen/Sites/localhost/phpbraco/vendor/illuminate/container/Util.php(41): Illuminate\\Container\\BoundMethod::Illuminate\\Container\\{closure}()
#22 /Users/simonjustesen/Sites/localhost/phpbraco/vendor/illuminate/container/BoundMethod.php(93): Illuminate\\Container\\Util::unwrapIfClosure(Object(Closure))
#23 /Users/simonjustesen/Sites/localhost/phpbraco/vendor/illuminate/container/BoundMethod.php(37): Illuminate\\Container\\BoundMethod::callBoundMethod(Object(Laravel\\Lumen\\Application), Array, Object(Closure))
#24 /Users/simonjustesen/Sites/localhost/phpbraco/vendor/illuminate/container/Container.php(653): Illuminate\\Container\\BoundMethod::call(Object(Laravel\\Lumen\\Application), Array, Array, NULL)
#25 /Users/simonjustesen/Sites/localhost/phpbraco/vendor/illuminate/console/Command.php(136): Illuminate\\Container\\Container->call(Array)
#26 /Users/simonjustesen/Sites/localhost/phpbraco/vendor/symfony/console/Command/Command.php(291): Illuminate\\Console\\Command->execute(Object(Symfony\\Component\\Console\\Input\\ArgvInput), Object(Illuminate\\Console\\OutputStyle))
#27 /Users/simonjustesen/Sites/localhost/phpbraco/vendor/illuminate/console/Command.php(121): Symfony\\Component\\Console\\Command\\Command->run(Object(Symfony\\Component\\Console\\Input\\ArgvInput), Object(Illuminate\\Console\\OutputStyle))
#28 /Users/simonjustesen/Sites/localhost/phpbraco/vendor/symfony/console/Application.php(989): Illuminate\\Console\\Command->run(Object(Symfony\\Component\\Console\\Input\\ArgvInput), Object(Symfony\\Component\\Console\\Output\\ConsoleOutput))
#29 /Users/simonjustesen/Sites/localhost/phpbraco/vendor/symfony/console/Application.php(299): Symfony\\Component\\Console\\Application->doRunCommand(Object(Illuminate\\Database\\Console\\Migrations\\RefreshCommand), Object(Symfony\\Component\\Console\\Input\\ArgvInput), Object(Symfony\\Component\\Console\\Output\\ConsoleOutput))
#30 /Users/simonjustesen/Sites/localhost/phpbraco/vendor/symfony/console/Application.php(171): Symfony\\Component\\Console\\Application->doRun(Object(Symfony\\Component\\Console\\Input\\ArgvInput), Object(Symfony\\Component\\Console\\Output\\ConsoleOutput))
#31 /Users/simonjustesen/Sites/localhost/phpbraco/vendor/illuminate/console/Application.php(102): Symfony\\Component\\Console\\Application->run(Object(Symfony\\Component\\Console\\Input\\ArgvInput), Object(Symfony\\Component\\Console\\Output\\ConsoleOutput))
#32 /Users/simonjustesen/Sites/localhost/phpbraco/vendor/laravel/lumen-framework/src/Console/Kernel.php(116): Illuminate\\Console\\Application->run(Object(Symfony\\Component\\Console\\Input\\ArgvInput), Object(Symfony\\Component\\Console\\Output\\ConsoleOutput))
#33 /Users/simonjustesen/Sites/localhost/phpbraco/artisan(35): Laravel\\Lumen\\Console\\Kernel->handle(Object(Symfony\\Component\\Console\\Input\\ArgvInput), Object(Symfony\\Component\\Console\\Output\\ConsoleOutput))
#34 {main}

[previous exception] [object] (PDOException(code: 1049): SQLSTATE[HY000] [1049] Unknown database 'phpbraco' at /Users/simonjustesen/Sites/localhost/phpbraco/vendor/illuminate/database/Connectors/Connector.php:70)
[stacktrace]
#0 /Users/simonjustesen/Sites/localhost/phpbraco/vendor/illuminate/database/Connectors/Connector.php(70): PDO->__construct('mysql:host=127....', 'root', 'root', Array)
#1 /Users/simonjustesen/Sites/localhost/phpbraco/vendor/illuminate/database/Connectors/Connector.php(46): Illuminate\\Database\\Connectors\\Connector->createPdoConnection('mysql:host=127....', 'root', 'root', Array)
#2 /Users/simonjustesen/Sites/localhost/phpbraco/vendor/illuminate/database/Connectors/MySqlConnector.php(24): Illuminate\\Database\\Connectors\\Connector->createConnection('mysql:host=127....', Array, Array)
#3 /Users/simonjustesen/Sites/localhost/phpbraco/vendor/illuminate/database/Connectors/ConnectionFactory.php(184): Illuminate\\Database\\Connectors\\MySqlConnector->connect(Array)
#4 [internal function]: Illuminate\\Database\\Connectors\\ConnectionFactory->Illuminate\\Database\\Connectors\\{closure}()
#5 /Users/simonjustesen/Sites/localhost/phpbraco/vendor/illuminate/database/Connection.php(1064): call_user_func(Object(Closure))
#6 /Users/simonjustesen/Sites/localhost/phpbraco/vendor/illuminate/database/Connection.php(1100): Illuminate\\Database\\Connection->getPdo()
#7 /Users/simonjustesen/Sites/localhost/phpbraco/vendor/illuminate/database/Connection.php(442): Illuminate\\Database\\Connection->getReadPdo()
#8 /Users/simonjustesen/Sites/localhost/phpbraco/vendor/illuminate/database/Connection.php(368): Illuminate\\Database\\Connection->getPdoForSelect(true)
#9 /Users/simonjustesen/Sites/localhost/phpbraco/vendor/illuminate/database/Connection.php(709): Illuminate\\Database\\Connection->Illuminate\\Database\\{closure}('select * from i...', Array)
#10 /Users/simonjustesen/Sites/localhost/phpbraco/vendor/illuminate/database/Connection.php(676): Illuminate\\Database\\Connection->runQueryCallback('select * from i...', Array, Object(Closure))
#11 /Users/simonjustesen/Sites/localhost/phpbraco/vendor/illuminate/database/Connection.php(376): Illuminate\\Database\\Connection->run('select * from i...', Array, Object(Closure))
#12 /Users/simonjustesen/Sites/localhost/phpbraco/vendor/illuminate/database/Schema/MySqlBuilder.php(44): Illuminate\\Database\\Connection->select('select * from i...', Array)
#13 /Users/simonjustesen/Sites/localhost/phpbraco/vendor/illuminate/database/Migrations/DatabaseMigrationRepository.php(169): Illuminate\\Database\\Schema\\MySqlBuilder->hasTable('migrations')
#14 /Users/simonjustesen/Sites/localhost/phpbraco/vendor/illuminate/database/Migrations/Migrator.php(673): Illuminate\\Database\\Migrations\\DatabaseMigrationRepository->repositoryExists()
#15 /Users/simonjustesen/Sites/localhost/phpbraco/vendor/illuminate/database/Console/Migrations/ResetCommand.php(62): Illuminate\\Database\\Migrations\\Migrator->repositoryExists()
#16 /Users/simonjustesen/Sites/localhost/phpbraco/vendor/illuminate/database/Migrations/Migrator.php(606): Illuminate\\Database\\Console\\Migrations\\ResetCommand->Illuminate\\Database\\Console\\Migrations\\{closure}()
#17 /Users/simonjustesen/Sites/localhost/phpbraco/vendor/illuminate/database/Console/Migrations/ResetCommand.php(69): Illuminate\\Database\\Migrations\\Migrator->usingConnection(NULL, Object(Closure))
#18 /Users/simonjustesen/Sites/localhost/phpbraco/vendor/illuminate/container/BoundMethod.php(36): Illuminate\\Database\\Console\\Migrations\\ResetCommand->handle()
#19 /Users/simonjustesen/Sites/localhost/phpbraco/vendor/illuminate/container/Util.php(41): Illuminate\\Container\\BoundMethod::Illuminate\\Container\\{closure}()
#20 /Users/simonjustesen/Sites/localhost/phpbraco/vendor/illuminate/container/BoundMethod.php(93): Illuminate\\Container\\Util::unwrapIfClosure(Object(Closure))
#21 /Users/simonjustesen/Sites/localhost/phpbraco/vendor/illuminate/container/BoundMethod.php(37): Illuminate\\Container\\BoundMethod::callBoundMethod(Object(Laravel\\Lumen\\Application), Array, Object(Closure))
#22 /Users/simonjustesen/Sites/localhost/phpbraco/vendor/illuminate/container/Container.php(653): Illuminate\\Container\\BoundMethod::call(Object(Laravel\\Lumen\\Application), Array, Array, NULL)
#23 /Users/simonjustesen/Sites/localhost/phpbraco/vendor/illuminate/console/Command.php(136): Illuminate\\Container\\Container->call(Array)
#24 /Users/simonjustesen/Sites/localhost/phpbraco/vendor/symfony/console/Command/Command.php(291): Illuminate\\Console\\Command->execute(Object(Symfony\\Component\\Console\\Input\\ArrayInput), Object(Illuminate\\Console\\OutputStyle))
#25 /Users/simonjustesen/Sites/localhost/phpbraco/vendor/illuminate/console/Command.php(121): Symfony\\Component\\Console\\Command\\Command->run(Object(Symfony\\Component\\Console\\Input\\ArrayInput), Object(Illuminate\\Console\\OutputStyle))
#26 /Users/simonjustesen/Sites/localhost/phpbraco/vendor/illuminate/console/Concerns/CallsCommands.php(68): Illuminate\\Console\\Command->run(Object(Symfony\\Component\\Console\\Input\\ArrayInput), Object(Illuminate\\Console\\OutputStyle))
#27 /Users/simonjustesen/Sites/localhost/phpbraco/vendor/illuminate/console/Concerns/CallsCommands.php(28): Illuminate\\Console\\Command->runCommand('migrate:reset', Array, Object(Illuminate\\Console\\OutputStyle))
#28 /Users/simonjustesen/Sites/localhost/phpbraco/vendor/illuminate/database/Console/Migrations/RefreshCommand.php(110): Illuminate\\Console\\Command->call('migrate:reset', Array)
#29 /Users/simonjustesen/Sites/localhost/phpbraco/vendor/illuminate/database/Console/Migrations/RefreshCommand.php(55): Illuminate\\Database\\Console\\Migrations\\RefreshCommand->runReset(NULL, Array)
#30 /Users/simonjustesen/Sites/localhost/phpbraco/vendor/illuminate/container/BoundMethod.php(36): Illuminate\\Database\\Console\\Migrations\\RefreshCommand->handle()
#31 /Users/simonjustesen/Sites/localhost/phpbraco/vendor/illuminate/container/Util.php(41): Illuminate\\Container\\BoundMethod::Illuminate\\Container\\{closure}()
#32 /Users/simonjustesen/Sites/localhost/phpbraco/vendor/illuminate/container/BoundMethod.php(93): Illuminate\\Container\\Util::unwrapIfClosure(Object(Closure))
#33 /Users/simonjustesen/Sites/localhost/phpbraco/vendor/illuminate/container/BoundMethod.php(37): Illuminate\\Container\\BoundMethod::callBoundMethod(Object(Laravel\\Lumen\\Application), Array, Object(Closure))
#34 /Users/simonjustesen/Sites/localhost/phpbraco/vendor/illuminate/container/Container.php(653): Illuminate\\Container\\BoundMethod::call(Object(Laravel\\Lumen\\Application), Array, Array, NULL)
#35 /Users/simonjustesen/Sites/localhost/phpbraco/vendor/illuminate/console/Command.php(136): Illuminate\\Container\\Container->call(Array)
#36 /Users/simonjustesen/Sites/localhost/phpbraco/vendor/symfony/console/Command/Command.php(291): Illuminate\\Console\\Command->execute(Object(Symfony\\Component\\Console\\Input\\ArgvInput), Object(Illuminate\\Console\\OutputStyle))
#37 /Users/simonjustesen/Sites/localhost/phpbraco/vendor/illuminate/console/Command.php(121): Symfony\\Component\\Console\\Command\\Command->run(Object(Symfony\\Component\\Console\\Input\\ArgvInput), Object(Illuminate\\Console\\OutputStyle))
#38 /Users/simonjustesen/Sites/localhost/phpbraco/vendor/symfony/console/Application.php(989): Illuminate\\Console\\Command->run(Object(Symfony\\Component\\Console\\Input\\ArgvInput), Object(Symfony\\Component\\Console\\Output\\ConsoleOutput))
#39 /Users/simonjustesen/Sites/localhost/phpbraco/vendor/symfony/console/Application.php(299): Symfony\\Component\\Console\\Application->doRunCommand(Object(Illuminate\\Database\\Console\\Migrations\\RefreshCommand), Object(Symfony\\Component\\Console\\Input\\ArgvInput), Object(Symfony\\Component\\Console\\Output\\ConsoleOutput))
#40 /Users/simonjustesen/Sites/localhost/phpbraco/vendor/symfony/console/Application.php(171): Symfony\\Component\\Console\\Application->doRun(Object(Symfony\\Component\\Console\\Input\\ArgvInput), Object(Symfony\\Component\\Console\\Output\\ConsoleOutput))
#41 /Users/simonjustesen/Sites/localhost/phpbraco/vendor/illuminate/console/Application.php(102): Symfony\\Component\\Console\\Application->run(Object(Symfony\\Component\\Console\\Input\\ArgvInput), Object(Symfony\\Component\\Console\\Output\\ConsoleOutput))
#42 /Users/simonjustesen/Sites/localhost/phpbraco/vendor/laravel/lumen-framework/src/Console/Kernel.php(116): Illuminate\\Console\\Application->run(Object(Symfony\\Component\\Console\\Input\\ArgvInput), Object(Symfony\\Component\\Console\\Output\\ConsoleOutput))
#43 /Users/simonjustesen/Sites/localhost/phpbraco/artisan(35): Laravel\\Lumen\\Console\\Kernel->handle(Object(Symfony\\Component\\Console\\Input\\ArgvInput), Object(Symfony\\Component\\Console\\Output\\ConsoleOutput))
#44 {main}
"} 
[2022-03-29 06:21:56] local.ERROR: SQLSTATE[42000]: Syntax error or access violation: 1067 Invalid default value for 'last_login' (SQL: create table `users` (`id` int unsigned not null auto_increment primary key, `uuid` char(36) not null, `usertype` int not null, `name` varchar(255) not null, `password_hash` varchar(255) not null, `email` varchar(255) not null, `added_at` timestamp not null, `last_login` timestamp not null, `password_attempts` int not null, `ipaddress` varchar(45) not null, `account_locked` tinyint(1) not null) default character set utf8mb4 collate 'utf8mb4_unicode_ci') {"exception":"[object] (Illuminate\\Database\\QueryException(code: 42000): SQLSTATE[42000]: Syntax error or access violation: 1067 Invalid default value for 'last_login' (SQL: create table `users` (`id` int unsigned not null auto_increment primary key, `uuid` char(36) not null, `usertype` int not null, `name` varchar(255) not null, `password_hash` varchar(255) not null, `email` varchar(255) not null, `added_at` timestamp not null, `last_login` timestamp not null, `password_attempts` int not null, `ipaddress` varchar(45) not null, `account_locked` tinyint(1) not null) default character set utf8mb4 collate 'utf8mb4_unicode_ci') at /Users/simonjustesen/Sites/localhost/phpbraco/vendor/illuminate/database/Connection.php:716)
[stacktrace]
#0 /Users/simonjustesen/Sites/localhost/phpbraco/vendor/illuminate/database/Connection.php(676): Illuminate\\Database\\Connection->runQueryCallback('create table `u...', Array, Object(Closure))
#1 /Users/simonjustesen/Sites/localhost/phpbraco/vendor/illuminate/database/Connection.php(502): Illuminate\\Database\\Connection->run('create table `u...', Array, Object(Closure))
#2 /Users/simonjustesen/Sites/localhost/phpbraco/vendor/illuminate/database/Schema/Blueprint.php(109): Illuminate\\Database\\Connection->statement('create table `u...')
#3 /Users/simonjustesen/Sites/localhost/phpbraco/vendor/illuminate/database/Schema/Builder.php(364): Illuminate\\Database\\Schema\\Blueprint->build(Object(Illuminate\\Database\\MySqlConnection), Object(Illuminate\\Database\\Schema\\Grammars\\MySqlGrammar))
#4 /Users/simonjustesen/Sites/localhost/phpbraco/vendor/illuminate/database/Schema/Builder.php(227): Illuminate\\Database\\Schema\\Builder->build(Object(Illuminate\\Database\\Schema\\Blueprint))
#5 /Users/simonjustesen/Sites/localhost/phpbraco/vendor/illuminate/support/Facades/Facade.php(337): Illuminate\\Database\\Schema\\Builder->create('users', Object(Closure))
#6 /Users/simonjustesen/Sites/localhost/phpbraco/database/migrations/2022_03_26_102807_create_user_table.php(28): Illuminate\\Support\\Facades\\Facade::__callStatic('create', Array)
#7 /Users/simonjustesen/Sites/localhost/phpbraco/vendor/illuminate/database/Migrations/Migrator.php(472): Illuminate\\Database\\Migrations\\Migration@anonymous->up()
#8 /Users/simonjustesen/Sites/localhost/phpbraco/vendor/illuminate/database/Migrations/Migrator.php(394): Illuminate\\Database\\Migrations\\Migrator->runMethod(Object(Illuminate\\Database\\MySqlConnection), Object(Illuminate\\Database\\Migrations\\Migration@anonymous), 'up')
#9 /Users/simonjustesen/Sites/localhost/phpbraco/vendor/illuminate/database/Migrations/Migrator.php(403): Illuminate\\Database\\Migrations\\Migrator->Illuminate\\Database\\Migrations\\{closure}()
#10 /Users/simonjustesen/Sites/localhost/phpbraco/vendor/illuminate/database/Migrations/Migrator.php(202): Illuminate\\Database\\Migrations\\Migrator->runMigration(Object(Illuminate\\Database\\Migrations\\Migration@anonymous), 'up')
#11 /Users/simonjustesen/Sites/localhost/phpbraco/vendor/illuminate/database/Migrations/Migrator.php(167): Illuminate\\Database\\Migrations\\Migrator->runUp('/Users/simonjus...', 1, false)
#12 /Users/simonjustesen/Sites/localhost/phpbraco/vendor/illuminate/database/Migrations/Migrator.php(112): Illuminate\\Database\\Migrations\\Migrator->runPending(Array, Array)
#13 /Users/simonjustesen/Sites/localhost/phpbraco/vendor/illuminate/database/Console/Migrations/MigrateCommand.php(85): Illuminate\\Database\\Migrations\\Migrator->run(Array, Array)
#14 /Users/simonjustesen/Sites/localhost/phpbraco/vendor/illuminate/database/Migrations/Migrator.php(606): Illuminate\\Database\\Console\\Migrations\\MigrateCommand->Illuminate\\Database\\Console\\Migrations\\{closure}()
#15 /Users/simonjustesen/Sites/localhost/phpbraco/vendor/illuminate/database/Console/Migrations/MigrateCommand.php(94): Illuminate\\Database\\Migrations\\Migrator->usingConnection(NULL, Object(Closure))
#16 /Users/simonjustesen/Sites/localhost/phpbraco/vendor/illuminate/container/BoundMethod.php(36): Illuminate\\Database\\Console\\Migrations\\MigrateCommand->handle()
#17 /Users/simonjustesen/Sites/localhost/phpbraco/vendor/illuminate/container/Util.php(41): Illuminate\\Container\\BoundMethod::Illuminate\\Container\\{closure}()
#18 /Users/simonjustesen/Sites/localhost/phpbraco/vendor/illuminate/container/BoundMethod.php(93): Illuminate\\Container\\Util::unwrapIfClosure(Object(Closure))
#19 /Users/simonjustesen/Sites/localhost/phpbraco/vendor/illuminate/container/BoundMethod.php(37): Illuminate\\Container\\BoundMethod::callBoundMethod(Object(Laravel\\Lumen\\Application), Array, Object(Closure))
#20 /Users/simonjustesen/Sites/localhost/phpbraco/vendor/illuminate/container/Container.php(653): Illuminate\\Container\\BoundMethod::call(Object(Laravel\\Lumen\\Application), Array, Array, NULL)
#21 /Users/simonjustesen/Sites/localhost/phpbraco/vendor/illuminate/console/Command.php(136): Illuminate\\Container\\Container->call(Array)
#22 /Users/simonjustesen/Sites/localhost/phpbraco/vendor/symfony/console/Command/Command.php(291): Illuminate\\Console\\Command->execute(Object(Symfony\\Component\\Console\\Input\\ArrayInput), Object(Illuminate\\Console\\OutputStyle))
#23 /Users/simonjustesen/Sites/localhost/phpbraco/vendor/illuminate/console/Command.php(121): Symfony\\Component\\Console\\Command\\Command->run(Object(Symfony\\Component\\Console\\Input\\ArrayInput), Object(Illuminate\\Console\\OutputStyle))
#24 /Users/simonjustesen/Sites/localhost/phpbraco/vendor/illuminate/console/Concerns/CallsCommands.php(68): Illuminate\\Console\\Command->run(Object(Symfony\\Component\\Console\\Input\\ArrayInput), Object(Illuminate\\Console\\OutputStyle))
#25 /Users/simonjustesen/Sites/localhost/phpbraco/vendor/illuminate/console/Concerns/CallsCommands.php(28): Illuminate\\Console\\Command->runCommand('migrate', Array, Object(Illuminate\\Console\\OutputStyle))
#26 /Users/simonjustesen/Sites/localhost/phpbraco/vendor/illuminate/database/Console/Migrations/RefreshCommand.php(62): Illuminate\\Console\\Command->call('migrate', Array)
#27 /Users/simonjustesen/Sites/localhost/phpbraco/vendor/illuminate/container/BoundMethod.php(36): Illuminate\\Database\\Console\\Migrations\\RefreshCommand->handle()
#28 /Users/simonjustesen/Sites/localhost/phpbraco/vendor/illuminate/container/Util.php(41): Illuminate\\Container\\BoundMethod::Illuminate\\Container\\{closure}()
#29 /Users/simonjustesen/Sites/localhost/phpbraco/vendor/illuminate/container/BoundMethod.php(93): Illuminate\\Container\\Util::unwrapIfClosure(Object(Closure))
#30 /Users/simonjustesen/Sites/localhost/phpbraco/vendor/illuminate/container/BoundMethod.php(37): Illuminate\\Container\\BoundMethod::callBoundMethod(Object(Laravel\\Lumen\\Application), Array, Object(Closure))
#31 /Users/simonjustesen/Sites/localhost/phpbraco/vendor/illuminate/container/Container.php(653): Illuminate\\Container\\BoundMethod::call(Object(Laravel\\Lumen\\Application), Array, Array, NULL)
#32 /Users/simonjustesen/Sites/localhost/phpbraco/vendor/illuminate/console/Command.php(136): Illuminate\\Container\\Container->call(Array)
#33 /Users/simonjustesen/Sites/localhost/phpbraco/vendor/symfony/console/Command/Command.php(291): Illuminate\\Console\\Command->execute(Object(Symfony\\Component\\Console\\Input\\ArgvInput), Object(Illuminate\\Console\\OutputStyle))
#34 /Users/simonjustesen/Sites/localhost/phpbraco/vendor/illuminate/console/Command.php(121): Symfony\\Component\\Console\\Command\\Command->run(Object(Symfony\\Component\\Console\\Input\\ArgvInput), Object(Illuminate\\Console\\OutputStyle))
#35 /Users/simonjustesen/Sites/localhost/phpbraco/vendor/symfony/console/Application.php(989): Illuminate\\Console\\Command->run(Object(Symfony\\Component\\Console\\Input\\ArgvInput), Object(Symfony\\Component\\Console\\Output\\ConsoleOutput))
#36 /Users/simonjustesen/Sites/localhost/phpbraco/vendor/symfony/console/Application.php(299): Symfony\\Component\\Console\\Application->doRunCommand(Object(Illuminate\\Database\\Console\\Migrations\\RefreshCommand), Object(Symfony\\Component\\Console\\Input\\ArgvInput), Object(Symfony\\Component\\Console\\Output\\ConsoleOutput))
#37 /Users/simonjustesen/Sites/localhost/phpbraco/vendor/symfony/console/Application.php(171): Symfony\\Component\\Console\\Application->doRun(Object(Symfony\\Component\\Console\\Input\\ArgvInput), Object(Symfony\\Component\\Console\\Output\\ConsoleOutput))
#38 /Users/simonjustesen/Sites/localhost/phpbraco/vendor/illuminate/console/Application.php(102): Symfony\\Component\\Console\\Application->run(Object(Symfony\\Component\\Console\\Input\\ArgvInput), Object(Symfony\\Component\\Console\\Output\\ConsoleOutput))
#39 /Users/simonjustesen/Sites/localhost/phpbraco/vendor/laravel/lumen-framework/src/Console/Kernel.php(116): Illuminate\\Console\\Application->run(Object(Symfony\\Component\\Console\\Input\\ArgvInput), Object(Symfony\\Component\\Console\\Output\\ConsoleOutput))
#40 /Users/simonjustesen/Sites/localhost/phpbraco/artisan(35): Laravel\\Lumen\\Console\\Kernel->handle(Object(Symfony\\Component\\Console\\Input\\ArgvInput), Object(Symfony\\Component\\Console\\Output\\ConsoleOutput))
#41 {main}

[previous exception] [object] (PDOException(code: 42000): SQLSTATE[42000]: Syntax error or access violation: 1067 Invalid default value for 'last_login' at /Users/simonjustesen/Sites/localhost/phpbraco/vendor/illuminate/database/Connection.php:501)
[stacktrace]
#0 /Users/simonjustesen/Sites/localhost/phpbraco/vendor/illuminate/database/Connection.php(501): PDOStatement->execute()
#1 /Users/simonjustesen/Sites/localhost/phpbraco/vendor/illuminate/database/Connection.php(709): Illuminate\\Database\\Connection->Illuminate\\Database\\{closure}('create table `u...', Array)
#2 /Users/simonjustesen/Sites/localhost/phpbraco/vendor/illuminate/database/Connection.php(676): Illuminate\\Database\\Connection->runQueryCallback('create table `u...', Array, Object(Closure))
#3 /Users/simonjustesen/Sites/localhost/phpbraco/vendor/illuminate/database/Connection.php(502): Illuminate\\Database\\Connection->run('create table `u...', Array, Object(Closure))
#4 /Users/simonjustesen/Sites/localhost/phpbraco/vendor/illuminate/database/Schema/Blueprint.php(109): Illuminate\\Database\\Connection->statement('create table `u...')
#5 /Users/simonjustesen/Sites/localhost/phpbraco/vendor/illuminate/database/Schema/Builder.php(364): Illuminate\\Database\\Schema\\Blueprint->build(Object(Illuminate\\Database\\MySqlConnection), Object(Illuminate\\Database\\Schema\\Grammars\\MySqlGrammar))
#6 /Users/simonjustesen/Sites/localhost/phpbraco/vendor/illuminate/database/Schema/Builder.php(227): Illuminate\\Database\\Schema\\Builder->build(Object(Illuminate\\Database\\Schema\\Blueprint))
#7 /Users/simonjustesen/Sites/localhost/phpbraco/vendor/illuminate/support/Facades/Facade.php(337): Illuminate\\Database\\Schema\\Builder->create('users', Object(Closure))
#8 /Users/simonjustesen/Sites/localhost/phpbraco/database/migrations/2022_03_26_102807_create_user_table.php(28): Illuminate\\Support\\Facades\\Facade::__callStatic('create', Array)
#9 /Users/simonjustesen/Sites/localhost/phpbraco/vendor/illuminate/database/Migrations/Migrator.php(472): Illuminate\\Database\\Migrations\\Migration@anonymous->up()
#10 /Users/simonjustesen/Sites/localhost/phpbraco/vendor/illuminate/database/Migrations/Migrator.php(394): Illuminate\\Database\\Migrations\\Migrator->runMethod(Object(Illuminate\\Database\\MySqlConnection), Object(Illuminate\\Database\\Migrations\\Migration@anonymous), 'up')
#11 /Users/simonjustesen/Sites/localhost/phpbraco/vendor/illuminate/database/Migrations/Migrator.php(403): Illuminate\\Database\\Migrations\\Migrator->Illuminate\\Database\\Migrations\\{closure}()
#12 /Users/simonjustesen/Sites/localhost/phpbraco/vendor/illuminate/database/Migrations/Migrator.php(202): Illuminate\\Database\\Migrations\\Migrator->runMigration(Object(Illuminate\\Database\\Migrations\\Migration@anonymous), 'up')
#13 /Users/simonjustesen/Sites/localhost/phpbraco/vendor/illuminate/database/Migrations/Migrator.php(167): Illuminate\\Database\\Migrations\\Migrator->runUp('/Users/simonjus...', 1, false)
#14 /Users/simonjustesen/Sites/localhost/phpbraco/vendor/illuminate/database/Migrations/Migrator.php(112): Illuminate\\Database\\Migrations\\Migrator->runPending(Array, Array)
#15 /Users/simonjustesen/Sites/localhost/phpbraco/vendor/illuminate/database/Console/Migrations/MigrateCommand.php(85): Illuminate\\Database\\Migrations\\Migrator->run(Array, Array)
#16 /Users/simonjustesen/Sites/localhost/phpbraco/vendor/illuminate/database/Migrations/Migrator.php(606): Illuminate\\Database\\Console\\Migrations\\MigrateCommand->Illuminate\\Database\\Console\\Migrations\\{closure}()
#17 /Users/simonjustesen/Sites/localhost/phpbraco/vendor/illuminate/database/Console/Migrations/MigrateCommand.php(94): Illuminate\\Database\\Migrations\\Migrator->usingConnection(NULL, Object(Closure))
#18 /Users/simonjustesen/Sites/localhost/phpbraco/vendor/illuminate/container/BoundMethod.php(36): Illuminate\\Database\\Console\\Migrations\\MigrateCommand->handle()
#19 /Users/simonjustesen/Sites/localhost/phpbraco/vendor/illuminate/container/Util.php(41): Illuminate\\Container\\BoundMethod::Illuminate\\Container\\{closure}()
#20 /Users/simonjustesen/Sites/localhost/phpbraco/vendor/illuminate/container/BoundMethod.php(93): Illuminate\\Container\\Util::unwrapIfClosure(Object(Closure))
#21 /Users/simonjustesen/Sites/localhost/phpbraco/vendor/illuminate/container/BoundMethod.php(37): Illuminate\\Container\\BoundMethod::callBoundMethod(Object(Laravel\\Lumen\\Application), Array, Object(Closure))
#22 /Users/simonjustesen/Sites/localhost/phpbraco/vendor/illuminate/container/Container.php(653): Illuminate\\Container\\BoundMethod::call(Object(Laravel\\Lumen\\Application), Array, Array, NULL)
#23 /Users/simonjustesen/Sites/localhost/phpbraco/vendor/illuminate/console/Command.php(136): Illuminate\\Container\\Container->call(Array)
#24 /Users/simonjustesen/Sites/localhost/phpbraco/vendor/symfony/console/Command/Command.php(291): Illuminate\\Console\\Command->execute(Object(Symfony\\Component\\Console\\Input\\ArrayInput), Object(Illuminate\\Console\\OutputStyle))
#25 /Users/simonjustesen/Sites/localhost/phpbraco/vendor/illuminate/console/Command.php(121): Symfony\\Component\\Console\\Command\\Command->run(Object(Symfony\\Component\\Console\\Input\\ArrayInput), Object(Illuminate\\Console\\OutputStyle))
#26 /Users/simonjustesen/Sites/localhost/phpbraco/vendor/illuminate/console/Concerns/CallsCommands.php(68): Illuminate\\Console\\Command->run(Object(Symfony\\Component\\Console\\Input\\ArrayInput), Object(Illuminate\\Console\\OutputStyle))
#27 /Users/simonjustesen/Sites/localhost/phpbraco/vendor/illuminate/console/Concerns/CallsCommands.php(28): Illuminate\\Console\\Command->runCommand('migrate', Array, Object(Illuminate\\Console\\OutputStyle))
#28 /Users/simonjustesen/Sites/localhost/phpbraco/vendor/illuminate/database/Console/Migrations/RefreshCommand.php(62): Illuminate\\Console\\Command->call('migrate', Array)
#29 /Users/simonjustesen/Sites/localhost/phpbraco/vendor/illuminate/container/BoundMethod.php(36): Illuminate\\Database\\Console\\Migrations\\RefreshCommand->handle()
#30 /Users/simonjustesen/Sites/localhost/phpbraco/vendor/illuminate/container/Util.php(41): Illuminate\\Container\\BoundMethod::Illuminate\\Container\\{closure}()
#31 /Users/simonjustesen/Sites/localhost/phpbraco/vendor/illuminate/container/BoundMethod.php(93): Illuminate\\Container\\Util::unwrapIfClosure(Object(Closure))
#32 /Users/simonjustesen/Sites/localhost/phpbraco/vendor/illuminate/container/BoundMethod.php(37): Illuminate\\Container\\BoundMethod::callBoundMethod(Object(Laravel\\Lumen\\Application), Array, Object(Closure))
#33 /Users/simonjustesen/Sites/localhost/phpbraco/vendor/illuminate/container/Container.php(653): Illuminate\\Container\\BoundMethod::call(Object(Laravel\\Lumen\\Application), Array, Array, NULL)
#34 /Users/simonjustesen/Sites/localhost/phpbraco/vendor/illuminate/console/Command.php(136): Illuminate\\Container\\Container->call(Array)
#35 /Users/simonjustesen/Sites/localhost/phpbraco/vendor/symfony/console/Command/Command.php(291): Illuminate\\Console\\Command->execute(Object(Symfony\\Component\\Console\\Input\\ArgvInput), Object(Illuminate\\Console\\OutputStyle))
#36 /Users/simonjustesen/Sites/localhost/phpbraco/vendor/illuminate/console/Command.php(121): Symfony\\Component\\Console\\Command\\Command->run(Object(Symfony\\Component\\Console\\Input\\ArgvInput), Object(Illuminate\\Console\\OutputStyle))
#37 /Users/simonjustesen/Sites/localhost/phpbraco/vendor/symfony/console/Application.php(989): Illuminate\\Console\\Command->run(Object(Symfony\\Component\\Console\\Input\\ArgvInput), Object(Symfony\\Component\\Console\\Output\\ConsoleOutput))
#38 /Users/simonjustesen/Sites/localhost/phpbraco/vendor/symfony/console/Application.php(299): Symfony\\Component\\Console\\Application->doRunCommand(Object(Illuminate\\Database\\Console\\Migrations\\RefreshCommand), Object(Symfony\\Component\\Console\\Input\\ArgvInput), Object(Symfony\\Component\\Console\\Output\\ConsoleOutput))
#39 /Users/simonjustesen/Sites/localhost/phpbraco/vendor/symfony/console/Application.php(171): Symfony\\Component\\Console\\Application->doRun(Object(Symfony\\Component\\Console\\Input\\ArgvInput), Object(Symfony\\Component\\Console\\Output\\ConsoleOutput))
#40 /Users/simonjustesen/Sites/localhost/phpbraco/vendor/illuminate/console/Application.php(102): Symfony\\Component\\Console\\Application->run(Object(Symfony\\Component\\Console\\Input\\ArgvInput), Object(Symfony\\Component\\Console\\Output\\ConsoleOutput))
#41 /Users/simonjustesen/Sites/localhost/phpbraco/vendor/laravel/lumen-framework/src/Console/Kernel.php(116): Illuminate\\Console\\Application->run(Object(Symfony\\Component\\Console\\Input\\ArgvInput), Object(Symfony\\Component\\Console\\Output\\ConsoleOutput))
#42 /Users/simonjustesen/Sites/localhost/phpbraco/artisan(35): Laravel\\Lumen\\Console\\Kernel->handle(Object(Symfony\\Component\\Console\\Input\\ArgvInput), Object(Symfony\\Component\\Console\\Output\\ConsoleOutput))
#43 {main}
"} 
[2022-03-29 06:23:20] local.ERROR: time() expects exactly 0 arguments, 1 given {"exception":"[object] (ArgumentCountError(code: 0): time() expects exactly 0 arguments, 1 given at /Users/simonjustesen/Sites/localhost/phpbraco/database/migrations/2022_03_26_102807_create_user_table.php:24)
[stacktrace]
#0 /Users/simonjustesen/Sites/localhost/phpbraco/database/migrations/2022_03_26_102807_create_user_table.php(24): time('last_login')
#1 /Users/simonjustesen/Sites/localhost/phpbraco/vendor/illuminate/database/Schema/Builder.php(226): Illuminate\\Database\\Migrations\\Migration@anonymous->{closure}(Object(Illuminate\\Database\\Schema\\Blueprint))
#2 /Users/simonjustesen/Sites/localhost/phpbraco/vendor/illuminate/support/helpers.php(302): Illuminate\\Database\\Schema\\Builder->Illuminate\\Database\\Schema\\{closure}(Object(Illuminate\\Database\\Schema\\Blueprint))
#3 /Users/simonjustesen/Sites/localhost/phpbraco/vendor/illuminate/database/Schema/Builder.php(227): tap(Object(Illuminate\\Database\\Schema\\Blueprint), Object(Closure))
#4 /Users/simonjustesen/Sites/localhost/phpbraco/vendor/illuminate/support/Facades/Facade.php(337): Illuminate\\Database\\Schema\\Builder->create('users', Object(Closure))
#5 /Users/simonjustesen/Sites/localhost/phpbraco/database/migrations/2022_03_26_102807_create_user_table.php(28): Illuminate\\Support\\Facades\\Facade::__callStatic('create', Array)
#6 /Users/simonjustesen/Sites/localhost/phpbraco/vendor/illuminate/database/Migrations/Migrator.php(472): Illuminate\\Database\\Migrations\\Migration@anonymous->up()
#7 /Users/simonjustesen/Sites/localhost/phpbraco/vendor/illuminate/database/Migrations/Migrator.php(394): Illuminate\\Database\\Migrations\\Migrator->runMethod(Object(Illuminate\\Database\\MySqlConnection), Object(Illuminate\\Database\\Migrations\\Migration@anonymous), 'up')
#8 /Users/simonjustesen/Sites/localhost/phpbraco/vendor/illuminate/database/Migrations/Migrator.php(403): Illuminate\\Database\\Migrations\\Migrator->Illuminate\\Database\\Migrations\\{closure}()
#9 /Users/simonjustesen/Sites/localhost/phpbraco/vendor/illuminate/database/Migrations/Migrator.php(202): Illuminate\\Database\\Migrations\\Migrator->runMigration(Object(Illuminate\\Database\\Migrations\\Migration@anonymous), 'up')
#10 /Users/simonjustesen/Sites/localhost/phpbraco/vendor/illuminate/database/Migrations/Migrator.php(167): Illuminate\\Database\\Migrations\\Migrator->runUp('/Users/simonjus...', 1, false)
#11 /Users/simonjustesen/Sites/localhost/phpbraco/vendor/illuminate/database/Migrations/Migrator.php(112): Illuminate\\Database\\Migrations\\Migrator->runPending(Array, Array)
#12 /Users/simonjustesen/Sites/localhost/phpbraco/vendor/illuminate/database/Console/Migrations/MigrateCommand.php(85): Illuminate\\Database\\Migrations\\Migrator->run(Array, Array)
#13 /Users/simonjustesen/Sites/localhost/phpbraco/vendor/illuminate/database/Migrations/Migrator.php(606): Illuminate\\Database\\Console\\Migrations\\MigrateCommand->Illuminate\\Database\\Console\\Migrations\\{closure}()
#14 /Users/simonjustesen/Sites/localhost/phpbraco/vendor/illuminate/database/Console/Migrations/MigrateCommand.php(94): Illuminate\\Database\\Migrations\\Migrator->usingConnection(NULL, Object(Closure))
#15 /Users/simonjustesen/Sites/localhost/phpbraco/vendor/illuminate/container/BoundMethod.php(36): Illuminate\\Database\\Console\\Migrations\\MigrateCommand->handle()
#16 /Users/simonjustesen/Sites/localhost/phpbraco/vendor/illuminate/container/Util.php(41): Illuminate\\Container\\BoundMethod::Illuminate\\Container\\{closure}()
#17 /Users/simonjustesen/Sites/localhost/phpbraco/vendor/illuminate/container/BoundMethod.php(93): Illuminate\\Container\\Util::unwrapIfClosure(Object(Closure))
#18 /Users/simonjustesen/Sites/localhost/phpbraco/vendor/illuminate/container/BoundMethod.php(37): Illuminate\\Container\\BoundMethod::callBoundMethod(Object(Laravel\\Lumen\\Application), Array, Object(Closure))
#19 /Users/simonjustesen/Sites/localhost/phpbraco/vendor/illuminate/container/Container.php(653): Illuminate\\Container\\BoundMethod::call(Object(Laravel\\Lumen\\Application), Array, Array, NULL)
#20 /Users/simonjustesen/Sites/localhost/phpbraco/vendor/illuminate/console/Command.php(136): Illuminate\\Container\\Container->call(Array)
#21 /Users/simonjustesen/Sites/localhost/phpbraco/vendor/symfony/console/Command/Command.php(291): Illuminate\\Console\\Command->execute(Object(Symfony\\Component\\Console\\Input\\ArrayInput), Object(Illuminate\\Console\\OutputStyle))
#22 /Users/simonjustesen/Sites/localhost/phpbraco/vendor/illuminate/console/Command.php(121): Symfony\\Component\\Console\\Command\\Command->run(Object(Symfony\\Component\\Console\\Input\\ArrayInput), Object(Illuminate\\Console\\OutputStyle))
#23 /Users/simonjustesen/Sites/localhost/phpbraco/vendor/illuminate/console/Concerns/CallsCommands.php(68): Illuminate\\Console\\Command->run(Object(Symfony\\Component\\Console\\Input\\ArrayInput), Object(Illuminate\\Console\\OutputStyle))
#24 /Users/simonjustesen/Sites/localhost/phpbraco/vendor/illuminate/console/Concerns/CallsCommands.php(28): Illuminate\\Console\\Command->runCommand('migrate', Array, Object(Illuminate\\Console\\OutputStyle))
#25 /Users/simonjustesen/Sites/localhost/phpbraco/vendor/illuminate/database/Console/Migrations/RefreshCommand.php(62): Illuminate\\Console\\Command->call('migrate', Array)
#26 /Users/simonjustesen/Sites/localhost/phpbraco/vendor/illuminate/container/BoundMethod.php(36): Illuminate\\Database\\Console\\Migrations\\RefreshCommand->handle()
#27 /Users/simonjustesen/Sites/localhost/phpbraco/vendor/illuminate/container/Util.php(41): Illuminate\\Container\\BoundMethod::Illuminate\\Container\\{closure}()
#28 /Users/simonjustesen/Sites/localhost/phpbraco/vendor/illuminate/container/BoundMethod.php(93): Illuminate\\Container\\Util::unwrapIfClosure(Object(Closure))
#29 /Users/simonjustesen/Sites/localhost/phpbraco/vendor/illuminate/container/BoundMethod.php(37): Illuminate\\Container\\BoundMethod::callBoundMethod(Object(Laravel\\Lumen\\Application), Array, Object(Closure))
#30 /Users/simonjustesen/Sites/localhost/phpbraco/vendor/illuminate/container/Container.php(653): Illuminate\\Container\\BoundMethod::call(Object(Laravel\\Lumen\\Application), Array, Array, NULL)
#31 /Users/simonjustesen/Sites/localhost/phpbraco/vendor/illuminate/console/Command.php(136): Illuminate\\Container\\Container->call(Array)
#32 /Users/simonjustesen/Sites/localhost/phpbraco/vendor/symfony/console/Command/Command.php(291): Illuminate\\Console\\Command->execute(Object(Symfony\\Component\\Console\\Input\\ArgvInput), Object(Illuminate\\Console\\OutputStyle))
#33 /Users/simonjustesen/Sites/localhost/phpbraco/vendor/illuminate/console/Command.php(121): Symfony\\Component\\Console\\Command\\Command->run(Object(Symfony\\Component\\Console\\Input\\ArgvInput), Object(Illuminate\\Console\\OutputStyle))
#34 /Users/simonjustesen/Sites/localhost/phpbraco/vendor/symfony/console/Application.php(989): Illuminate\\Console\\Command->run(Object(Symfony\\Component\\Console\\Input\\ArgvInput), Object(Symfony\\Component\\Console\\Output\\ConsoleOutput))
#35 /Users/simonjustesen/Sites/localhost/phpbraco/vendor/symfony/console/Application.php(299): Symfony\\Component\\Console\\Application->doRunCommand(Object(Illuminate\\Database\\Console\\Migrations\\RefreshCommand), Object(Symfony\\Component\\Console\\Input\\ArgvInput), Object(Symfony\\Component\\Console\\Output\\ConsoleOutput))
#36 /Users/simonjustesen/Sites/localhost/phpbraco/vendor/symfony/console/Application.php(171): Symfony\\Component\\Console\\Application->doRun(Object(Symfony\\Component\\Console\\Input\\ArgvInput), Object(Symfony\\Component\\Console\\Output\\ConsoleOutput))
#37 /Users/simonjustesen/Sites/localhost/phpbraco/vendor/illuminate/console/Application.php(102): Symfony\\Component\\Console\\Application->run(Object(Symfony\\Component\\Console\\Input\\ArgvInput), Object(Symfony\\Component\\Console\\Output\\ConsoleOutput))
#38 /Users/simonjustesen/Sites/localhost/phpbraco/vendor/laravel/lumen-framework/src/Console/Kernel.php(116): Illuminate\\Console\\Application->run(Object(Symfony\\Component\\Console\\Input\\ArgvInput), Object(Symfony\\Component\\Console\\Output\\ConsoleOutput))
#39 /Users/simonjustesen/Sites/localhost/phpbraco/artisan(35): Laravel\\Lumen\\Console\\Kernel->handle(Object(Symfony\\Component\\Console\\Input\\ArgvInput), Object(Symfony\\Component\\Console\\Output\\ConsoleOutput))
#40 {main}
"} 
[2022-03-29 06:24:38] local.ERROR: Call to undefined function dateTime() {"exception":"[object] (Error(code: 0): Call to undefined function dateTime() at /Users/simonjustesen/Sites/localhost/phpbraco/database/migrations/2022_03_26_102807_create_user_table.php:24)
[stacktrace]
#0 /Users/simonjustesen/Sites/localhost/phpbraco/vendor/illuminate/database/Schema/Builder.php(226): Illuminate\\Database\\Migrations\\Migration@anonymous->{closure}(Object(Illuminate\\Database\\Schema\\Blueprint))
#1 /Users/simonjustesen/Sites/localhost/phpbraco/vendor/illuminate/support/helpers.php(302): Illuminate\\Database\\Schema\\Builder->Illuminate\\Database\\Schema\\{closure}(Object(Illuminate\\Database\\Schema\\Blueprint))
#2 /Users/simonjustesen/Sites/localhost/phpbraco/vendor/illuminate/database/Schema/Builder.php(227): tap(Object(Illuminate\\Database\\Schema\\Blueprint), Object(Closure))
#3 /Users/simonjustesen/Sites/localhost/phpbraco/vendor/illuminate/support/Facades/Facade.php(337): Illuminate\\Database\\Schema\\Builder->create('users', Object(Closure))
#4 /Users/simonjustesen/Sites/localhost/phpbraco/database/migrations/2022_03_26_102807_create_user_table.php(28): Illuminate\\Support\\Facades\\Facade::__callStatic('create', Array)
#5 /Users/simonjustesen/Sites/localhost/phpbraco/vendor/illuminate/database/Migrations/Migrator.php(472): Illuminate\\Database\\Migrations\\Migration@anonymous->up()
#6 /Users/simonjustesen/Sites/localhost/phpbraco/vendor/illuminate/database/Migrations/Migrator.php(394): Illuminate\\Database\\Migrations\\Migrator->runMethod(Object(Illuminate\\Database\\MySqlConnection), Object(Illuminate\\Database\\Migrations\\Migration@anonymous), 'up')
#7 /Users/simonjustesen/Sites/localhost/phpbraco/vendor/illuminate/database/Migrations/Migrator.php(403): Illuminate\\Database\\Migrations\\Migrator->Illuminate\\Database\\Migrations\\{closure}()
#8 /Users/simonjustesen/Sites/localhost/phpbraco/vendor/illuminate/database/Migrations/Migrator.php(202): Illuminate\\Database\\Migrations\\Migrator->runMigration(Object(Illuminate\\Database\\Migrations\\Migration@anonymous), 'up')
#9 /Users/simonjustesen/Sites/localhost/phpbraco/vendor/illuminate/database/Migrations/Migrator.php(167): Illuminate\\Database\\Migrations\\Migrator->runUp('/Users/simonjus...', 1, false)
#10 /Users/simonjustesen/Sites/localhost/phpbraco/vendor/illuminate/database/Migrations/Migrator.php(112): Illuminate\\Database\\Migrations\\Migrator->runPending(Array, Array)
#11 /Users/simonjustesen/Sites/localhost/phpbraco/vendor/illuminate/database/Console/Migrations/MigrateCommand.php(85): Illuminate\\Database\\Migrations\\Migrator->run(Array, Array)
#12 /Users/simonjustesen/Sites/localhost/phpbraco/vendor/illuminate/database/Migrations/Migrator.php(606): Illuminate\\Database\\Console\\Migrations\\MigrateCommand->Illuminate\\Database\\Console\\Migrations\\{closure}()
#13 /Users/simonjustesen/Sites/localhost/phpbraco/vendor/illuminate/database/Console/Migrations/MigrateCommand.php(94): Illuminate\\Database\\Migrations\\Migrator->usingConnection(NULL, Object(Closure))
#14 /Users/simonjustesen/Sites/localhost/phpbraco/vendor/illuminate/container/BoundMethod.php(36): Illuminate\\Database\\Console\\Migrations\\MigrateCommand->handle()
#15 /Users/simonjustesen/Sites/localhost/phpbraco/vendor/illuminate/container/Util.php(41): Illuminate\\Container\\BoundMethod::Illuminate\\Container\\{closure}()
#16 /Users/simonjustesen/Sites/localhost/phpbraco/vendor/illuminate/container/BoundMethod.php(93): Illuminate\\Container\\Util::unwrapIfClosure(Object(Closure))
#17 /Users/simonjustesen/Sites/localhost/phpbraco/vendor/illuminate/container/BoundMethod.php(37): Illuminate\\Container\\BoundMethod::callBoundMethod(Object(Laravel\\Lumen\\Application), Array, Object(Closure))
#18 /Users/simonjustesen/Sites/localhost/phpbraco/vendor/illuminate/container/Container.php(653): Illuminate\\Container\\BoundMethod::call(Object(Laravel\\Lumen\\Application), Array, Array, NULL)
#19 /Users/simonjustesen/Sites/localhost/phpbraco/vendor/illuminate/console/Command.php(136): Illuminate\\Container\\Container->call(Array)
#20 /Users/simonjustesen/Sites/localhost/phpbraco/vendor/symfony/console/Command/Command.php(291): Illuminate\\Console\\Command->execute(Object(Symfony\\Component\\Console\\Input\\ArrayInput), Object(Illuminate\\Console\\OutputStyle))
#21 /Users/simonjustesen/Sites/localhost/phpbraco/vendor/illuminate/console/Command.php(121): Symfony\\Component\\Console\\Command\\Command->run(Object(Symfony\\Component\\Console\\Input\\ArrayInput), Object(Illuminate\\Console\\OutputStyle))
#22 /Users/simonjustesen/Sites/localhost/phpbraco/vendor/illuminate/console/Concerns/CallsCommands.php(68): Illuminate\\Console\\Command->run(Object(Symfony\\Component\\Console\\Input\\ArrayInput), Object(Illuminate\\Console\\OutputStyle))
#23 /Users/simonjustesen/Sites/localhost/phpbraco/vendor/illuminate/console/Concerns/CallsCommands.php(28): Illuminate\\Console\\Command->runCommand('migrate', Array, Object(Illuminate\\Console\\OutputStyle))
#24 /Users/simonjustesen/Sites/localhost/phpbraco/vendor/illuminate/database/Console/Migrations/RefreshCommand.php(62): Illuminate\\Console\\Command->call('migrate', Array)
#25 /Users/simonjustesen/Sites/localhost/phpbraco/vendor/illuminate/container/BoundMethod.php(36): Illuminate\\Database\\Console\\Migrations\\RefreshCommand->handle()
#26 /Users/simonjustesen/Sites/localhost/phpbraco/vendor/illuminate/container/Util.php(41): Illuminate\\Container\\BoundMethod::Illuminate\\Container\\{closure}()
#27 /Users/simonjustesen/Sites/localhost/phpbraco/vendor/illuminate/container/BoundMethod.php(93): Illuminate\\Container\\Util::unwrapIfClosure(Object(Closure))
#28 /Users/simonjustesen/Sites/localhost/phpbraco/vendor/illuminate/container/BoundMethod.php(37): Illuminate\\Container\\BoundMethod::callBoundMethod(Object(Laravel\\Lumen\\Application), Array, Object(Closure))
#29 /Users/simonjustesen/Sites/localhost/phpbraco/vendor/illuminate/container/Container.php(653): Illuminate\\Container\\BoundMethod::call(Object(Laravel\\Lumen\\Application), Array, Array, NULL)
#30 /Users/simonjustesen/Sites/localhost/phpbraco/vendor/illuminate/console/Command.php(136): Illuminate\\Container\\Container->call(Array)
#31 /Users/simonjustesen/Sites/localhost/phpbraco/vendor/symfony/console/Command/Command.php(291): Illuminate\\Console\\Command->execute(Object(Symfony\\Component\\Console\\Input\\ArgvInput), Object(Illuminate\\Console\\OutputStyle))
#32 /Users/simonjustesen/Sites/localhost/phpbraco/vendor/illuminate/console/Command.php(121): Symfony\\Component\\Console\\Command\\Command->run(Object(Symfony\\Component\\Console\\Input\\ArgvInput), Object(Illuminate\\Console\\OutputStyle))
#33 /Users/simonjustesen/Sites/localhost/phpbraco/vendor/symfony/console/Application.php(989): Illuminate\\Console\\Command->run(Object(Symfony\\Component\\Console\\Input\\ArgvInput), Object(Symfony\\Component\\Console\\Output\\ConsoleOutput))
#34 /Users/simonjustesen/Sites/localhost/phpbraco/vendor/symfony/console/Application.php(299): Symfony\\Component\\Console\\Application->doRunCommand(Object(Illuminate\\Database\\Console\\Migrations\\RefreshCommand), Object(Symfony\\Component\\Console\\Input\\ArgvInput), Object(Symfony\\Component\\Console\\Output\\ConsoleOutput))
#35 /Users/simonjustesen/Sites/localhost/phpbraco/vendor/symfony/console/Application.php(171): Symfony\\Component\\Console\\Application->doRun(Object(Symfony\\Component\\Console\\Input\\ArgvInput), Object(Symfony\\Component\\Console\\Output\\ConsoleOutput))
#36 /Users/simonjustesen/Sites/localhost/phpbraco/vendor/illuminate/console/Application.php(102): Symfony\\Component\\Console\\Application->run(Object(Symfony\\Component\\Console\\Input\\ArgvInput), Object(Symfony\\Component\\Console\\Output\\ConsoleOutput))
#37 /Users/simonjustesen/Sites/localhost/phpbraco/vendor/laravel/lumen-framework/src/Console/Kernel.php(116): Illuminate\\Console\\Application->run(Object(Symfony\\Component\\Console\\Input\\ArgvInput), Object(Symfony\\Component\\Console\\Output\\ConsoleOutput))
#38 /Users/simonjustesen/Sites/localhost/phpbraco/artisan(35): Laravel\\Lumen\\Console\\Kernel->handle(Object(Symfony\\Component\\Console\\Input\\ArgvInput), Object(Symfony\\Component\\Console\\Output\\ConsoleOutput))
#39 {main}
"} 
[2022-03-29 06:25:06] local.ERROR: Call to undefined function datetime() {"exception":"[object] (Error(code: 0): Call to undefined function datetime() at /Users/simonjustesen/Sites/localhost/phpbraco/database/migrations/2022_03_26_102807_create_user_table.php:24)
[stacktrace]
#0 /Users/simonjustesen/Sites/localhost/phpbraco/vendor/illuminate/database/Schema/Builder.php(226): Illuminate\\Database\\Migrations\\Migration@anonymous->{closure}(Object(Illuminate\\Database\\Schema\\Blueprint))
#1 /Users/simonjustesen/Sites/localhost/phpbraco/vendor/illuminate/support/helpers.php(302): Illuminate\\Database\\Schema\\Builder->Illuminate\\Database\\Schema\\{closure}(Object(Illuminate\\Database\\Schema\\Blueprint))
#2 /Users/simonjustesen/Sites/localhost/phpbraco/vendor/illuminate/database/Schema/Builder.php(227): tap(Object(Illuminate\\Database\\Schema\\Blueprint), Object(Closure))
#3 /Users/simonjustesen/Sites/localhost/phpbraco/vendor/illuminate/support/Facades/Facade.php(337): Illuminate\\Database\\Schema\\Builder->create('users', Object(Closure))
#4 /Users/simonjustesen/Sites/localhost/phpbraco/database/migrations/2022_03_26_102807_create_user_table.php(28): Illuminate\\Support\\Facades\\Facade::__callStatic('create', Array)
#5 /Users/simonjustesen/Sites/localhost/phpbraco/vendor/illuminate/database/Migrations/Migrator.php(472): Illuminate\\Database\\Migrations\\Migration@anonymous->up()
#6 /Users/simonjustesen/Sites/localhost/phpbraco/vendor/illuminate/database/Migrations/Migrator.php(394): Illuminate\\Database\\Migrations\\Migrator->runMethod(Object(Illuminate\\Database\\MySqlConnection), Object(Illuminate\\Database\\Migrations\\Migration@anonymous), 'up')
#7 /Users/simonjustesen/Sites/localhost/phpbraco/vendor/illuminate/database/Migrations/Migrator.php(403): Illuminate\\Database\\Migrations\\Migrator->Illuminate\\Database\\Migrations\\{closure}()
#8 /Users/simonjustesen/Sites/localhost/phpbraco/vendor/illuminate/database/Migrations/Migrator.php(202): Illuminate\\Database\\Migrations\\Migrator->runMigration(Object(Illuminate\\Database\\Migrations\\Migration@anonymous), 'up')
#9 /Users/simonjustesen/Sites/localhost/phpbraco/vendor/illuminate/database/Migrations/Migrator.php(167): Illuminate\\Database\\Migrations\\Migrator->runUp('/Users/simonjus...', 1, false)
#10 /Users/simonjustesen/Sites/localhost/phpbraco/vendor/illuminate/database/Migrations/Migrator.php(112): Illuminate\\Database\\Migrations\\Migrator->runPending(Array, Array)
#11 /Users/simonjustesen/Sites/localhost/phpbraco/vendor/illuminate/database/Console/Migrations/MigrateCommand.php(85): Illuminate\\Database\\Migrations\\Migrator->run(Array, Array)
#12 /Users/simonjustesen/Sites/localhost/phpbraco/vendor/illuminate/database/Migrations/Migrator.php(606): Illuminate\\Database\\Console\\Migrations\\MigrateCommand->Illuminate\\Database\\Console\\Migrations\\{closure}()
#13 /Users/simonjustesen/Sites/localhost/phpbraco/vendor/illuminate/database/Console/Migrations/MigrateCommand.php(94): Illuminate\\Database\\Migrations\\Migrator->usingConnection(NULL, Object(Closure))
#14 /Users/simonjustesen/Sites/localhost/phpbraco/vendor/illuminate/container/BoundMethod.php(36): Illuminate\\Database\\Console\\Migrations\\MigrateCommand->handle()
#15 /Users/simonjustesen/Sites/localhost/phpbraco/vendor/illuminate/container/Util.php(41): Illuminate\\Container\\BoundMethod::Illuminate\\Container\\{closure}()
#16 /Users/simonjustesen/Sites/localhost/phpbraco/vendor/illuminate/container/BoundMethod.php(93): Illuminate\\Container\\Util::unwrapIfClosure(Object(Closure))
#17 /Users/simonjustesen/Sites/localhost/phpbraco/vendor/illuminate/container/BoundMethod.php(37): Illuminate\\Container\\BoundMethod::callBoundMethod(Object(Laravel\\Lumen\\Application), Array, Object(Closure))
#18 /Users/simonjustesen/Sites/localhost/phpbraco/vendor/illuminate/container/Container.php(653): Illuminate\\Container\\BoundMethod::call(Object(Laravel\\Lumen\\Application), Array, Array, NULL)
#19 /Users/simonjustesen/Sites/localhost/phpbraco/vendor/illuminate/console/Command.php(136): Illuminate\\Container\\Container->call(Array)
#20 /Users/simonjustesen/Sites/localhost/phpbraco/vendor/symfony/console/Command/Command.php(291): Illuminate\\Console\\Command->execute(Object(Symfony\\Component\\Console\\Input\\ArrayInput), Object(Illuminate\\Console\\OutputStyle))
#21 /Users/simonjustesen/Sites/localhost/phpbraco/vendor/illuminate/console/Command.php(121): Symfony\\Component\\Console\\Command\\Command->run(Object(Symfony\\Component\\Console\\Input\\ArrayInput), Object(Illuminate\\Console\\OutputStyle))
#22 /Users/simonjustesen/Sites/localhost/phpbraco/vendor/illuminate/console/Concerns/CallsCommands.php(68): Illuminate\\Console\\Command->run(Object(Symfony\\Component\\Console\\Input\\ArrayInput), Object(Illuminate\\Console\\OutputStyle))
#23 /Users/simonjustesen/Sites/localhost/phpbraco/vendor/illuminate/console/Concerns/CallsCommands.php(28): Illuminate\\Console\\Command->runCommand('migrate', Array, Object(Illuminate\\Console\\OutputStyle))
#24 /Users/simonjustesen/Sites/localhost/phpbraco/vendor/illuminate/database/Console/Migrations/RefreshCommand.php(62): Illuminate\\Console\\Command->call('migrate', Array)
#25 /Users/simonjustesen/Sites/localhost/phpbraco/vendor/illuminate/container/BoundMethod.php(36): Illuminate\\Database\\Console\\Migrations\\RefreshCommand->handle()
#26 /Users/simonjustesen/Sites/localhost/phpbraco/vendor/illuminate/container/Util.php(41): Illuminate\\Container\\BoundMethod::Illuminate\\Container\\{closure}()
#27 /Users/simonjustesen/Sites/localhost/phpbraco/vendor/illuminate/container/BoundMethod.php(93): Illuminate\\Container\\Util::unwrapIfClosure(Object(Closure))
#28 /Users/simonjustesen/Sites/localhost/phpbraco/vendor/illuminate/container/BoundMethod.php(37): Illuminate\\Container\\BoundMethod::callBoundMethod(Object(Laravel\\Lumen\\Application), Array, Object(Closure))
#29 /Users/simonjustesen/Sites/localhost/phpbraco/vendor/illuminate/container/Container.php(653): Illuminate\\Container\\BoundMethod::call(Object(Laravel\\Lumen\\Application), Array, Array, NULL)
#30 /Users/simonjustesen/Sites/localhost/phpbraco/vendor/illuminate/console/Command.php(136): Illuminate\\Container\\Container->call(Array)
#31 /Users/simonjustesen/Sites/localhost/phpbraco/vendor/symfony/console/Command/Command.php(291): Illuminate\\Console\\Command->execute(Object(Symfony\\Component\\Console\\Input\\ArgvInput), Object(Illuminate\\Console\\OutputStyle))
#32 /Users/simonjustesen/Sites/localhost/phpbraco/vendor/illuminate/console/Command.php(121): Symfony\\Component\\Console\\Command\\Command->run(Object(Symfony\\Component\\Console\\Input\\ArgvInput), Object(Illuminate\\Console\\OutputStyle))
#33 /Users/simonjustesen/Sites/localhost/phpbraco/vendor/symfony/console/Application.php(989): Illuminate\\Console\\Command->run(Object(Symfony\\Component\\Console\\Input\\ArgvInput), Object(Symfony\\Component\\Console\\Output\\ConsoleOutput))
#34 /Users/simonjustesen/Sites/localhost/phpbraco/vendor/symfony/console/Application.php(299): Symfony\\Component\\Console\\Application->doRunCommand(Object(Illuminate\\Database\\Console\\Migrations\\RefreshCommand), Object(Symfony\\Component\\Console\\Input\\ArgvInput), Object(Symfony\\Component\\Console\\Output\\ConsoleOutput))
#35 /Users/simonjustesen/Sites/localhost/phpbraco/vendor/symfony/console/Application.php(171): Symfony\\Component\\Console\\Application->doRun(Object(Symfony\\Component\\Console\\Input\\ArgvInput), Object(Symfony\\Component\\Console\\Output\\ConsoleOutput))
#36 /Users/simonjustesen/Sites/localhost/phpbraco/vendor/illuminate/console/Application.php(102): Symfony\\Component\\Console\\Application->run(Object(Symfony\\Component\\Console\\Input\\ArgvInput), Object(Symfony\\Component\\Console\\Output\\ConsoleOutput))
#37 /Users/simonjustesen/Sites/localhost/phpbraco/vendor/laravel/lumen-framework/src/Console/Kernel.php(116): Illuminate\\Console\\Application->run(Object(Symfony\\Component\\Console\\Input\\ArgvInput), Object(Symfony\\Component\\Console\\Output\\ConsoleOutput))
#38 /Users/simonjustesen/Sites/localhost/phpbraco/artisan(35): Laravel\\Lumen\\Console\\Kernel->handle(Object(Symfony\\Component\\Console\\Input\\ArgvInput), Object(Symfony\\Component\\Console\\Output\\ConsoleOutput))
#39 {main}
"} 
[2022-03-29 06:36:04] local.ERROR: Undefined variable $app {"exception":"[object] (ErrorException(code: 0): Undefined variable $app at /Users/simonjustesen/Sites/localhost/phpbraco/routes/web.php:22)
[stacktrace]
#0 /Users/simonjustesen/Sites/localhost/phpbraco/vendor/laravel/lumen-framework/src/Concerns/RegistersExceptionHandlers.php(47): Laravel\\Lumen\\Application->handleError(2, 'Undefined varia...', '/Users/simonjus...', 22)
#1 /Users/simonjustesen/Sites/localhost/phpbraco/routes/web.php(22): Laravel\\Lumen\\Application->Laravel\\Lumen\\Concerns\\{closure}(2, 'Undefined varia...', '/Users/simonjus...', 22)
#2 /Users/simonjustesen/Sites/localhost/phpbraco/bootstrap/app.php(112): require('/Users/simonjus...')
#3 /Users/simonjustesen/Sites/localhost/phpbraco/vendor/laravel/lumen-framework/src/Routing/Router.php(62): {closure}(Object(Laravel\\Lumen\\Routing\\Router))
#4 /Users/simonjustesen/Sites/localhost/phpbraco/bootstrap/app.php(113): Laravel\\Lumen\\Routing\\Router->group(Array, Object(Closure))
#5 /Users/simonjustesen/Sites/localhost/phpbraco/public/index.php(14): require('/Users/simonjus...')
#6 {main}
"} 
[2022-03-29 06:36:28] local.ERROR: Undefined variable $app {"exception":"[object] (ErrorException(code: 0): Undefined variable $app at /Users/simonjustesen/Sites/localhost/phpbraco/routes/web.php:22)
[stacktrace]
#0 /Users/simonjustesen/Sites/localhost/phpbraco/vendor/laravel/lumen-framework/src/Concerns/RegistersExceptionHandlers.php(47): Laravel\\Lumen\\Application->handleError(2, 'Undefined varia...', '/Users/simonjus...', 22)
#1 /Users/simonjustesen/Sites/localhost/phpbraco/routes/web.php(22): Laravel\\Lumen\\Application->Laravel\\Lumen\\Concerns\\{closure}(2, 'Undefined varia...', '/Users/simonjus...', 22)
#2 /Users/simonjustesen/Sites/localhost/phpbraco/bootstrap/app.php(112): require('/Users/simonjus...')
#3 /Users/simonjustesen/Sites/localhost/phpbraco/vendor/laravel/lumen-framework/src/Routing/Router.php(62): {closure}(Object(Laravel\\Lumen\\Routing\\Router))
#4 /Users/simonjustesen/Sites/localhost/phpbraco/bootstrap/app.php(113): Laravel\\Lumen\\Routing\\Router->group(Array, Object(Closure))
#5 /Users/simonjustesen/Sites/localhost/phpbraco/public/index.php(14): require('/Users/simonjus...')
#6 {main}
"} 
[2022-03-29 06:36:58] local.ERROR: Undefined variable $app {"exception":"[object] (ErrorException(code: 0): Undefined variable $app at /Users/simonjustesen/Sites/localhost/phpbraco/routes/web.php:22)
[stacktrace]
#0 /Users/simonjustesen/Sites/localhost/phpbraco/vendor/laravel/lumen-framework/src/Concerns/RegistersExceptionHandlers.php(47): Laravel\\Lumen\\Application->handleError(2, 'Undefined varia...', '/Users/simonjus...', 22)
#1 /Users/simonjustesen/Sites/localhost/phpbraco/routes/web.php(22): Laravel\\Lumen\\Application->Laravel\\Lumen\\Concerns\\{closure}(2, 'Undefined varia...', '/Users/simonjus...', 22)
#2 /Users/simonjustesen/Sites/localhost/phpbraco/bootstrap/app.php(112): require('/Users/simonjus...')
#3 /Users/simonjustesen/Sites/localhost/phpbraco/vendor/laravel/lumen-framework/src/Routing/Router.php(62): {closure}(Object(Laravel\\Lumen\\Routing\\Router))
#4 /Users/simonjustesen/Sites/localhost/phpbraco/bootstrap/app.php(113): Laravel\\Lumen\\Routing\\Router->group(Array, Object(Closure))
#5 /Users/simonjustesen/Sites/localhost/phpbraco/public/index.php(14): require('/Users/simonjus...')
#6 {main}
"} 
[2022-03-29 07:05:56] local.ERROR: Target class [App\Http\Controllers\LoginController] does not exist. {"exception":"[object] (Illuminate\\Contracts\\Container\\BindingResolutionException(code: 0): Target class [App\\Http\\Controllers\\LoginController] does not exist. at /Users/simonjustesen/Sites/localhost/phpbraco/vendor/illuminate/container/Container.php:879)
[stacktrace]
#0 /Users/simonjustesen/Sites/localhost/phpbraco/vendor/illuminate/container/Container.php(758): Illuminate\\Container\\Container->build('App\\\\Http\\\\Contro...')
#1 /Users/simonjustesen/Sites/localhost/phpbraco/vendor/illuminate/container/Container.php(694): Illuminate\\Container\\Container->resolve('App\\\\Http\\\\Contro...', Array)
#2 /Users/simonjustesen/Sites/localhost/phpbraco/vendor/laravel/lumen-framework/src/Application.php(300): Illuminate\\Container\\Container->make('App\\\\Http\\\\Contro...', Array)
#3 /Users/simonjustesen/Sites/localhost/phpbraco/vendor/laravel/lumen-framework/src/Concerns/RoutesRequests.php(324): Laravel\\Lumen\\Application->make('App\\\\Http\\\\Contro...')
#4 /Users/simonjustesen/Sites/localhost/phpbraco/vendor/laravel/lumen-framework/src/Concerns/RoutesRequests.php(282): Laravel\\Lumen\\Application->callControllerAction(Array)
#5 /Users/simonjustesen/Sites/localhost/phpbraco/vendor/laravel/lumen-framework/src/Concerns/RoutesRequests.php(267): Laravel\\Lumen\\Application->callActionOnArrayBasedRoute(Array)
#6 /Users/simonjustesen/Sites/localhost/phpbraco/vendor/laravel/lumen-framework/src/Concerns/RoutesRequests.php(169): Laravel\\Lumen\\Application->handleFoundRoute(Array)
#7 /Users/simonjustesen/Sites/localhost/phpbraco/vendor/laravel/lumen-framework/src/Concerns/RoutesRequests.php(429): Laravel\\Lumen\\Application->Laravel\\Lumen\\Concerns\\{closure}(Object(Laravel\\Lumen\\Http\\Request))
#8 /Users/simonjustesen/Sites/localhost/phpbraco/vendor/laravel/lumen-framework/src/Concerns/RoutesRequests.php(175): Laravel\\Lumen\\Application->sendThroughPipeline(Array, Object(Closure))
#9 /Users/simonjustesen/Sites/localhost/phpbraco/vendor/laravel/lumen-framework/src/Concerns/RoutesRequests.php(112): Laravel\\Lumen\\Application->dispatch(NULL)
#10 /Users/simonjustesen/Sites/localhost/phpbraco/public/index.php(28): Laravel\\Lumen\\Application->run()
#11 {main}

[previous exception] [object] (ReflectionException(code: -1): Class \"App\\Http\\Controllers\\LoginController\" does not exist at /Users/simonjustesen/Sites/localhost/phpbraco/vendor/illuminate/container/Container.php:877)
[stacktrace]
#0 /Users/simonjustesen/Sites/localhost/phpbraco/vendor/illuminate/container/Container.php(877): ReflectionClass->__construct('App\\\\Http\\\\Contro...')
#1 /Users/simonjustesen/Sites/localhost/phpbraco/vendor/illuminate/container/Container.php(758): Illuminate\\Container\\Container->build('App\\\\Http\\\\Contro...')
#2 /Users/simonjustesen/Sites/localhost/phpbraco/vendor/illuminate/container/Container.php(694): Illuminate\\Container\\Container->resolve('App\\\\Http\\\\Contro...', Array)
#3 /Users/simonjustesen/Sites/localhost/phpbraco/vendor/laravel/lumen-framework/src/Application.php(300): Illuminate\\Container\\Container->make('App\\\\Http\\\\Contro...', Array)
#4 /Users/simonjustesen/Sites/localhost/phpbraco/vendor/laravel/lumen-framework/src/Concerns/RoutesRequests.php(324): Laravel\\Lumen\\Application->make('App\\\\Http\\\\Contro...')
#5 /Users/simonjustesen/Sites/localhost/phpbraco/vendor/laravel/lumen-framework/src/Concerns/RoutesRequests.php(282): Laravel\\Lumen\\Application->callControllerAction(Array)
#6 /Users/simonjustesen/Sites/localhost/phpbraco/vendor/laravel/lumen-framework/src/Concerns/RoutesRequests.php(267): Laravel\\Lumen\\Application->callActionOnArrayBasedRoute(Array)
#7 /Users/simonjustesen/Sites/localhost/phpbraco/vendor/laravel/lumen-framework/src/Concerns/RoutesRequests.php(169): Laravel\\Lumen\\Application->handleFoundRoute(Array)
#8 /Users/simonjustesen/Sites/localhost/phpbraco/vendor/laravel/lumen-framework/src/Concerns/RoutesRequests.php(429): Laravel\\Lumen\\Application->Laravel\\Lumen\\Concerns\\{closure}(Object(Laravel\\Lumen\\Http\\Request))
#9 /Users/simonjustesen/Sites/localhost/phpbraco/vendor/laravel/lumen-framework/src/Concerns/RoutesRequests.php(175): Laravel\\Lumen\\Application->sendThroughPipeline(Array, Object(Closure))
#10 /Users/simonjustesen/Sites/localhost/phpbraco/vendor/laravel/lumen-framework/src/Concerns/RoutesRequests.php(112): Laravel\\Lumen\\Application->dispatch(NULL)
#11 /Users/simonjustesen/Sites/localhost/phpbraco/public/index.php(28): Laravel\\Lumen\\Application->run()
#12 {main}
"} 
[2022-03-29 10:57:20] local.ERROR: Undefined variable $e {"exception":"[object] (ErrorException(code: 0): Undefined variable $e at /Users/simonjustesen/Sites/localhost/phpbraco/app/Exceptions/Handler.php:52)
[stacktrace]
#0 /Users/simonjustesen/Sites/localhost/phpbraco/vendor/laravel/lumen-framework/src/Concerns/RegistersExceptionHandlers.php(47): Laravel\\Lumen\\Application->handleError(2, 'Undefined varia...', '/Users/simonjus...', 52)
#1 /Users/simonjustesen/Sites/localhost/phpbraco/app/Exceptions/Handler.php(52): Laravel\\Lumen\\Application->Laravel\\Lumen\\Concerns\\{closure}(2, 'Undefined varia...', '/Users/simonjus...', 52)
#2 /Users/simonjustesen/Sites/localhost/phpbraco/vendor/laravel/lumen-framework/src/Concerns/RegistersExceptionHandlers.php(187): App\\Exceptions\\Handler->render(Object(Laravel\\Lumen\\Http\\Request), Object(Symfony\\Component\\HttpKernel\\Exception\\NotFoundHttpException))
#3 /Users/simonjustesen/Sites/localhost/phpbraco/vendor/laravel/lumen-framework/src/Concerns/RoutesRequests.php(177): Laravel\\Lumen\\Application->sendExceptionToHandler(Object(Symfony\\Component\\HttpKernel\\Exception\\NotFoundHttpException))
#4 /Users/simonjustesen/Sites/localhost/phpbraco/vendor/laravel/lumen-framework/src/Concerns/RoutesRequests.php(112): Laravel\\Lumen\\Application->dispatch(NULL)
#5 /Users/simonjustesen/Sites/localhost/phpbraco/public/index.php(28): Laravel\\Lumen\\Application->run()
#6 {main}
"} 
[2022-03-29 10:57:20] local.ERROR: Uncaught ErrorException: Undefined variable $e in /Users/simonjustesen/Sites/localhost/phpbraco/app/Exceptions/Handler.php:52
Stack trace:
#0 /Users/simonjustesen/Sites/localhost/phpbraco/vendor/laravel/lumen-framework/src/Concerns/RegistersExceptionHandlers.php(47): Laravel\Lumen\Application->handleError(2, 'Undefined varia...', '/Users/simonjus...', 52)
#1 /Users/simonjustesen/Sites/localhost/phpbraco/app/Exceptions/Handler.php(52): Laravel\Lumen\Application->Laravel\Lumen\Concerns\{closure}(2, 'Undefined varia...', '/Users/simonjus...', 52)
#2 /Users/simonjustesen/Sites/localhost/phpbraco/vendor/laravel/lumen-framework/src/Concerns/RegistersExceptionHandlers.php(205): App\Exceptions\Handler->render(Object(Laravel\Lumen\Http\Request), Object(ErrorException))
#3 /Users/simonjustesen/Sites/localhost/phpbraco/vendor/laravel/lumen-framework/src/Concerns/RegistersExceptionHandlers.php(51): Laravel\Lumen\Application->handleException(Object(ErrorException))
#4 [internal function]: Laravel\Lumen\Application->Laravel\Lumen\Concerns\{closure}(Object(ErrorException))
#5 {main}
  thrown {"exception":"[object] (Symfony\\Component\\ErrorHandler\\Error\\FatalError(code: 0): Uncaught ErrorException: Undefined variable $e in /Users/simonjustesen/Sites/localhost/phpbraco/app/Exceptions/Handler.php:52
Stack trace:
#0 /Users/simonjustesen/Sites/localhost/phpbraco/vendor/laravel/lumen-framework/src/Concerns/RegistersExceptionHandlers.php(47): Laravel\\Lumen\\Application->handleError(2, 'Undefined varia...', '/Users/simonjus...', 52)
#1 /Users/simonjustesen/Sites/localhost/phpbraco/app/Exceptions/Handler.php(52): Laravel\\Lumen\\Application->Laravel\\Lumen\\Concerns\\{closure}(2, 'Undefined varia...', '/Users/simonjus...', 52)
#2 /Users/simonjustesen/Sites/localhost/phpbraco/vendor/laravel/lumen-framework/src/Concerns/RegistersExceptionHandlers.php(205): App\\Exceptions\\Handler->render(Object(Laravel\\Lumen\\Http\\Request), Object(ErrorException))
#3 /Users/simonjustesen/Sites/localhost/phpbraco/vendor/laravel/lumen-framework/src/Concerns/RegistersExceptionHandlers.php(51): Laravel\\Lumen\\Application->handleException(Object(ErrorException))
#4 [internal function]: Laravel\\Lumen\\Application->Laravel\\Lumen\\Concerns\\{closure}(Object(ErrorException))
#5 {main}
  thrown at /Users/simonjustesen/Sites/localhost/phpbraco/app/Exceptions/Handler.php:52)
[stacktrace]
#0 {main}
"} 
[2022-03-29 11:04:44] local.ERROR: Undefined variable $status {"exception":"[object] (ErrorException(code: 0): Undefined variable $status at /Users/simonjustesen/Sites/localhost/phpbraco/app/Exceptions/Handler.php:59)
[stacktrace]
#0 /Users/simonjustesen/Sites/localhost/phpbraco/vendor/laravel/lumen-framework/src/Concerns/RegistersExceptionHandlers.php(47): Laravel\\Lumen\\Application->handleError(2, 'Undefined varia...', '/Users/simonjus...', 59)
#1 /Users/simonjustesen/Sites/localhost/phpbraco/app/Exceptions/Handler.php(59): Laravel\\Lumen\\Application->Laravel\\Lumen\\Concerns\\{closure}(2, 'Undefined varia...', '/Users/simonjus...', 59)
#2 /Users/simonjustesen/Sites/localhost/phpbraco/vendor/laravel/lumen-framework/src/Concerns/RegistersExceptionHandlers.php(187): App\\Exceptions\\Handler->render(Object(Laravel\\Lumen\\Http\\Request), Object(Symfony\\Component\\HttpKernel\\Exception\\NotFoundHttpException))
#3 /Users/simonjustesen/Sites/localhost/phpbraco/vendor/laravel/lumen-framework/src/Concerns/RoutesRequests.php(177): Laravel\\Lumen\\Application->sendExceptionToHandler(Object(Symfony\\Component\\HttpKernel\\Exception\\NotFoundHttpException))
#4 /Users/simonjustesen/Sites/localhost/phpbraco/vendor/laravel/lumen-framework/src/Concerns/RoutesRequests.php(112): Laravel\\Lumen\\Application->dispatch(NULL)
#5 /Users/simonjustesen/Sites/localhost/phpbraco/public/index.php(28): Laravel\\Lumen\\Application->run()
#6 {main}
"} 
[2022-03-29 11:04:44] local.ERROR: Uncaught ErrorException: Undefined variable $status in /Users/simonjustesen/Sites/localhost/phpbraco/app/Exceptions/Handler.php:59
Stack trace:
#0 /Users/simonjustesen/Sites/localhost/phpbraco/vendor/laravel/lumen-framework/src/Concerns/RegistersExceptionHandlers.php(47): Laravel\Lumen\Application->handleError(2, 'Undefined varia...', '/Users/simonjus...', 59)
#1 /Users/simonjustesen/Sites/localhost/phpbraco/app/Exceptions/Handler.php(59): Laravel\Lumen\Application->Laravel\Lumen\Concerns\{closure}(2, 'Undefined varia...', '/Users/simonjus...', 59)
#2 /Users/simonjustesen/Sites/localhost/phpbraco/vendor/laravel/lumen-framework/src/Concerns/RegistersExceptionHandlers.php(205): App\Exceptions\Handler->render(Object(Laravel\Lumen\Http\Request), Object(ErrorException))
#3 /Users/simonjustesen/Sites/localhost/phpbraco/vendor/laravel/lumen-framework/src/Concerns/RegistersExceptionHandlers.php(51): Laravel\Lumen\Application->handleException(Object(ErrorException))
#4 [internal function]: Laravel\Lumen\Application->Laravel\Lumen\Concerns\{closure}(Object(ErrorException))
#5 {main}
  thrown {"exception":"[object] (Symfony\\Component\\ErrorHandler\\Error\\FatalError(code: 0): Uncaught ErrorException: Undefined variable $status in /Users/simonjustesen/Sites/localhost/phpbraco/app/Exceptions/Handler.php:59
Stack trace:
#0 /Users/simonjustesen/Sites/localhost/phpbraco/vendor/laravel/lumen-framework/src/Concerns/RegistersExceptionHandlers.php(47): Laravel\\Lumen\\Application->handleError(2, 'Undefined varia...', '/Users/simonjus...', 59)
#1 /Users/simonjustesen/Sites/localhost/phpbraco/app/Exceptions/Handler.php(59): Laravel\\Lumen\\Application->Laravel\\Lumen\\Concerns\\{closure}(2, 'Undefined varia...', '/Users/simonjus...', 59)
#2 /Users/simonjustesen/Sites/localhost/phpbraco/vendor/laravel/lumen-framework/src/Concerns/RegistersExceptionHandlers.php(205): App\\Exceptions\\Handler->render(Object(Laravel\\Lumen\\Http\\Request), Object(ErrorException))
#3 /Users/simonjustesen/Sites/localhost/phpbraco/vendor/laravel/lumen-framework/src/Concerns/RegistersExceptionHandlers.php(51): Laravel\\Lumen\\Application->handleException(Object(ErrorException))
#4 [internal function]: Laravel\\Lumen\\Application->Laravel\\Lumen\\Concerns\\{closure}(Object(ErrorException))
#5 {main}
  thrown at /Users/simonjustesen/Sites/localhost/phpbraco/app/Exceptions/Handler.php:59)
[stacktrace]
#0 {main}
"} 
[2022-03-29 11:05:21] local.ERROR: Class "App\Exceptions\Response" not found {"exception":"[object] (Error(code: 0): Class \"App\\Exceptions\\Response\" not found at /Users/simonjustesen/Sites/localhost/phpbraco/app/Exceptions/Handler.php:52)
[stacktrace]
#0 /Users/simonjustesen/Sites/localhost/phpbraco/vendor/laravel/lumen-framework/src/Concerns/RegistersExceptionHandlers.php(187): App\\Exceptions\\Handler->render(Object(Laravel\\Lumen\\Http\\Request), Object(Symfony\\Component\\HttpKernel\\Exception\\NotFoundHttpException))
#1 /Users/simonjustesen/Sites/localhost/phpbraco/vendor/laravel/lumen-framework/src/Concerns/RoutesRequests.php(177): Laravel\\Lumen\\Application->sendExceptionToHandler(Object(Symfony\\Component\\HttpKernel\\Exception\\NotFoundHttpException))
#2 /Users/simonjustesen/Sites/localhost/phpbraco/vendor/laravel/lumen-framework/src/Concerns/RoutesRequests.php(112): Laravel\\Lumen\\Application->dispatch(NULL)
#3 /Users/simonjustesen/Sites/localhost/phpbraco/public/index.php(28): Laravel\\Lumen\\Application->run()
#4 {main}
"} 
[2022-03-29 11:05:21] local.ERROR: Uncaught Error: Class "App\Exceptions\Response" not found in /Users/simonjustesen/Sites/localhost/phpbraco/app/Exceptions/Handler.php:52
Stack trace:
#0 /Users/simonjustesen/Sites/localhost/phpbraco/vendor/laravel/lumen-framework/src/Concerns/RegistersExceptionHandlers.php(205): App\Exceptions\Handler->render(Object(Laravel\Lumen\Http\Request), Object(Error))
#1 /Users/simonjustesen/Sites/localhost/phpbraco/vendor/laravel/lumen-framework/src/Concerns/RegistersExceptionHandlers.php(51): Laravel\Lumen\Application->handleException(Object(Error))
#2 [internal function]: Laravel\Lumen\Application->Laravel\Lumen\Concerns\{closure}(Object(Error))
#3 {main}
  thrown {"exception":"[object] (Symfony\\Component\\ErrorHandler\\Error\\FatalError(code: 0): Uncaught Error: Class \"App\\Exceptions\\Response\" not found in /Users/simonjustesen/Sites/localhost/phpbraco/app/Exceptions/Handler.php:52
Stack trace:
#0 /Users/simonjustesen/Sites/localhost/phpbraco/vendor/laravel/lumen-framework/src/Concerns/RegistersExceptionHandlers.php(205): App\\Exceptions\\Handler->render(Object(Laravel\\Lumen\\Http\\Request), Object(Error))
#1 /Users/simonjustesen/Sites/localhost/phpbraco/vendor/laravel/lumen-framework/src/Concerns/RegistersExceptionHandlers.php(51): Laravel\\Lumen\\Application->handleException(Object(Error))
#2 [internal function]: Laravel\\Lumen\\Application->Laravel\\Lumen\\Concerns\\{closure}(Object(Error))
#3 {main}
  thrown at /Users/simonjustesen/Sites/localhost/phpbraco/app/Exceptions/Handler.php:52)
[stacktrace]
#0 {main}
"} 
[2022-03-29 11:05:53] local.ERROR: Undefined variable $e {"exception":"[object] (ErrorException(code: 0): Undefined variable $e at /Users/simonjustesen/Sites/localhost/phpbraco/app/Exceptions/Handler.php:63)
[stacktrace]
#0 /Users/simonjustesen/Sites/localhost/phpbraco/vendor/laravel/lumen-framework/src/Concerns/RegistersExceptionHandlers.php(47): Laravel\\Lumen\\Application->handleError(2, 'Undefined varia...', '/Users/simonjus...', 63)
#1 /Users/simonjustesen/Sites/localhost/phpbraco/app/Exceptions/Handler.php(63): Laravel\\Lumen\\Application->Laravel\\Lumen\\Concerns\\{closure}(2, 'Undefined varia...', '/Users/simonjus...', 63)
#2 /Users/simonjustesen/Sites/localhost/phpbraco/vendor/laravel/lumen-framework/src/Concerns/RegistersExceptionHandlers.php(187): App\\Exceptions\\Handler->render(Object(Laravel\\Lumen\\Http\\Request), Object(Symfony\\Component\\HttpKernel\\Exception\\NotFoundHttpException))
#3 /Users/simonjustesen/Sites/localhost/phpbraco/vendor/laravel/lumen-framework/src/Concerns/RoutesRequests.php(177): Laravel\\Lumen\\Application->sendExceptionToHandler(Object(Symfony\\Component\\HttpKernel\\Exception\\NotFoundHttpException))
#4 /Users/simonjustesen/Sites/localhost/phpbraco/vendor/laravel/lumen-framework/src/Concerns/RoutesRequests.php(112): Laravel\\Lumen\\Application->dispatch(NULL)
#5 /Users/simonjustesen/Sites/localhost/phpbraco/public/index.php(28): Laravel\\Lumen\\Application->run()
#6 {main}
"} 
[2022-03-29 11:05:53] local.ERROR: Uncaught ErrorException: Undefined variable $e in /Users/simonjustesen/Sites/localhost/phpbraco/app/Exceptions/Handler.php:63
Stack trace:
#0 /Users/simonjustesen/Sites/localhost/phpbraco/vendor/laravel/lumen-framework/src/Concerns/RegistersExceptionHandlers.php(47): Laravel\Lumen\Application->handleError(2, 'Undefined varia...', '/Users/simonjus...', 63)
#1 /Users/simonjustesen/Sites/localhost/phpbraco/app/Exceptions/Handler.php(63): Laravel\Lumen\Application->Laravel\Lumen\Concerns\{closure}(2, 'Undefined varia...', '/Users/simonjus...', 63)
#2 /Users/simonjustesen/Sites/localhost/phpbraco/vendor/laravel/lumen-framework/src/Concerns/RegistersExceptionHandlers.php(205): App\Exceptions\Handler->render(Object(Laravel\Lumen\Http\Request), Object(ErrorException))
#3 /Users/simonjustesen/Sites/localhost/phpbraco/vendor/laravel/lumen-framework/src/Concerns/RegistersExceptionHandlers.php(51): Laravel\Lumen\Application->handleException(Object(ErrorException))
#4 [internal function]: Laravel\Lumen\Application->Laravel\Lumen\Concerns\{closure}(Object(ErrorException))
#5 {main}
  thrown {"exception":"[object] (Symfony\\Component\\ErrorHandler\\Error\\FatalError(code: 0): Uncaught ErrorException: Undefined variable $e in /Users/simonjustesen/Sites/localhost/phpbraco/app/Exceptions/Handler.php:63
Stack trace:
#0 /Users/simonjustesen/Sites/localhost/phpbraco/vendor/laravel/lumen-framework/src/Concerns/RegistersExceptionHandlers.php(47): Laravel\\Lumen\\Application->handleError(2, 'Undefined varia...', '/Users/simonjus...', 63)
#1 /Users/simonjustesen/Sites/localhost/phpbraco/app/Exceptions/Handler.php(63): Laravel\\Lumen\\Application->Laravel\\Lumen\\Concerns\\{closure}(2, 'Undefined varia...', '/Users/simonjus...', 63)
#2 /Users/simonjustesen/Sites/localhost/phpbraco/vendor/laravel/lumen-framework/src/Concerns/RegistersExceptionHandlers.php(205): App\\Exceptions\\Handler->render(Object(Laravel\\Lumen\\Http\\Request), Object(ErrorException))
#3 /Users/simonjustesen/Sites/localhost/phpbraco/vendor/laravel/lumen-framework/src/Concerns/RegistersExceptionHandlers.php(51): Laravel\\Lumen\\Application->handleException(Object(ErrorException))
#4 [internal function]: Laravel\\Lumen\\Application->Laravel\\Lumen\\Concerns\\{closure}(Object(ErrorException))
#5 {main}
  thrown at /Users/simonjustesen/Sites/localhost/phpbraco/app/Exceptions/Handler.php:63)
[stacktrace]
#0 {main}
"} 
[2022-03-29 11:19:27] local.ERROR: Undefined variable $app {"exception":"[object] (ErrorException(code: 0): Undefined variable $app at /Users/simonjustesen/Sites/localhost/phpbraco/routes/web.php:16)
[stacktrace]
#0 /Users/simonjustesen/Sites/localhost/phpbraco/vendor/laravel/lumen-framework/src/Concerns/RegistersExceptionHandlers.php(47): Laravel\\Lumen\\Application->handleError(2, 'Undefined varia...', '/Users/simonjus...', 16)
#1 /Users/simonjustesen/Sites/localhost/phpbraco/routes/web.php(16): Laravel\\Lumen\\Application->Laravel\\Lumen\\Concerns\\{closure}(2, 'Undefined varia...', '/Users/simonjus...', 16)
#2 /Users/simonjustesen/Sites/localhost/phpbraco/bootstrap/app.php(112): require('/Users/simonjus...')
#3 /Users/simonjustesen/Sites/localhost/phpbraco/vendor/laravel/lumen-framework/src/Routing/Router.php(62): {closure}(Object(Laravel\\Lumen\\Routing\\Router))
#4 /Users/simonjustesen/Sites/localhost/phpbraco/bootstrap/app.php(113): Laravel\\Lumen\\Routing\\Router->group(Array, Object(Closure))
#5 /Users/simonjustesen/Sites/localhost/phpbraco/public/index.php(14): require('/Users/simonjus...')
#6 {main}
"} 
[2022-03-29 11:36:00] local.ERROR: Static route "/admin/users" is shadowed by previously defined variable route "/admin/(.*)" for method "GET" {"exception":"[object] (FastRoute\\BadRouteException(code: 0): Static route \"/admin/users\" is shadowed by previously defined variable route \"/admin/(.*)\" for method \"GET\" at /Users/simonjustesen/Sites/localhost/phpbraco/vendor/nikic/fast-route/src/DataGenerator/RegexBasedAbstract.php:95)
[stacktrace]
#0 /Users/simonjustesen/Sites/localhost/phpbraco/vendor/nikic/fast-route/src/DataGenerator/RegexBasedAbstract.php(30): FastRoute\\DataGenerator\\RegexBasedAbstract->addStaticRoute('GET', Array, Array)
#1 /Users/simonjustesen/Sites/localhost/phpbraco/vendor/nikic/fast-route/src/RouteCollector.php(44): FastRoute\\DataGenerator\\RegexBasedAbstract->addRoute('GET', Array, Array)
#2 /Users/simonjustesen/Sites/localhost/phpbraco/vendor/laravel/lumen-framework/src/Concerns/RoutesRequests.php(207): FastRoute\\RouteCollector->addRoute('GET', '/admin/users', Array)
#3 /Users/simonjustesen/Sites/localhost/phpbraco/vendor/nikic/fast-route/src/functions.php(25): Laravel\\Lumen\\Application->Laravel\\Lumen\\Concerns\\{closure}(Object(FastRoute\\RouteCollector))
#4 /Users/simonjustesen/Sites/localhost/phpbraco/vendor/laravel/lumen-framework/src/Concerns/RoutesRequests.php(209): FastRoute\\simpleDispatcher(Object(Closure))
#5 /Users/simonjustesen/Sites/localhost/phpbraco/vendor/laravel/lumen-framework/src/Concerns/RoutesRequests.php(173): Laravel\\Lumen\\Application->createDispatcher()
#6 /Users/simonjustesen/Sites/localhost/phpbraco/vendor/laravel/lumen-framework/src/Concerns/RoutesRequests.php(429): Laravel\\Lumen\\Application->Laravel\\Lumen\\Concerns\\{closure}(Object(Laravel\\Lumen\\Http\\Request))
#7 /Users/simonjustesen/Sites/localhost/phpbraco/vendor/laravel/lumen-framework/src/Concerns/RoutesRequests.php(175): Laravel\\Lumen\\Application->sendThroughPipeline(Array, Object(Closure))
#8 /Users/simonjustesen/Sites/localhost/phpbraco/vendor/laravel/lumen-framework/src/Concerns/RoutesRequests.php(112): Laravel\\Lumen\\Application->dispatch(NULL)
#9 /Users/simonjustesen/Sites/localhost/phpbraco/public/index.php(28): Laravel\\Lumen\\Application->run()
#10 {main}
"} 
[2022-03-29 11:36:47] local.ERROR: Unmatched '}' {"exception":"[object] (ParseError(code: 0): Unmatched '}' at /Users/simonjustesen/Sites/localhost/phpbraco/routes/web.php:45)
[stacktrace]
#0 /Users/simonjustesen/Sites/localhost/phpbraco/vendor/laravel/lumen-framework/src/Routing/Router.php(62): {closure}(Object(Laravel\\Lumen\\Routing\\Router))
#1 /Users/simonjustesen/Sites/localhost/phpbraco/bootstrap/app.php(113): Laravel\\Lumen\\Routing\\Router->group(Array, Object(Closure))
#2 /Users/simonjustesen/Sites/localhost/phpbraco/public/index.php(14): require('/Users/simonjus...')
#3 {main}
"} 
