[2022-04-02 08:47:51] local.ERROR: Target class [App\Http\Controllers\DoctypeApiController] does not exist. {"exception":"[object] (Illuminate\\Contracts\\Container\\BindingResolutionException(code: 0): Target class [App\\Http\\Controllers\\DoctypeApiController] does not exist. at /Users/simonjustesen/Sites/localhost/phpbraco/vendor/illuminate/container/Container.php:879)
[stacktrace]
#0 /Users/simonjustesen/Sites/localhost/phpbraco/vendor/illuminate/container/Container.php(758): Illuminate\\Container\\Container->build('App\\\\Http\\\\Contro...')
#1 /Users/simonjustesen/Sites/localhost/phpbraco/vendor/illuminate/container/Container.php(694): Illuminate\\Container\\Container->resolve('App\\\\Http\\\\Contro...', Array)
#2 /Users/simonjustesen/Sites/localhost/phpbraco/vendor/laravel/lumen-framework/src/Application.php(300): Illuminate\\Container\\Container->make('App\\\\Http\\\\Contro...', Array)
#3 /Users/simonjustesen/Sites/localhost/phpbraco/vendor/laravel/lumen-framework/src/Concerns/RoutesRequests.php(324): Laravel\\Lumen\\Application->make('App\\\\Http\\\\Contro...')
#4 /Users/simonjustesen/Sites/localhost/phpbraco/vendor/laravel/lumen-framework/src/Concerns/RoutesRequests.php(282): Laravel\\Lumen\\Application->callControllerAction(Array)
#5 /Users/simonjustesen/Sites/localhost/phpbraco/vendor/laravel/lumen-framework/src/Concerns/RoutesRequests.php(267): Laravel\\Lumen\\Application->callActionOnArrayBasedRoute(Array)
#6 /Users/simonjustesen/Sites/localhost/phpbraco/vendor/laravel/lumen-framework/src/Concerns/RoutesRequests.php(169): Laravel\\Lumen\\Application->handleFoundRoute(Array)
#7 /Users/simonjustesen/Sites/localhost/phpbraco/vendor/laravel/lumen-framework/src/Concerns/RoutesRequests.php(429): Laravel\\Lumen\\Application->Laravel\\Lumen\\Concerns\\{closure}(Object(Laravel\\Lumen\\Http\\Request))
#8 /Users/simonjustesen/Sites/localhost/phpbraco/vendor/laravel/lumen-framework/src/Concerns/RoutesRequests.php(175): Laravel\\Lumen\\Application->sendThroughPipeline(Array, Object(Closure))
#9 /Users/simonjustesen/Sites/localhost/phpbraco/vendor/laravel/lumen-framework/src/Concerns/RoutesRequests.php(112): Laravel\\Lumen\\Application->dispatch(NULL)
#10 /Users/simonjustesen/Sites/localhost/phpbraco/public/index.php(28): Laravel\\Lumen\\Application->run()
#11 {main}

[previous exception] [object] (ReflectionException(code: -1): Class \"App\\Http\\Controllers\\DoctypeApiController\" does not exist at /Users/simonjustesen/Sites/localhost/phpbraco/vendor/illuminate/container/Container.php:877)
[stacktrace]
#0 /Users/simonjustesen/Sites/localhost/phpbraco/vendor/illuminate/container/Container.php(877): ReflectionClass->__construct('App\\\\Http\\\\Contro...')
#1 /Users/simonjustesen/Sites/localhost/phpbraco/vendor/illuminate/container/Container.php(758): Illuminate\\Container\\Container->build('App\\\\Http\\\\Contro...')
#2 /Users/simonjustesen/Sites/localhost/phpbraco/vendor/illuminate/container/Container.php(694): Illuminate\\Container\\Container->resolve('App\\\\Http\\\\Contro...', Array)
#3 /Users/simonjustesen/Sites/localhost/phpbraco/vendor/laravel/lumen-framework/src/Application.php(300): Illuminate\\Container\\Container->make('App\\\\Http\\\\Contro...', Array)
#4 /Users/simonjustesen/Sites/localhost/phpbraco/vendor/laravel/lumen-framework/src/Concerns/RoutesRequests.php(324): Laravel\\Lumen\\Application->make('App\\\\Http\\\\Contro...')
#5 /Users/simonjustesen/Sites/localhost/phpbraco/vendor/laravel/lumen-framework/src/Concerns/RoutesRequests.php(282): Laravel\\Lumen\\Application->callControllerAction(Array)
#6 /Users/simonjustesen/Sites/localhost/phpbraco/vendor/laravel/lumen-framework/src/Concerns/RoutesRequests.php(267): Laravel\\Lumen\\Application->callActionOnArrayBasedRoute(Array)
#7 /Users/simonjustesen/Sites/localhost/phpbraco/vendor/laravel/lumen-framework/src/Concerns/RoutesRequests.php(169): Laravel\\Lumen\\Application->handleFoundRoute(Array)
#8 /Users/simonjustesen/Sites/localhost/phpbraco/vendor/laravel/lumen-framework/src/Concerns/RoutesRequests.php(429): Laravel\\Lumen\\Application->Laravel\\Lumen\\Concerns\\{closure}(Object(Laravel\\Lumen\\Http\\Request))
#9 /Users/simonjustesen/Sites/localhost/phpbraco/vendor/laravel/lumen-framework/src/Concerns/RoutesRequests.php(175): Laravel\\Lumen\\Application->sendThroughPipeline(Array, Object(Closure))
#10 /Users/simonjustesen/Sites/localhost/phpbraco/vendor/laravel/lumen-framework/src/Concerns/RoutesRequests.php(112): Laravel\\Lumen\\Application->dispatch(NULL)
#11 /Users/simonjustesen/Sites/localhost/phpbraco/public/index.php(28): Laravel\\Lumen\\Application->run()
#12 {main}
"} 
[2022-04-02 08:48:23] local.ERROR: Target class [App\Http\Controllers\DoctypeApiController] does not exist. {"exception":"[object] (Illuminate\\Contracts\\Container\\BindingResolutionException(code: 0): Target class [App\\Http\\Controllers\\DoctypeApiController] does not exist. at /Users/simonjustesen/Sites/localhost/phpbraco/vendor/illuminate/container/Container.php:879)
[stacktrace]
#0 /Users/simonjustesen/Sites/localhost/phpbraco/vendor/illuminate/container/Container.php(758): Illuminate\\Container\\Container->build('App\\\\Http\\\\Contro...')
#1 /Users/simonjustesen/Sites/localhost/phpbraco/vendor/illuminate/container/Container.php(694): Illuminate\\Container\\Container->resolve('App\\\\Http\\\\Contro...', Array)
#2 /Users/simonjustesen/Sites/localhost/phpbraco/vendor/laravel/lumen-framework/src/Application.php(300): Illuminate\\Container\\Container->make('App\\\\Http\\\\Contro...', Array)
#3 /Users/simonjustesen/Sites/localhost/phpbraco/vendor/laravel/lumen-framework/src/Concerns/RoutesRequests.php(324): Laravel\\Lumen\\Application->make('App\\\\Http\\\\Contro...')
#4 /Users/simonjustesen/Sites/localhost/phpbraco/vendor/laravel/lumen-framework/src/Concerns/RoutesRequests.php(282): Laravel\\Lumen\\Application->callControllerAction(Array)
#5 /Users/simonjustesen/Sites/localhost/phpbraco/vendor/laravel/lumen-framework/src/Concerns/RoutesRequests.php(267): Laravel\\Lumen\\Application->callActionOnArrayBasedRoute(Array)
#6 /Users/simonjustesen/Sites/localhost/phpbraco/vendor/laravel/lumen-framework/src/Concerns/RoutesRequests.php(169): Laravel\\Lumen\\Application->handleFoundRoute(Array)
#7 /Users/simonjustesen/Sites/localhost/phpbraco/vendor/laravel/lumen-framework/src/Concerns/RoutesRequests.php(429): Laravel\\Lumen\\Application->Laravel\\Lumen\\Concerns\\{closure}(Object(Laravel\\Lumen\\Http\\Request))
#8 /Users/simonjustesen/Sites/localhost/phpbraco/vendor/laravel/lumen-framework/src/Concerns/RoutesRequests.php(175): Laravel\\Lumen\\Application->sendThroughPipeline(Array, Object(Closure))
#9 /Users/simonjustesen/Sites/localhost/phpbraco/vendor/laravel/lumen-framework/src/Concerns/RoutesRequests.php(112): Laravel\\Lumen\\Application->dispatch(NULL)
#10 /Users/simonjustesen/Sites/localhost/phpbraco/public/index.php(28): Laravel\\Lumen\\Application->run()
#11 {main}

[previous exception] [object] (ReflectionException(code: -1): Class \"App\\Http\\Controllers\\DoctypeApiController\" does not exist at /Users/simonjustesen/Sites/localhost/phpbraco/vendor/illuminate/container/Container.php:877)
[stacktrace]
#0 /Users/simonjustesen/Sites/localhost/phpbraco/vendor/illuminate/container/Container.php(877): ReflectionClass->__construct('App\\\\Http\\\\Contro...')
#1 /Users/simonjustesen/Sites/localhost/phpbraco/vendor/illuminate/container/Container.php(758): Illuminate\\Container\\Container->build('App\\\\Http\\\\Contro...')
#2 /Users/simonjustesen/Sites/localhost/phpbraco/vendor/illuminate/container/Container.php(694): Illuminate\\Container\\Container->resolve('App\\\\Http\\\\Contro...', Array)
#3 /Users/simonjustesen/Sites/localhost/phpbraco/vendor/laravel/lumen-framework/src/Application.php(300): Illuminate\\Container\\Container->make('App\\\\Http\\\\Contro...', Array)
#4 /Users/simonjustesen/Sites/localhost/phpbraco/vendor/laravel/lumen-framework/src/Concerns/RoutesRequests.php(324): Laravel\\Lumen\\Application->make('App\\\\Http\\\\Contro...')
#5 /Users/simonjustesen/Sites/localhost/phpbraco/vendor/laravel/lumen-framework/src/Concerns/RoutesRequests.php(282): Laravel\\Lumen\\Application->callControllerAction(Array)
#6 /Users/simonjustesen/Sites/localhost/phpbraco/vendor/laravel/lumen-framework/src/Concerns/RoutesRequests.php(267): Laravel\\Lumen\\Application->callActionOnArrayBasedRoute(Array)
#7 /Users/simonjustesen/Sites/localhost/phpbraco/vendor/laravel/lumen-framework/src/Concerns/RoutesRequests.php(169): Laravel\\Lumen\\Application->handleFoundRoute(Array)
#8 /Users/simonjustesen/Sites/localhost/phpbraco/vendor/laravel/lumen-framework/src/Concerns/RoutesRequests.php(429): Laravel\\Lumen\\Application->Laravel\\Lumen\\Concerns\\{closure}(Object(Laravel\\Lumen\\Http\\Request))
#9 /Users/simonjustesen/Sites/localhost/phpbraco/vendor/laravel/lumen-framework/src/Concerns/RoutesRequests.php(175): Laravel\\Lumen\\Application->sendThroughPipeline(Array, Object(Closure))
#10 /Users/simonjustesen/Sites/localhost/phpbraco/vendor/laravel/lumen-framework/src/Concerns/RoutesRequests.php(112): Laravel\\Lumen\\Application->dispatch(NULL)
#11 /Users/simonjustesen/Sites/localhost/phpbraco/public/index.php(28): Laravel\\Lumen\\Application->run()
#12 {main}
"} 
[2022-04-02 08:49:06] local.ERROR: Target class [App\Http\Controllers\DoctypeApiController] does not exist. {"exception":"[object] (Illuminate\\Contracts\\Container\\BindingResolutionException(code: 0): Target class [App\\Http\\Controllers\\DoctypeApiController] does not exist. at /Users/simonjustesen/Sites/localhost/phpbraco/vendor/illuminate/container/Container.php:879)
[stacktrace]
#0 /Users/simonjustesen/Sites/localhost/phpbraco/vendor/illuminate/container/Container.php(758): Illuminate\\Container\\Container->build('App\\\\Http\\\\Contro...')
#1 /Users/simonjustesen/Sites/localhost/phpbraco/vendor/illuminate/container/Container.php(694): Illuminate\\Container\\Container->resolve('App\\\\Http\\\\Contro...', Array)
#2 /Users/simonjustesen/Sites/localhost/phpbraco/vendor/laravel/lumen-framework/src/Application.php(300): Illuminate\\Container\\Container->make('App\\\\Http\\\\Contro...', Array)
#3 /Users/simonjustesen/Sites/localhost/phpbraco/vendor/laravel/lumen-framework/src/Concerns/RoutesRequests.php(324): Laravel\\Lumen\\Application->make('App\\\\Http\\\\Contro...')
#4 /Users/simonjustesen/Sites/localhost/phpbraco/vendor/laravel/lumen-framework/src/Concerns/RoutesRequests.php(282): Laravel\\Lumen\\Application->callControllerAction(Array)
#5 /Users/simonjustesen/Sites/localhost/phpbraco/vendor/laravel/lumen-framework/src/Concerns/RoutesRequests.php(267): Laravel\\Lumen\\Application->callActionOnArrayBasedRoute(Array)
#6 /Users/simonjustesen/Sites/localhost/phpbraco/vendor/laravel/lumen-framework/src/Concerns/RoutesRequests.php(169): Laravel\\Lumen\\Application->handleFoundRoute(Array)
#7 /Users/simonjustesen/Sites/localhost/phpbraco/vendor/laravel/lumen-framework/src/Concerns/RoutesRequests.php(429): Laravel\\Lumen\\Application->Laravel\\Lumen\\Concerns\\{closure}(Object(Laravel\\Lumen\\Http\\Request))
#8 /Users/simonjustesen/Sites/localhost/phpbraco/vendor/laravel/lumen-framework/src/Concerns/RoutesRequests.php(175): Laravel\\Lumen\\Application->sendThroughPipeline(Array, Object(Closure))
#9 /Users/simonjustesen/Sites/localhost/phpbraco/vendor/laravel/lumen-framework/src/Concerns/RoutesRequests.php(112): Laravel\\Lumen\\Application->dispatch(NULL)
#10 /Users/simonjustesen/Sites/localhost/phpbraco/public/index.php(28): Laravel\\Lumen\\Application->run()
#11 {main}

[previous exception] [object] (ReflectionException(code: -1): Class \"App\\Http\\Controllers\\DoctypeApiController\" does not exist at /Users/simonjustesen/Sites/localhost/phpbraco/vendor/illuminate/container/Container.php:877)
[stacktrace]
#0 /Users/simonjustesen/Sites/localhost/phpbraco/vendor/illuminate/container/Container.php(877): ReflectionClass->__construct('App\\\\Http\\\\Contro...')
#1 /Users/simonjustesen/Sites/localhost/phpbraco/vendor/illuminate/container/Container.php(758): Illuminate\\Container\\Container->build('App\\\\Http\\\\Contro...')
#2 /Users/simonjustesen/Sites/localhost/phpbraco/vendor/illuminate/container/Container.php(694): Illuminate\\Container\\Container->resolve('App\\\\Http\\\\Contro...', Array)
#3 /Users/simonjustesen/Sites/localhost/phpbraco/vendor/laravel/lumen-framework/src/Application.php(300): Illuminate\\Container\\Container->make('App\\\\Http\\\\Contro...', Array)
#4 /Users/simonjustesen/Sites/localhost/phpbraco/vendor/laravel/lumen-framework/src/Concerns/RoutesRequests.php(324): Laravel\\Lumen\\Application->make('App\\\\Http\\\\Contro...')
#5 /Users/simonjustesen/Sites/localhost/phpbraco/vendor/laravel/lumen-framework/src/Concerns/RoutesRequests.php(282): Laravel\\Lumen\\Application->callControllerAction(Array)
#6 /Users/simonjustesen/Sites/localhost/phpbraco/vendor/laravel/lumen-framework/src/Concerns/RoutesRequests.php(267): Laravel\\Lumen\\Application->callActionOnArrayBasedRoute(Array)
#7 /Users/simonjustesen/Sites/localhost/phpbraco/vendor/laravel/lumen-framework/src/Concerns/RoutesRequests.php(169): Laravel\\Lumen\\Application->handleFoundRoute(Array)
#8 /Users/simonjustesen/Sites/localhost/phpbraco/vendor/laravel/lumen-framework/src/Concerns/RoutesRequests.php(429): Laravel\\Lumen\\Application->Laravel\\Lumen\\Concerns\\{closure}(Object(Laravel\\Lumen\\Http\\Request))
#9 /Users/simonjustesen/Sites/localhost/phpbraco/vendor/laravel/lumen-framework/src/Concerns/RoutesRequests.php(175): Laravel\\Lumen\\Application->sendThroughPipeline(Array, Object(Closure))
#10 /Users/simonjustesen/Sites/localhost/phpbraco/vendor/laravel/lumen-framework/src/Concerns/RoutesRequests.php(112): Laravel\\Lumen\\Application->dispatch(NULL)
#11 /Users/simonjustesen/Sites/localhost/phpbraco/public/index.php(28): Laravel\\Lumen\\Application->run()
#12 {main}
"} 
[2022-04-02 08:50:05] local.ERROR: Target class [\DoctypeApiController] does not exist. {"exception":"[object] (Illuminate\\Contracts\\Container\\BindingResolutionException(code: 0): Target class [\\DoctypeApiController] does not exist. at /Users/simonjustesen/Sites/localhost/phpbraco/vendor/illuminate/container/Container.php:879)
[stacktrace]
#0 /Users/simonjustesen/Sites/localhost/phpbraco/vendor/illuminate/container/Container.php(758): Illuminate\\Container\\Container->build('\\\\DoctypeApiCont...')
#1 /Users/simonjustesen/Sites/localhost/phpbraco/vendor/illuminate/container/Container.php(694): Illuminate\\Container\\Container->resolve('\\\\DoctypeApiCont...', Array)
#2 /Users/simonjustesen/Sites/localhost/phpbraco/vendor/laravel/lumen-framework/src/Application.php(300): Illuminate\\Container\\Container->make('\\\\DoctypeApiCont...', Array)
#3 /Users/simonjustesen/Sites/localhost/phpbraco/vendor/laravel/lumen-framework/src/Concerns/RoutesRequests.php(324): Laravel\\Lumen\\Application->make('\\\\DoctypeApiCont...')
#4 /Users/simonjustesen/Sites/localhost/phpbraco/vendor/laravel/lumen-framework/src/Concerns/RoutesRequests.php(282): Laravel\\Lumen\\Application->callControllerAction(Array)
#5 /Users/simonjustesen/Sites/localhost/phpbraco/vendor/laravel/lumen-framework/src/Concerns/RoutesRequests.php(267): Laravel\\Lumen\\Application->callActionOnArrayBasedRoute(Array)
#6 /Users/simonjustesen/Sites/localhost/phpbraco/vendor/laravel/lumen-framework/src/Concerns/RoutesRequests.php(169): Laravel\\Lumen\\Application->handleFoundRoute(Array)
#7 /Users/simonjustesen/Sites/localhost/phpbraco/vendor/laravel/lumen-framework/src/Concerns/RoutesRequests.php(429): Laravel\\Lumen\\Application->Laravel\\Lumen\\Concerns\\{closure}(Object(Laravel\\Lumen\\Http\\Request))
#8 /Users/simonjustesen/Sites/localhost/phpbraco/vendor/laravel/lumen-framework/src/Concerns/RoutesRequests.php(175): Laravel\\Lumen\\Application->sendThroughPipeline(Array, Object(Closure))
#9 /Users/simonjustesen/Sites/localhost/phpbraco/vendor/laravel/lumen-framework/src/Concerns/RoutesRequests.php(112): Laravel\\Lumen\\Application->dispatch(NULL)
#10 /Users/simonjustesen/Sites/localhost/phpbraco/public/index.php(28): Laravel\\Lumen\\Application->run()
#11 {main}

[previous exception] [object] (ReflectionException(code: -1): Class \"\\DoctypeApiController\" does not exist at /Users/simonjustesen/Sites/localhost/phpbraco/vendor/illuminate/container/Container.php:877)
[stacktrace]
#0 /Users/simonjustesen/Sites/localhost/phpbraco/vendor/illuminate/container/Container.php(877): ReflectionClass->__construct('\\\\DoctypeApiCont...')
#1 /Users/simonjustesen/Sites/localhost/phpbraco/vendor/illuminate/container/Container.php(758): Illuminate\\Container\\Container->build('\\\\DoctypeApiCont...')
#2 /Users/simonjustesen/Sites/localhost/phpbraco/vendor/illuminate/container/Container.php(694): Illuminate\\Container\\Container->resolve('\\\\DoctypeApiCont...', Array)
#3 /Users/simonjustesen/Sites/localhost/phpbraco/vendor/laravel/lumen-framework/src/Application.php(300): Illuminate\\Container\\Container->make('\\\\DoctypeApiCont...', Array)
#4 /Users/simonjustesen/Sites/localhost/phpbraco/vendor/laravel/lumen-framework/src/Concerns/RoutesRequests.php(324): Laravel\\Lumen\\Application->make('\\\\DoctypeApiCont...')
#5 /Users/simonjustesen/Sites/localhost/phpbraco/vendor/laravel/lumen-framework/src/Concerns/RoutesRequests.php(282): Laravel\\Lumen\\Application->callControllerAction(Array)
#6 /Users/simonjustesen/Sites/localhost/phpbraco/vendor/laravel/lumen-framework/src/Concerns/RoutesRequests.php(267): Laravel\\Lumen\\Application->callActionOnArrayBasedRoute(Array)
#7 /Users/simonjustesen/Sites/localhost/phpbraco/vendor/laravel/lumen-framework/src/Concerns/RoutesRequests.php(169): Laravel\\Lumen\\Application->handleFoundRoute(Array)
#8 /Users/simonjustesen/Sites/localhost/phpbraco/vendor/laravel/lumen-framework/src/Concerns/RoutesRequests.php(429): Laravel\\Lumen\\Application->Laravel\\Lumen\\Concerns\\{closure}(Object(Laravel\\Lumen\\Http\\Request))
#9 /Users/simonjustesen/Sites/localhost/phpbraco/vendor/laravel/lumen-framework/src/Concerns/RoutesRequests.php(175): Laravel\\Lumen\\Application->sendThroughPipeline(Array, Object(Closure))
#10 /Users/simonjustesen/Sites/localhost/phpbraco/vendor/laravel/lumen-framework/src/Concerns/RoutesRequests.php(112): Laravel\\Lumen\\Application->dispatch(NULL)
#11 /Users/simonjustesen/Sites/localhost/phpbraco/public/index.php(28): Laravel\\Lumen\\Application->run()
#12 {main}
"} 
[2022-04-02 08:50:44] local.ERROR: Target class [\DoctypeApiController] does not exist. {"exception":"[object] (Illuminate\\Contracts\\Container\\BindingResolutionException(code: 0): Target class [\\DoctypeApiController] does not exist. at /Users/simonjustesen/Sites/localhost/phpbraco/vendor/illuminate/container/Container.php:879)
[stacktrace]
#0 /Users/simonjustesen/Sites/localhost/phpbraco/vendor/illuminate/container/Container.php(758): Illuminate\\Container\\Container->build('\\\\DoctypeApiCont...')
#1 /Users/simonjustesen/Sites/localhost/phpbraco/vendor/illuminate/container/Container.php(694): Illuminate\\Container\\Container->resolve('\\\\DoctypeApiCont...', Array)
#2 /Users/simonjustesen/Sites/localhost/phpbraco/vendor/laravel/lumen-framework/src/Application.php(300): Illuminate\\Container\\Container->make('\\\\DoctypeApiCont...', Array)
#3 /Users/simonjustesen/Sites/localhost/phpbraco/vendor/laravel/lumen-framework/src/Concerns/RoutesRequests.php(324): Laravel\\Lumen\\Application->make('\\\\DoctypeApiCont...')
#4 /Users/simonjustesen/Sites/localhost/phpbraco/vendor/laravel/lumen-framework/src/Concerns/RoutesRequests.php(282): Laravel\\Lumen\\Application->callControllerAction(Array)
#5 /Users/simonjustesen/Sites/localhost/phpbraco/vendor/laravel/lumen-framework/src/Concerns/RoutesRequests.php(267): Laravel\\Lumen\\Application->callActionOnArrayBasedRoute(Array)
#6 /Users/simonjustesen/Sites/localhost/phpbraco/vendor/laravel/lumen-framework/src/Concerns/RoutesRequests.php(169): Laravel\\Lumen\\Application->handleFoundRoute(Array)
#7 /Users/simonjustesen/Sites/localhost/phpbraco/vendor/laravel/lumen-framework/src/Concerns/RoutesRequests.php(429): Laravel\\Lumen\\Application->Laravel\\Lumen\\Concerns\\{closure}(Object(Laravel\\Lumen\\Http\\Request))
#8 /Users/simonjustesen/Sites/localhost/phpbraco/vendor/laravel/lumen-framework/src/Concerns/RoutesRequests.php(175): Laravel\\Lumen\\Application->sendThroughPipeline(Array, Object(Closure))
#9 /Users/simonjustesen/Sites/localhost/phpbraco/vendor/laravel/lumen-framework/src/Concerns/RoutesRequests.php(112): Laravel\\Lumen\\Application->dispatch(NULL)
#10 /Users/simonjustesen/Sites/localhost/phpbraco/public/index.php(28): Laravel\\Lumen\\Application->run()
#11 {main}

[previous exception] [object] (ReflectionException(code: -1): Class \"\\DoctypeApiController\" does not exist at /Users/simonjustesen/Sites/localhost/phpbraco/vendor/illuminate/container/Container.php:877)
[stacktrace]
#0 /Users/simonjustesen/Sites/localhost/phpbraco/vendor/illuminate/container/Container.php(877): ReflectionClass->__construct('\\\\DoctypeApiCont...')
#1 /Users/simonjustesen/Sites/localhost/phpbraco/vendor/illuminate/container/Container.php(758): Illuminate\\Container\\Container->build('\\\\DoctypeApiCont...')
#2 /Users/simonjustesen/Sites/localhost/phpbraco/vendor/illuminate/container/Container.php(694): Illuminate\\Container\\Container->resolve('\\\\DoctypeApiCont...', Array)
#3 /Users/simonjustesen/Sites/localhost/phpbraco/vendor/laravel/lumen-framework/src/Application.php(300): Illuminate\\Container\\Container->make('\\\\DoctypeApiCont...', Array)
#4 /Users/simonjustesen/Sites/localhost/phpbraco/vendor/laravel/lumen-framework/src/Concerns/RoutesRequests.php(324): Laravel\\Lumen\\Application->make('\\\\DoctypeApiCont...')
#5 /Users/simonjustesen/Sites/localhost/phpbraco/vendor/laravel/lumen-framework/src/Concerns/RoutesRequests.php(282): Laravel\\Lumen\\Application->callControllerAction(Array)
#6 /Users/simonjustesen/Sites/localhost/phpbraco/vendor/laravel/lumen-framework/src/Concerns/RoutesRequests.php(267): Laravel\\Lumen\\Application->callActionOnArrayBasedRoute(Array)
#7 /Users/simonjustesen/Sites/localhost/phpbraco/vendor/laravel/lumen-framework/src/Concerns/RoutesRequests.php(169): Laravel\\Lumen\\Application->handleFoundRoute(Array)
#8 /Users/simonjustesen/Sites/localhost/phpbraco/vendor/laravel/lumen-framework/src/Concerns/RoutesRequests.php(429): Laravel\\Lumen\\Application->Laravel\\Lumen\\Concerns\\{closure}(Object(Laravel\\Lumen\\Http\\Request))
#9 /Users/simonjustesen/Sites/localhost/phpbraco/vendor/laravel/lumen-framework/src/Concerns/RoutesRequests.php(175): Laravel\\Lumen\\Application->sendThroughPipeline(Array, Object(Closure))
#10 /Users/simonjustesen/Sites/localhost/phpbraco/vendor/laravel/lumen-framework/src/Concerns/RoutesRequests.php(112): Laravel\\Lumen\\Application->dispatch(NULL)
#11 /Users/simonjustesen/Sites/localhost/phpbraco/public/index.php(28): Laravel\\Lumen\\Application->run()
#12 {main}
"} 
[2022-04-02 08:55:16] local.ERROR: Target class [\DoctypeApiController] does not exist. {"exception":"[object] (Illuminate\\Contracts\\Container\\BindingResolutionException(code: 0): Target class [\\DoctypeApiController] does not exist. at /Users/simonjustesen/Sites/localhost/phpbraco/vendor/illuminate/container/Container.php:879)
[stacktrace]
#0 /Users/simonjustesen/Sites/localhost/phpbraco/vendor/illuminate/container/Container.php(758): Illuminate\\Container\\Container->build('\\\\DoctypeApiCont...')
#1 /Users/simonjustesen/Sites/localhost/phpbraco/vendor/illuminate/container/Container.php(694): Illuminate\\Container\\Container->resolve('\\\\DoctypeApiCont...', Array)
#2 /Users/simonjustesen/Sites/localhost/phpbraco/vendor/laravel/lumen-framework/src/Application.php(300): Illuminate\\Container\\Container->make('\\\\DoctypeApiCont...', Array)
#3 /Users/simonjustesen/Sites/localhost/phpbraco/vendor/laravel/lumen-framework/src/Concerns/RoutesRequests.php(324): Laravel\\Lumen\\Application->make('\\\\DoctypeApiCont...')
#4 /Users/simonjustesen/Sites/localhost/phpbraco/vendor/laravel/lumen-framework/src/Concerns/RoutesRequests.php(282): Laravel\\Lumen\\Application->callControllerAction(Array)
#5 /Users/simonjustesen/Sites/localhost/phpbraco/vendor/laravel/lumen-framework/src/Concerns/RoutesRequests.php(267): Laravel\\Lumen\\Application->callActionOnArrayBasedRoute(Array)
#6 /Users/simonjustesen/Sites/localhost/phpbraco/vendor/laravel/lumen-framework/src/Concerns/RoutesRequests.php(169): Laravel\\Lumen\\Application->handleFoundRoute(Array)
#7 /Users/simonjustesen/Sites/localhost/phpbraco/vendor/laravel/lumen-framework/src/Concerns/RoutesRequests.php(429): Laravel\\Lumen\\Application->Laravel\\Lumen\\Concerns\\{closure}(Object(Laravel\\Lumen\\Http\\Request))
#8 /Users/simonjustesen/Sites/localhost/phpbraco/vendor/laravel/lumen-framework/src/Concerns/RoutesRequests.php(175): Laravel\\Lumen\\Application->sendThroughPipeline(Array, Object(Closure))
#9 /Users/simonjustesen/Sites/localhost/phpbraco/vendor/laravel/lumen-framework/src/Concerns/RoutesRequests.php(112): Laravel\\Lumen\\Application->dispatch(NULL)
#10 /Users/simonjustesen/Sites/localhost/phpbraco/public/index.php(28): Laravel\\Lumen\\Application->run()
#11 {main}

[previous exception] [object] (ReflectionException(code: -1): Class \"\\DoctypeApiController\" does not exist at /Users/simonjustesen/Sites/localhost/phpbraco/vendor/illuminate/container/Container.php:877)
[stacktrace]
#0 /Users/simonjustesen/Sites/localhost/phpbraco/vendor/illuminate/container/Container.php(877): ReflectionClass->__construct('\\\\DoctypeApiCont...')
#1 /Users/simonjustesen/Sites/localhost/phpbraco/vendor/illuminate/container/Container.php(758): Illuminate\\Container\\Container->build('\\\\DoctypeApiCont...')
#2 /Users/simonjustesen/Sites/localhost/phpbraco/vendor/illuminate/container/Container.php(694): Illuminate\\Container\\Container->resolve('\\\\DoctypeApiCont...', Array)
#3 /Users/simonjustesen/Sites/localhost/phpbraco/vendor/laravel/lumen-framework/src/Application.php(300): Illuminate\\Container\\Container->make('\\\\DoctypeApiCont...', Array)
#4 /Users/simonjustesen/Sites/localhost/phpbraco/vendor/laravel/lumen-framework/src/Concerns/RoutesRequests.php(324): Laravel\\Lumen\\Application->make('\\\\DoctypeApiCont...')
#5 /Users/simonjustesen/Sites/localhost/phpbraco/vendor/laravel/lumen-framework/src/Concerns/RoutesRequests.php(282): Laravel\\Lumen\\Application->callControllerAction(Array)
#6 /Users/simonjustesen/Sites/localhost/phpbraco/vendor/laravel/lumen-framework/src/Concerns/RoutesRequests.php(267): Laravel\\Lumen\\Application->callActionOnArrayBasedRoute(Array)
#7 /Users/simonjustesen/Sites/localhost/phpbraco/vendor/laravel/lumen-framework/src/Concerns/RoutesRequests.php(169): Laravel\\Lumen\\Application->handleFoundRoute(Array)
#8 /Users/simonjustesen/Sites/localhost/phpbraco/vendor/laravel/lumen-framework/src/Concerns/RoutesRequests.php(429): Laravel\\Lumen\\Application->Laravel\\Lumen\\Concerns\\{closure}(Object(Laravel\\Lumen\\Http\\Request))
#9 /Users/simonjustesen/Sites/localhost/phpbraco/vendor/laravel/lumen-framework/src/Concerns/RoutesRequests.php(175): Laravel\\Lumen\\Application->sendThroughPipeline(Array, Object(Closure))
#10 /Users/simonjustesen/Sites/localhost/phpbraco/vendor/laravel/lumen-framework/src/Concerns/RoutesRequests.php(112): Laravel\\Lumen\\Application->dispatch(NULL)
#11 /Users/simonjustesen/Sites/localhost/phpbraco/public/index.php(28): Laravel\\Lumen\\Application->run()
#12 {main}
"} 
[2022-04-02 08:56:01] local.ERROR: Target class [\DoctypeApiController] does not exist. {"exception":"[object] (Illuminate\\Contracts\\Container\\BindingResolutionException(code: 0): Target class [\\DoctypeApiController] does not exist. at /Users/simonjustesen/Sites/localhost/phpbraco/vendor/illuminate/container/Container.php:879)
[stacktrace]
#0 /Users/simonjustesen/Sites/localhost/phpbraco/vendor/illuminate/container/Container.php(758): Illuminate\\Container\\Container->build('\\\\DoctypeApiCont...')
#1 /Users/simonjustesen/Sites/localhost/phpbraco/vendor/illuminate/container/Container.php(694): Illuminate\\Container\\Container->resolve('\\\\DoctypeApiCont...', Array)
#2 /Users/simonjustesen/Sites/localhost/phpbraco/vendor/laravel/lumen-framework/src/Application.php(300): Illuminate\\Container\\Container->make('\\\\DoctypeApiCont...', Array)
#3 /Users/simonjustesen/Sites/localhost/phpbraco/vendor/laravel/lumen-framework/src/Concerns/RoutesRequests.php(324): Laravel\\Lumen\\Application->make('\\\\DoctypeApiCont...')
#4 /Users/simonjustesen/Sites/localhost/phpbraco/vendor/laravel/lumen-framework/src/Concerns/RoutesRequests.php(282): Laravel\\Lumen\\Application->callControllerAction(Array)
#5 /Users/simonjustesen/Sites/localhost/phpbraco/vendor/laravel/lumen-framework/src/Concerns/RoutesRequests.php(267): Laravel\\Lumen\\Application->callActionOnArrayBasedRoute(Array)
#6 /Users/simonjustesen/Sites/localhost/phpbraco/vendor/laravel/lumen-framework/src/Concerns/RoutesRequests.php(169): Laravel\\Lumen\\Application->handleFoundRoute(Array)
#7 /Users/simonjustesen/Sites/localhost/phpbraco/vendor/laravel/lumen-framework/src/Concerns/RoutesRequests.php(429): Laravel\\Lumen\\Application->Laravel\\Lumen\\Concerns\\{closure}(Object(Laravel\\Lumen\\Http\\Request))
#8 /Users/simonjustesen/Sites/localhost/phpbraco/vendor/laravel/lumen-framework/src/Concerns/RoutesRequests.php(175): Laravel\\Lumen\\Application->sendThroughPipeline(Array, Object(Closure))
#9 /Users/simonjustesen/Sites/localhost/phpbraco/vendor/laravel/lumen-framework/src/Concerns/RoutesRequests.php(112): Laravel\\Lumen\\Application->dispatch(NULL)
#10 /Users/simonjustesen/Sites/localhost/phpbraco/public/index.php(28): Laravel\\Lumen\\Application->run()
#11 {main}

[previous exception] [object] (ReflectionException(code: -1): Class \"\\DoctypeApiController\" does not exist at /Users/simonjustesen/Sites/localhost/phpbraco/vendor/illuminate/container/Container.php:877)
[stacktrace]
#0 /Users/simonjustesen/Sites/localhost/phpbraco/vendor/illuminate/container/Container.php(877): ReflectionClass->__construct('\\\\DoctypeApiCont...')
#1 /Users/simonjustesen/Sites/localhost/phpbraco/vendor/illuminate/container/Container.php(758): Illuminate\\Container\\Container->build('\\\\DoctypeApiCont...')
#2 /Users/simonjustesen/Sites/localhost/phpbraco/vendor/illuminate/container/Container.php(694): Illuminate\\Container\\Container->resolve('\\\\DoctypeApiCont...', Array)
#3 /Users/simonjustesen/Sites/localhost/phpbraco/vendor/laravel/lumen-framework/src/Application.php(300): Illuminate\\Container\\Container->make('\\\\DoctypeApiCont...', Array)
#4 /Users/simonjustesen/Sites/localhost/phpbraco/vendor/laravel/lumen-framework/src/Concerns/RoutesRequests.php(324): Laravel\\Lumen\\Application->make('\\\\DoctypeApiCont...')
#5 /Users/simonjustesen/Sites/localhost/phpbraco/vendor/laravel/lumen-framework/src/Concerns/RoutesRequests.php(282): Laravel\\Lumen\\Application->callControllerAction(Array)
#6 /Users/simonjustesen/Sites/localhost/phpbraco/vendor/laravel/lumen-framework/src/Concerns/RoutesRequests.php(267): Laravel\\Lumen\\Application->callActionOnArrayBasedRoute(Array)
#7 /Users/simonjustesen/Sites/localhost/phpbraco/vendor/laravel/lumen-framework/src/Concerns/RoutesRequests.php(169): Laravel\\Lumen\\Application->handleFoundRoute(Array)
#8 /Users/simonjustesen/Sites/localhost/phpbraco/vendor/laravel/lumen-framework/src/Concerns/RoutesRequests.php(429): Laravel\\Lumen\\Application->Laravel\\Lumen\\Concerns\\{closure}(Object(Laravel\\Lumen\\Http\\Request))
#9 /Users/simonjustesen/Sites/localhost/phpbraco/vendor/laravel/lumen-framework/src/Concerns/RoutesRequests.php(175): Laravel\\Lumen\\Application->sendThroughPipeline(Array, Object(Closure))
#10 /Users/simonjustesen/Sites/localhost/phpbraco/vendor/laravel/lumen-framework/src/Concerns/RoutesRequests.php(112): Laravel\\Lumen\\Application->dispatch(NULL)
#11 /Users/simonjustesen/Sites/localhost/phpbraco/public/index.php(28): Laravel\\Lumen\\Application->run()
#12 {main}
"} 
[2022-04-02 08:56:24] local.ERROR: Target class [App\Http\Controllers\DoctypeApiController] does not exist. {"exception":"[object] (Illuminate\\Contracts\\Container\\BindingResolutionException(code: 0): Target class [App\\Http\\Controllers\\DoctypeApiController] does not exist. at /Users/simonjustesen/Sites/localhost/phpbraco/vendor/illuminate/container/Container.php:879)
[stacktrace]
#0 /Users/simonjustesen/Sites/localhost/phpbraco/vendor/illuminate/container/Container.php(758): Illuminate\\Container\\Container->build('App\\\\Http\\\\Contro...')
#1 /Users/simonjustesen/Sites/localhost/phpbraco/vendor/illuminate/container/Container.php(694): Illuminate\\Container\\Container->resolve('App\\\\Http\\\\Contro...', Array)
#2 /Users/simonjustesen/Sites/localhost/phpbraco/vendor/laravel/lumen-framework/src/Application.php(300): Illuminate\\Container\\Container->make('App\\\\Http\\\\Contro...', Array)
#3 /Users/simonjustesen/Sites/localhost/phpbraco/vendor/laravel/lumen-framework/src/Concerns/RoutesRequests.php(324): Laravel\\Lumen\\Application->make('App\\\\Http\\\\Contro...')
#4 /Users/simonjustesen/Sites/localhost/phpbraco/vendor/laravel/lumen-framework/src/Concerns/RoutesRequests.php(282): Laravel\\Lumen\\Application->callControllerAction(Array)
#5 /Users/simonjustesen/Sites/localhost/phpbraco/vendor/laravel/lumen-framework/src/Concerns/RoutesRequests.php(267): Laravel\\Lumen\\Application->callActionOnArrayBasedRoute(Array)
#6 /Users/simonjustesen/Sites/localhost/phpbraco/vendor/laravel/lumen-framework/src/Concerns/RoutesRequests.php(169): Laravel\\Lumen\\Application->handleFoundRoute(Array)
#7 /Users/simonjustesen/Sites/localhost/phpbraco/vendor/laravel/lumen-framework/src/Concerns/RoutesRequests.php(429): Laravel\\Lumen\\Application->Laravel\\Lumen\\Concerns\\{closure}(Object(Laravel\\Lumen\\Http\\Request))
#8 /Users/simonjustesen/Sites/localhost/phpbraco/vendor/laravel/lumen-framework/src/Concerns/RoutesRequests.php(175): Laravel\\Lumen\\Application->sendThroughPipeline(Array, Object(Closure))
#9 /Users/simonjustesen/Sites/localhost/phpbraco/vendor/laravel/lumen-framework/src/Concerns/RoutesRequests.php(112): Laravel\\Lumen\\Application->dispatch(NULL)
#10 /Users/simonjustesen/Sites/localhost/phpbraco/public/index.php(28): Laravel\\Lumen\\Application->run()
#11 {main}

[previous exception] [object] (ReflectionException(code: -1): Class \"App\\Http\\Controllers\\DoctypeApiController\" does not exist at /Users/simonjustesen/Sites/localhost/phpbraco/vendor/illuminate/container/Container.php:877)
[stacktrace]
#0 /Users/simonjustesen/Sites/localhost/phpbraco/vendor/illuminate/container/Container.php(877): ReflectionClass->__construct('App\\\\Http\\\\Contro...')
#1 /Users/simonjustesen/Sites/localhost/phpbraco/vendor/illuminate/container/Container.php(758): Illuminate\\Container\\Container->build('App\\\\Http\\\\Contro...')
#2 /Users/simonjustesen/Sites/localhost/phpbraco/vendor/illuminate/container/Container.php(694): Illuminate\\Container\\Container->resolve('App\\\\Http\\\\Contro...', Array)
#3 /Users/simonjustesen/Sites/localhost/phpbraco/vendor/laravel/lumen-framework/src/Application.php(300): Illuminate\\Container\\Container->make('App\\\\Http\\\\Contro...', Array)
#4 /Users/simonjustesen/Sites/localhost/phpbraco/vendor/laravel/lumen-framework/src/Concerns/RoutesRequests.php(324): Laravel\\Lumen\\Application->make('App\\\\Http\\\\Contro...')
#5 /Users/simonjustesen/Sites/localhost/phpbraco/vendor/laravel/lumen-framework/src/Concerns/RoutesRequests.php(282): Laravel\\Lumen\\Application->callControllerAction(Array)
#6 /Users/simonjustesen/Sites/localhost/phpbraco/vendor/laravel/lumen-framework/src/Concerns/RoutesRequests.php(267): Laravel\\Lumen\\Application->callActionOnArrayBasedRoute(Array)
#7 /Users/simonjustesen/Sites/localhost/phpbraco/vendor/laravel/lumen-framework/src/Concerns/RoutesRequests.php(169): Laravel\\Lumen\\Application->handleFoundRoute(Array)
#8 /Users/simonjustesen/Sites/localhost/phpbraco/vendor/laravel/lumen-framework/src/Concerns/RoutesRequests.php(429): Laravel\\Lumen\\Application->Laravel\\Lumen\\Concerns\\{closure}(Object(Laravel\\Lumen\\Http\\Request))
#9 /Users/simonjustesen/Sites/localhost/phpbraco/vendor/laravel/lumen-framework/src/Concerns/RoutesRequests.php(175): Laravel\\Lumen\\Application->sendThroughPipeline(Array, Object(Closure))
#10 /Users/simonjustesen/Sites/localhost/phpbraco/vendor/laravel/lumen-framework/src/Concerns/RoutesRequests.php(112): Laravel\\Lumen\\Application->dispatch(NULL)
#11 /Users/simonjustesen/Sites/localhost/phpbraco/public/index.php(28): Laravel\\Lumen\\Application->run()
#12 {main}
"} 
[2022-04-02 09:02:13] local.ERROR: Class "App\Http\Controllers\BaseController" not found {"exception":"[object] (Error(code: 0): Class \"App\\Http\\Controllers\\BaseController\" not found at /Users/simonjustesen/Sites/localhost/phpbraco/app/Http/Controllers/DoctypeApiController.php:7)
[stacktrace]
#0 /Users/simonjustesen/Sites/localhost/phpbraco/vendor/composer/ClassLoader.php(571): include()
#1 /Users/simonjustesen/Sites/localhost/phpbraco/vendor/composer/ClassLoader.php(428): Composer\\Autoload\\includeFile('/Users/simonjus...')
#2 [internal function]: Composer\\Autoload\\ClassLoader->loadClass('App\\\\Http\\\\Contro...')
#3 /Users/simonjustesen/Sites/localhost/phpbraco/vendor/illuminate/container/Container.php(877): ReflectionClass->__construct('App\\\\Http\\\\Contro...')
#4 /Users/simonjustesen/Sites/localhost/phpbraco/vendor/illuminate/container/Container.php(758): Illuminate\\Container\\Container->build('App\\\\Http\\\\Contro...')
#5 /Users/simonjustesen/Sites/localhost/phpbraco/vendor/illuminate/container/Container.php(694): Illuminate\\Container\\Container->resolve('App\\\\Http\\\\Contro...', Array)
#6 /Users/simonjustesen/Sites/localhost/phpbraco/vendor/laravel/lumen-framework/src/Application.php(300): Illuminate\\Container\\Container->make('App\\\\Http\\\\Contro...', Array)
#7 /Users/simonjustesen/Sites/localhost/phpbraco/vendor/laravel/lumen-framework/src/Concerns/RoutesRequests.php(324): Laravel\\Lumen\\Application->make('App\\\\Http\\\\Contro...')
#8 /Users/simonjustesen/Sites/localhost/phpbraco/vendor/laravel/lumen-framework/src/Concerns/RoutesRequests.php(282): Laravel\\Lumen\\Application->callControllerAction(Array)
#9 /Users/simonjustesen/Sites/localhost/phpbraco/vendor/laravel/lumen-framework/src/Concerns/RoutesRequests.php(267): Laravel\\Lumen\\Application->callActionOnArrayBasedRoute(Array)
#10 /Users/simonjustesen/Sites/localhost/phpbraco/vendor/laravel/lumen-framework/src/Concerns/RoutesRequests.php(169): Laravel\\Lumen\\Application->handleFoundRoute(Array)
#11 /Users/simonjustesen/Sites/localhost/phpbraco/vendor/laravel/lumen-framework/src/Concerns/RoutesRequests.php(429): Laravel\\Lumen\\Application->Laravel\\Lumen\\Concerns\\{closure}(Object(Laravel\\Lumen\\Http\\Request))
#12 /Users/simonjustesen/Sites/localhost/phpbraco/vendor/laravel/lumen-framework/src/Concerns/RoutesRequests.php(175): Laravel\\Lumen\\Application->sendThroughPipeline(Array, Object(Closure))
#13 /Users/simonjustesen/Sites/localhost/phpbraco/vendor/laravel/lumen-framework/src/Concerns/RoutesRequests.php(112): Laravel\\Lumen\\Application->dispatch(NULL)
#14 /Users/simonjustesen/Sites/localhost/phpbraco/public/index.php(28): Laravel\\Lumen\\Application->run()
#15 {main}
"} 
[2022-04-02 09:02:45] local.ERROR: Class "App\Http\Controllers\BaseController" not found {"exception":"[object] (Error(code: 0): Class \"App\\Http\\Controllers\\BaseController\" not found at /Users/simonjustesen/Sites/localhost/phpbraco/app/Http/Controllers/DoctypeApiController.php:7)
[stacktrace]
#0 /Users/simonjustesen/Sites/localhost/phpbraco/vendor/composer/ClassLoader.php(571): include()
#1 /Users/simonjustesen/Sites/localhost/phpbraco/vendor/composer/ClassLoader.php(428): Composer\\Autoload\\includeFile('/Users/simonjus...')
#2 [internal function]: Composer\\Autoload\\ClassLoader->loadClass('App\\\\Http\\\\Contro...')
#3 /Users/simonjustesen/Sites/localhost/phpbraco/vendor/illuminate/container/Container.php(877): ReflectionClass->__construct('App\\\\Http\\\\Contro...')
#4 /Users/simonjustesen/Sites/localhost/phpbraco/vendor/illuminate/container/Container.php(758): Illuminate\\Container\\Container->build('App\\\\Http\\\\Contro...')
#5 /Users/simonjustesen/Sites/localhost/phpbraco/vendor/illuminate/container/Container.php(694): Illuminate\\Container\\Container->resolve('App\\\\Http\\\\Contro...', Array)
#6 /Users/simonjustesen/Sites/localhost/phpbraco/vendor/laravel/lumen-framework/src/Application.php(300): Illuminate\\Container\\Container->make('App\\\\Http\\\\Contro...', Array)
#7 /Users/simonjustesen/Sites/localhost/phpbraco/vendor/laravel/lumen-framework/src/Concerns/RoutesRequests.php(324): Laravel\\Lumen\\Application->make('App\\\\Http\\\\Contro...')
#8 /Users/simonjustesen/Sites/localhost/phpbraco/vendor/laravel/lumen-framework/src/Concerns/RoutesRequests.php(282): Laravel\\Lumen\\Application->callControllerAction(Array)
#9 /Users/simonjustesen/Sites/localhost/phpbraco/vendor/laravel/lumen-framework/src/Concerns/RoutesRequests.php(267): Laravel\\Lumen\\Application->callActionOnArrayBasedRoute(Array)
#10 /Users/simonjustesen/Sites/localhost/phpbraco/vendor/laravel/lumen-framework/src/Concerns/RoutesRequests.php(169): Laravel\\Lumen\\Application->handleFoundRoute(Array)
#11 /Users/simonjustesen/Sites/localhost/phpbraco/vendor/laravel/lumen-framework/src/Concerns/RoutesRequests.php(429): Laravel\\Lumen\\Application->Laravel\\Lumen\\Concerns\\{closure}(Object(Laravel\\Lumen\\Http\\Request))
#12 /Users/simonjustesen/Sites/localhost/phpbraco/vendor/laravel/lumen-framework/src/Concerns/RoutesRequests.php(175): Laravel\\Lumen\\Application->sendThroughPipeline(Array, Object(Closure))
#13 /Users/simonjustesen/Sites/localhost/phpbraco/vendor/laravel/lumen-framework/src/Concerns/RoutesRequests.php(112): Laravel\\Lumen\\Application->dispatch(NULL)
#14 /Users/simonjustesen/Sites/localhost/phpbraco/public/index.php(28): Laravel\\Lumen\\Application->run()
#15 {main}
"} 
[2022-04-02 09:07:01] local.ERROR: Target class [App\Http\Controllers\DoctypeApiController] does not exist. {"exception":"[object] (Illuminate\\Contracts\\Container\\BindingResolutionException(code: 0): Target class [App\\Http\\Controllers\\DoctypeApiController] does not exist. at /Users/simonjustesen/Sites/localhost/phpbraco/vendor/illuminate/container/Container.php:879)
[stacktrace]
#0 /Users/simonjustesen/Sites/localhost/phpbraco/vendor/illuminate/container/Container.php(758): Illuminate\\Container\\Container->build('App\\\\Http\\\\Contro...')
#1 /Users/simonjustesen/Sites/localhost/phpbraco/vendor/illuminate/container/Container.php(694): Illuminate\\Container\\Container->resolve('App\\\\Http\\\\Contro...', Array)
#2 /Users/simonjustesen/Sites/localhost/phpbraco/vendor/laravel/lumen-framework/src/Application.php(300): Illuminate\\Container\\Container->make('App\\\\Http\\\\Contro...', Array)
#3 /Users/simonjustesen/Sites/localhost/phpbraco/vendor/laravel/lumen-framework/src/Concerns/RoutesRequests.php(324): Laravel\\Lumen\\Application->make('App\\\\Http\\\\Contro...')
#4 /Users/simonjustesen/Sites/localhost/phpbraco/vendor/laravel/lumen-framework/src/Concerns/RoutesRequests.php(282): Laravel\\Lumen\\Application->callControllerAction(Array)
#5 /Users/simonjustesen/Sites/localhost/phpbraco/vendor/laravel/lumen-framework/src/Concerns/RoutesRequests.php(267): Laravel\\Lumen\\Application->callActionOnArrayBasedRoute(Array)
#6 /Users/simonjustesen/Sites/localhost/phpbraco/vendor/laravel/lumen-framework/src/Concerns/RoutesRequests.php(169): Laravel\\Lumen\\Application->handleFoundRoute(Array)
#7 /Users/simonjustesen/Sites/localhost/phpbraco/vendor/laravel/lumen-framework/src/Concerns/RoutesRequests.php(429): Laravel\\Lumen\\Application->Laravel\\Lumen\\Concerns\\{closure}(Object(Laravel\\Lumen\\Http\\Request))
#8 /Users/simonjustesen/Sites/localhost/phpbraco/vendor/laravel/lumen-framework/src/Concerns/RoutesRequests.php(175): Laravel\\Lumen\\Application->sendThroughPipeline(Array, Object(Closure))
#9 /Users/simonjustesen/Sites/localhost/phpbraco/vendor/laravel/lumen-framework/src/Concerns/RoutesRequests.php(112): Laravel\\Lumen\\Application->dispatch(NULL)
#10 /Users/simonjustesen/Sites/localhost/phpbraco/public/index.php(28): Laravel\\Lumen\\Application->run()
#11 {main}

[previous exception] [object] (ReflectionException(code: -1): Class \"App\\Http\\Controllers\\DoctypeApiController\" does not exist at /Users/simonjustesen/Sites/localhost/phpbraco/vendor/illuminate/container/Container.php:877)
[stacktrace]
#0 /Users/simonjustesen/Sites/localhost/phpbraco/vendor/illuminate/container/Container.php(877): ReflectionClass->__construct('App\\\\Http\\\\Contro...')
#1 /Users/simonjustesen/Sites/localhost/phpbraco/vendor/illuminate/container/Container.php(758): Illuminate\\Container\\Container->build('App\\\\Http\\\\Contro...')
#2 /Users/simonjustesen/Sites/localhost/phpbraco/vendor/illuminate/container/Container.php(694): Illuminate\\Container\\Container->resolve('App\\\\Http\\\\Contro...', Array)
#3 /Users/simonjustesen/Sites/localhost/phpbraco/vendor/laravel/lumen-framework/src/Application.php(300): Illuminate\\Container\\Container->make('App\\\\Http\\\\Contro...', Array)
#4 /Users/simonjustesen/Sites/localhost/phpbraco/vendor/laravel/lumen-framework/src/Concerns/RoutesRequests.php(324): Laravel\\Lumen\\Application->make('App\\\\Http\\\\Contro...')
#5 /Users/simonjustesen/Sites/localhost/phpbraco/vendor/laravel/lumen-framework/src/Concerns/RoutesRequests.php(282): Laravel\\Lumen\\Application->callControllerAction(Array)
#6 /Users/simonjustesen/Sites/localhost/phpbraco/vendor/laravel/lumen-framework/src/Concerns/RoutesRequests.php(267): Laravel\\Lumen\\Application->callActionOnArrayBasedRoute(Array)
#7 /Users/simonjustesen/Sites/localhost/phpbraco/vendor/laravel/lumen-framework/src/Concerns/RoutesRequests.php(169): Laravel\\Lumen\\Application->handleFoundRoute(Array)
#8 /Users/simonjustesen/Sites/localhost/phpbraco/vendor/laravel/lumen-framework/src/Concerns/RoutesRequests.php(429): Laravel\\Lumen\\Application->Laravel\\Lumen\\Concerns\\{closure}(Object(Laravel\\Lumen\\Http\\Request))
#9 /Users/simonjustesen/Sites/localhost/phpbraco/vendor/laravel/lumen-framework/src/Concerns/RoutesRequests.php(175): Laravel\\Lumen\\Application->sendThroughPipeline(Array, Object(Closure))
#10 /Users/simonjustesen/Sites/localhost/phpbraco/vendor/laravel/lumen-framework/src/Concerns/RoutesRequests.php(112): Laravel\\Lumen\\Application->dispatch(NULL)
#11 /Users/simonjustesen/Sites/localhost/phpbraco/public/index.php(28): Laravel\\Lumen\\Application->run()
#12 {main}
"} 
[2022-04-02 09:13:19] local.ERROR: Target class [App\Http\Controllers\ContentApiController] does not exist. {"exception":"[object] (Illuminate\\Contracts\\Container\\BindingResolutionException(code: 0): Target class [App\\Http\\Controllers\\ContentApiController] does not exist. at /Users/simonjustesen/Sites/localhost/phpbraco/vendor/illuminate/container/Container.php:879)
[stacktrace]
#0 /Users/simonjustesen/Sites/localhost/phpbraco/vendor/illuminate/container/Container.php(758): Illuminate\\Container\\Container->build('App\\\\Http\\\\Contro...')
#1 /Users/simonjustesen/Sites/localhost/phpbraco/vendor/illuminate/container/Container.php(694): Illuminate\\Container\\Container->resolve('App\\\\Http\\\\Contro...', Array)
#2 /Users/simonjustesen/Sites/localhost/phpbraco/vendor/laravel/lumen-framework/src/Application.php(300): Illuminate\\Container\\Container->make('App\\\\Http\\\\Contro...', Array)
#3 /Users/simonjustesen/Sites/localhost/phpbraco/vendor/laravel/lumen-framework/src/Concerns/RoutesRequests.php(324): Laravel\\Lumen\\Application->make('App\\\\Http\\\\Contro...')
#4 /Users/simonjustesen/Sites/localhost/phpbraco/vendor/laravel/lumen-framework/src/Concerns/RoutesRequests.php(282): Laravel\\Lumen\\Application->callControllerAction(Array)
#5 /Users/simonjustesen/Sites/localhost/phpbraco/vendor/laravel/lumen-framework/src/Concerns/RoutesRequests.php(267): Laravel\\Lumen\\Application->callActionOnArrayBasedRoute(Array)
#6 /Users/simonjustesen/Sites/localhost/phpbraco/vendor/laravel/lumen-framework/src/Concerns/RoutesRequests.php(169): Laravel\\Lumen\\Application->handleFoundRoute(Array)
#7 /Users/simonjustesen/Sites/localhost/phpbraco/vendor/laravel/lumen-framework/src/Concerns/RoutesRequests.php(429): Laravel\\Lumen\\Application->Laravel\\Lumen\\Concerns\\{closure}(Object(Laravel\\Lumen\\Http\\Request))
#8 /Users/simonjustesen/Sites/localhost/phpbraco/vendor/laravel/lumen-framework/src/Concerns/RoutesRequests.php(175): Laravel\\Lumen\\Application->sendThroughPipeline(Array, Object(Closure))
#9 /Users/simonjustesen/Sites/localhost/phpbraco/vendor/laravel/lumen-framework/src/Concerns/RoutesRequests.php(112): Laravel\\Lumen\\Application->dispatch(NULL)
#10 /Users/simonjustesen/Sites/localhost/phpbraco/public/index.php(28): Laravel\\Lumen\\Application->run()
#11 {main}

[previous exception] [object] (ReflectionException(code: -1): Class \"App\\Http\\Controllers\\ContentApiController\" does not exist at /Users/simonjustesen/Sites/localhost/phpbraco/vendor/illuminate/container/Container.php:877)
[stacktrace]
#0 /Users/simonjustesen/Sites/localhost/phpbraco/vendor/illuminate/container/Container.php(877): ReflectionClass->__construct('App\\\\Http\\\\Contro...')
#1 /Users/simonjustesen/Sites/localhost/phpbraco/vendor/illuminate/container/Container.php(758): Illuminate\\Container\\Container->build('App\\\\Http\\\\Contro...')
#2 /Users/simonjustesen/Sites/localhost/phpbraco/vendor/illuminate/container/Container.php(694): Illuminate\\Container\\Container->resolve('App\\\\Http\\\\Contro...', Array)
#3 /Users/simonjustesen/Sites/localhost/phpbraco/vendor/laravel/lumen-framework/src/Application.php(300): Illuminate\\Container\\Container->make('App\\\\Http\\\\Contro...', Array)
#4 /Users/simonjustesen/Sites/localhost/phpbraco/vendor/laravel/lumen-framework/src/Concerns/RoutesRequests.php(324): Laravel\\Lumen\\Application->make('App\\\\Http\\\\Contro...')
#5 /Users/simonjustesen/Sites/localhost/phpbraco/vendor/laravel/lumen-framework/src/Concerns/RoutesRequests.php(282): Laravel\\Lumen\\Application->callControllerAction(Array)
#6 /Users/simonjustesen/Sites/localhost/phpbraco/vendor/laravel/lumen-framework/src/Concerns/RoutesRequests.php(267): Laravel\\Lumen\\Application->callActionOnArrayBasedRoute(Array)
#7 /Users/simonjustesen/Sites/localhost/phpbraco/vendor/laravel/lumen-framework/src/Concerns/RoutesRequests.php(169): Laravel\\Lumen\\Application->handleFoundRoute(Array)
#8 /Users/simonjustesen/Sites/localhost/phpbraco/vendor/laravel/lumen-framework/src/Concerns/RoutesRequests.php(429): Laravel\\Lumen\\Application->Laravel\\Lumen\\Concerns\\{closure}(Object(Laravel\\Lumen\\Http\\Request))
#9 /Users/simonjustesen/Sites/localhost/phpbraco/vendor/laravel/lumen-framework/src/Concerns/RoutesRequests.php(175): Laravel\\Lumen\\Application->sendThroughPipeline(Array, Object(Closure))
#10 /Users/simonjustesen/Sites/localhost/phpbraco/vendor/laravel/lumen-framework/src/Concerns/RoutesRequests.php(112): Laravel\\Lumen\\Application->dispatch(NULL)
#11 /Users/simonjustesen/Sites/localhost/phpbraco/public/index.php(28): Laravel\\Lumen\\Application->run()
#12 {main}
"} 
[2022-04-02 09:13:37] local.ERROR: Target class [App\Http\Controllers\ContentApiController] does not exist. {"exception":"[object] (Illuminate\\Contracts\\Container\\BindingResolutionException(code: 0): Target class [App\\Http\\Controllers\\ContentApiController] does not exist. at /Users/simonjustesen/Sites/localhost/phpbraco/vendor/illuminate/container/Container.php:879)
[stacktrace]
#0 /Users/simonjustesen/Sites/localhost/phpbraco/vendor/illuminate/container/Container.php(758): Illuminate\\Container\\Container->build('App\\\\Http\\\\Contro...')
#1 /Users/simonjustesen/Sites/localhost/phpbraco/vendor/illuminate/container/Container.php(694): Illuminate\\Container\\Container->resolve('App\\\\Http\\\\Contro...', Array)
#2 /Users/simonjustesen/Sites/localhost/phpbraco/vendor/laravel/lumen-framework/src/Application.php(300): Illuminate\\Container\\Container->make('App\\\\Http\\\\Contro...', Array)
#3 /Users/simonjustesen/Sites/localhost/phpbraco/vendor/laravel/lumen-framework/src/Concerns/RoutesRequests.php(324): Laravel\\Lumen\\Application->make('App\\\\Http\\\\Contro...')
#4 /Users/simonjustesen/Sites/localhost/phpbraco/vendor/laravel/lumen-framework/src/Concerns/RoutesRequests.php(282): Laravel\\Lumen\\Application->callControllerAction(Array)
#5 /Users/simonjustesen/Sites/localhost/phpbraco/vendor/laravel/lumen-framework/src/Concerns/RoutesRequests.php(267): Laravel\\Lumen\\Application->callActionOnArrayBasedRoute(Array)
#6 /Users/simonjustesen/Sites/localhost/phpbraco/vendor/laravel/lumen-framework/src/Concerns/RoutesRequests.php(169): Laravel\\Lumen\\Application->handleFoundRoute(Array)
#7 /Users/simonjustesen/Sites/localhost/phpbraco/vendor/laravel/lumen-framework/src/Concerns/RoutesRequests.php(429): Laravel\\Lumen\\Application->Laravel\\Lumen\\Concerns\\{closure}(Object(Laravel\\Lumen\\Http\\Request))
#8 /Users/simonjustesen/Sites/localhost/phpbraco/vendor/laravel/lumen-framework/src/Concerns/RoutesRequests.php(175): Laravel\\Lumen\\Application->sendThroughPipeline(Array, Object(Closure))
#9 /Users/simonjustesen/Sites/localhost/phpbraco/vendor/laravel/lumen-framework/src/Concerns/RoutesRequests.php(112): Laravel\\Lumen\\Application->dispatch(NULL)
#10 /Users/simonjustesen/Sites/localhost/phpbraco/public/index.php(28): Laravel\\Lumen\\Application->run()
#11 {main}

[previous exception] [object] (ReflectionException(code: -1): Class \"App\\Http\\Controllers\\ContentApiController\" does not exist at /Users/simonjustesen/Sites/localhost/phpbraco/vendor/illuminate/container/Container.php:877)
[stacktrace]
#0 /Users/simonjustesen/Sites/localhost/phpbraco/vendor/illuminate/container/Container.php(877): ReflectionClass->__construct('App\\\\Http\\\\Contro...')
#1 /Users/simonjustesen/Sites/localhost/phpbraco/vendor/illuminate/container/Container.php(758): Illuminate\\Container\\Container->build('App\\\\Http\\\\Contro...')
#2 /Users/simonjustesen/Sites/localhost/phpbraco/vendor/illuminate/container/Container.php(694): Illuminate\\Container\\Container->resolve('App\\\\Http\\\\Contro...', Array)
#3 /Users/simonjustesen/Sites/localhost/phpbraco/vendor/laravel/lumen-framework/src/Application.php(300): Illuminate\\Container\\Container->make('App\\\\Http\\\\Contro...', Array)
#4 /Users/simonjustesen/Sites/localhost/phpbraco/vendor/laravel/lumen-framework/src/Concerns/RoutesRequests.php(324): Laravel\\Lumen\\Application->make('App\\\\Http\\\\Contro...')
#5 /Users/simonjustesen/Sites/localhost/phpbraco/vendor/laravel/lumen-framework/src/Concerns/RoutesRequests.php(282): Laravel\\Lumen\\Application->callControllerAction(Array)
#6 /Users/simonjustesen/Sites/localhost/phpbraco/vendor/laravel/lumen-framework/src/Concerns/RoutesRequests.php(267): Laravel\\Lumen\\Application->callActionOnArrayBasedRoute(Array)
#7 /Users/simonjustesen/Sites/localhost/phpbraco/vendor/laravel/lumen-framework/src/Concerns/RoutesRequests.php(169): Laravel\\Lumen\\Application->handleFoundRoute(Array)
#8 /Users/simonjustesen/Sites/localhost/phpbraco/vendor/laravel/lumen-framework/src/Concerns/RoutesRequests.php(429): Laravel\\Lumen\\Application->Laravel\\Lumen\\Concerns\\{closure}(Object(Laravel\\Lumen\\Http\\Request))
#9 /Users/simonjustesen/Sites/localhost/phpbraco/vendor/laravel/lumen-framework/src/Concerns/RoutesRequests.php(175): Laravel\\Lumen\\Application->sendThroughPipeline(Array, Object(Closure))
#10 /Users/simonjustesen/Sites/localhost/phpbraco/vendor/laravel/lumen-framework/src/Concerns/RoutesRequests.php(112): Laravel\\Lumen\\Application->dispatch(NULL)
#11 /Users/simonjustesen/Sites/localhost/phpbraco/public/index.php(28): Laravel\\Lumen\\Application->run()
#12 {main}
"} 
[2022-04-02 09:14:01] local.ERROR: Target class [App\Http\Controllers\Api/ContentApiController] does not exist. {"exception":"[object] (Illuminate\\Contracts\\Container\\BindingResolutionException(code: 0): Target class [App\\Http\\Controllers\\Api/ContentApiController] does not exist. at /Users/simonjustesen/Sites/localhost/phpbraco/vendor/illuminate/container/Container.php:879)
[stacktrace]
#0 /Users/simonjustesen/Sites/localhost/phpbraco/vendor/illuminate/container/Container.php(758): Illuminate\\Container\\Container->build('App\\\\Http\\\\Contro...')
#1 /Users/simonjustesen/Sites/localhost/phpbraco/vendor/illuminate/container/Container.php(694): Illuminate\\Container\\Container->resolve('App\\\\Http\\\\Contro...', Array)
#2 /Users/simonjustesen/Sites/localhost/phpbraco/vendor/laravel/lumen-framework/src/Application.php(300): Illuminate\\Container\\Container->make('App\\\\Http\\\\Contro...', Array)
#3 /Users/simonjustesen/Sites/localhost/phpbraco/vendor/laravel/lumen-framework/src/Concerns/RoutesRequests.php(324): Laravel\\Lumen\\Application->make('App\\\\Http\\\\Contro...')
#4 /Users/simonjustesen/Sites/localhost/phpbraco/vendor/laravel/lumen-framework/src/Concerns/RoutesRequests.php(282): Laravel\\Lumen\\Application->callControllerAction(Array)
#5 /Users/simonjustesen/Sites/localhost/phpbraco/vendor/laravel/lumen-framework/src/Concerns/RoutesRequests.php(267): Laravel\\Lumen\\Application->callActionOnArrayBasedRoute(Array)
#6 /Users/simonjustesen/Sites/localhost/phpbraco/vendor/laravel/lumen-framework/src/Concerns/RoutesRequests.php(169): Laravel\\Lumen\\Application->handleFoundRoute(Array)
#7 /Users/simonjustesen/Sites/localhost/phpbraco/vendor/laravel/lumen-framework/src/Concerns/RoutesRequests.php(429): Laravel\\Lumen\\Application->Laravel\\Lumen\\Concerns\\{closure}(Object(Laravel\\Lumen\\Http\\Request))
#8 /Users/simonjustesen/Sites/localhost/phpbraco/vendor/laravel/lumen-framework/src/Concerns/RoutesRequests.php(175): Laravel\\Lumen\\Application->sendThroughPipeline(Array, Object(Closure))
#9 /Users/simonjustesen/Sites/localhost/phpbraco/vendor/laravel/lumen-framework/src/Concerns/RoutesRequests.php(112): Laravel\\Lumen\\Application->dispatch(NULL)
#10 /Users/simonjustesen/Sites/localhost/phpbraco/public/index.php(28): Laravel\\Lumen\\Application->run()
#11 {main}

[previous exception] [object] (ReflectionException(code: -1): Class \"App\\Http\\Controllers\\Api/ContentApiController\" does not exist at /Users/simonjustesen/Sites/localhost/phpbraco/vendor/illuminate/container/Container.php:877)
[stacktrace]
#0 /Users/simonjustesen/Sites/localhost/phpbraco/vendor/illuminate/container/Container.php(877): ReflectionClass->__construct('App\\\\Http\\\\Contro...')
#1 /Users/simonjustesen/Sites/localhost/phpbraco/vendor/illuminate/container/Container.php(758): Illuminate\\Container\\Container->build('App\\\\Http\\\\Contro...')
#2 /Users/simonjustesen/Sites/localhost/phpbraco/vendor/illuminate/container/Container.php(694): Illuminate\\Container\\Container->resolve('App\\\\Http\\\\Contro...', Array)
#3 /Users/simonjustesen/Sites/localhost/phpbraco/vendor/laravel/lumen-framework/src/Application.php(300): Illuminate\\Container\\Container->make('App\\\\Http\\\\Contro...', Array)
#4 /Users/simonjustesen/Sites/localhost/phpbraco/vendor/laravel/lumen-framework/src/Concerns/RoutesRequests.php(324): Laravel\\Lumen\\Application->make('App\\\\Http\\\\Contro...')
#5 /Users/simonjustesen/Sites/localhost/phpbraco/vendor/laravel/lumen-framework/src/Concerns/RoutesRequests.php(282): Laravel\\Lumen\\Application->callControllerAction(Array)
#6 /Users/simonjustesen/Sites/localhost/phpbraco/vendor/laravel/lumen-framework/src/Concerns/RoutesRequests.php(267): Laravel\\Lumen\\Application->callActionOnArrayBasedRoute(Array)
#7 /Users/simonjustesen/Sites/localhost/phpbraco/vendor/laravel/lumen-framework/src/Concerns/RoutesRequests.php(169): Laravel\\Lumen\\Application->handleFoundRoute(Array)
#8 /Users/simonjustesen/Sites/localhost/phpbraco/vendor/laravel/lumen-framework/src/Concerns/RoutesRequests.php(429): Laravel\\Lumen\\Application->Laravel\\Lumen\\Concerns\\{closure}(Object(Laravel\\Lumen\\Http\\Request))
#9 /Users/simonjustesen/Sites/localhost/phpbraco/vendor/laravel/lumen-framework/src/Concerns/RoutesRequests.php(175): Laravel\\Lumen\\Application->sendThroughPipeline(Array, Object(Closure))
#10 /Users/simonjustesen/Sites/localhost/phpbraco/vendor/laravel/lumen-framework/src/Concerns/RoutesRequests.php(112): Laravel\\Lumen\\Application->dispatch(NULL)
#11 /Users/simonjustesen/Sites/localhost/phpbraco/public/index.php(28): Laravel\\Lumen\\Application->run()
#12 {main}
"} 
[2022-04-02 09:14:23] local.ERROR: Target class [App\Http\Controllers\Api\ContentApiController] does not exist. {"exception":"[object] (Illuminate\\Contracts\\Container\\BindingResolutionException(code: 0): Target class [App\\Http\\Controllers\\Api\\ContentApiController] does not exist. at /Users/simonjustesen/Sites/localhost/phpbraco/vendor/illuminate/container/Container.php:879)
[stacktrace]
#0 /Users/simonjustesen/Sites/localhost/phpbraco/vendor/illuminate/container/Container.php(758): Illuminate\\Container\\Container->build('App\\\\Http\\\\Contro...')
#1 /Users/simonjustesen/Sites/localhost/phpbraco/vendor/illuminate/container/Container.php(694): Illuminate\\Container\\Container->resolve('App\\\\Http\\\\Contro...', Array)
#2 /Users/simonjustesen/Sites/localhost/phpbraco/vendor/laravel/lumen-framework/src/Application.php(300): Illuminate\\Container\\Container->make('App\\\\Http\\\\Contro...', Array)
#3 /Users/simonjustesen/Sites/localhost/phpbraco/vendor/laravel/lumen-framework/src/Concerns/RoutesRequests.php(324): Laravel\\Lumen\\Application->make('App\\\\Http\\\\Contro...')
#4 /Users/simonjustesen/Sites/localhost/phpbraco/vendor/laravel/lumen-framework/src/Concerns/RoutesRequests.php(282): Laravel\\Lumen\\Application->callControllerAction(Array)
#5 /Users/simonjustesen/Sites/localhost/phpbraco/vendor/laravel/lumen-framework/src/Concerns/RoutesRequests.php(267): Laravel\\Lumen\\Application->callActionOnArrayBasedRoute(Array)
#6 /Users/simonjustesen/Sites/localhost/phpbraco/vendor/laravel/lumen-framework/src/Concerns/RoutesRequests.php(169): Laravel\\Lumen\\Application->handleFoundRoute(Array)
#7 /Users/simonjustesen/Sites/localhost/phpbraco/vendor/laravel/lumen-framework/src/Concerns/RoutesRequests.php(429): Laravel\\Lumen\\Application->Laravel\\Lumen\\Concerns\\{closure}(Object(Laravel\\Lumen\\Http\\Request))
#8 /Users/simonjustesen/Sites/localhost/phpbraco/vendor/laravel/lumen-framework/src/Concerns/RoutesRequests.php(175): Laravel\\Lumen\\Application->sendThroughPipeline(Array, Object(Closure))
#9 /Users/simonjustesen/Sites/localhost/phpbraco/vendor/laravel/lumen-framework/src/Concerns/RoutesRequests.php(112): Laravel\\Lumen\\Application->dispatch(NULL)
#10 /Users/simonjustesen/Sites/localhost/phpbraco/public/index.php(28): Laravel\\Lumen\\Application->run()
#11 {main}

[previous exception] [object] (ReflectionException(code: -1): Class \"App\\Http\\Controllers\\Api\\ContentApiController\" does not exist at /Users/simonjustesen/Sites/localhost/phpbraco/vendor/illuminate/container/Container.php:877)
[stacktrace]
#0 /Users/simonjustesen/Sites/localhost/phpbraco/vendor/illuminate/container/Container.php(877): ReflectionClass->__construct('App\\\\Http\\\\Contro...')
#1 /Users/simonjustesen/Sites/localhost/phpbraco/vendor/illuminate/container/Container.php(758): Illuminate\\Container\\Container->build('App\\\\Http\\\\Contro...')
#2 /Users/simonjustesen/Sites/localhost/phpbraco/vendor/illuminate/container/Container.php(694): Illuminate\\Container\\Container->resolve('App\\\\Http\\\\Contro...', Array)
#3 /Users/simonjustesen/Sites/localhost/phpbraco/vendor/laravel/lumen-framework/src/Application.php(300): Illuminate\\Container\\Container->make('App\\\\Http\\\\Contro...', Array)
#4 /Users/simonjustesen/Sites/localhost/phpbraco/vendor/laravel/lumen-framework/src/Concerns/RoutesRequests.php(324): Laravel\\Lumen\\Application->make('App\\\\Http\\\\Contro...')
#5 /Users/simonjustesen/Sites/localhost/phpbraco/vendor/laravel/lumen-framework/src/Concerns/RoutesRequests.php(282): Laravel\\Lumen\\Application->callControllerAction(Array)
#6 /Users/simonjustesen/Sites/localhost/phpbraco/vendor/laravel/lumen-framework/src/Concerns/RoutesRequests.php(267): Laravel\\Lumen\\Application->callActionOnArrayBasedRoute(Array)
#7 /Users/simonjustesen/Sites/localhost/phpbraco/vendor/laravel/lumen-framework/src/Concerns/RoutesRequests.php(169): Laravel\\Lumen\\Application->handleFoundRoute(Array)
#8 /Users/simonjustesen/Sites/localhost/phpbraco/vendor/laravel/lumen-framework/src/Concerns/RoutesRequests.php(429): Laravel\\Lumen\\Application->Laravel\\Lumen\\Concerns\\{closure}(Object(Laravel\\Lumen\\Http\\Request))
#9 /Users/simonjustesen/Sites/localhost/phpbraco/vendor/laravel/lumen-framework/src/Concerns/RoutesRequests.php(175): Laravel\\Lumen\\Application->sendThroughPipeline(Array, Object(Closure))
#10 /Users/simonjustesen/Sites/localhost/phpbraco/vendor/laravel/lumen-framework/src/Concerns/RoutesRequests.php(112): Laravel\\Lumen\\Application->dispatch(NULL)
#11 /Users/simonjustesen/Sites/localhost/phpbraco/public/index.php(28): Laravel\\Lumen\\Application->run()
#12 {main}
"} 
[2022-04-02 09:14:46] local.ERROR: Class "App\Http\Controllers\Api\ApiController" not found {"exception":"[object] (Error(code: 0): Class \"App\\Http\\Controllers\\Api\\ApiController\" not found at /Users/simonjustesen/Sites/localhost/phpbraco/app/Http/Controllers/Api/ContentApiController.php:5)
[stacktrace]
#0 /Users/simonjustesen/Sites/localhost/phpbraco/vendor/composer/ClassLoader.php(571): include()
#1 /Users/simonjustesen/Sites/localhost/phpbraco/vendor/composer/ClassLoader.php(428): Composer\\Autoload\\includeFile('/Users/simonjus...')
#2 [internal function]: Composer\\Autoload\\ClassLoader->loadClass('App\\\\Http\\\\Contro...')
#3 /Users/simonjustesen/Sites/localhost/phpbraco/vendor/illuminate/container/Container.php(877): ReflectionClass->__construct('App\\\\Http\\\\Contro...')
#4 /Users/simonjustesen/Sites/localhost/phpbraco/vendor/illuminate/container/Container.php(758): Illuminate\\Container\\Container->build('App\\\\Http\\\\Contro...')
#5 /Users/simonjustesen/Sites/localhost/phpbraco/vendor/illuminate/container/Container.php(694): Illuminate\\Container\\Container->resolve('App\\\\Http\\\\Contro...', Array)
#6 /Users/simonjustesen/Sites/localhost/phpbraco/vendor/laravel/lumen-framework/src/Application.php(300): Illuminate\\Container\\Container->make('App\\\\Http\\\\Contro...', Array)
#7 /Users/simonjustesen/Sites/localhost/phpbraco/vendor/laravel/lumen-framework/src/Concerns/RoutesRequests.php(324): Laravel\\Lumen\\Application->make('App\\\\Http\\\\Contro...')
#8 /Users/simonjustesen/Sites/localhost/phpbraco/vendor/laravel/lumen-framework/src/Concerns/RoutesRequests.php(282): Laravel\\Lumen\\Application->callControllerAction(Array)
#9 /Users/simonjustesen/Sites/localhost/phpbraco/vendor/laravel/lumen-framework/src/Concerns/RoutesRequests.php(267): Laravel\\Lumen\\Application->callActionOnArrayBasedRoute(Array)
#10 /Users/simonjustesen/Sites/localhost/phpbraco/vendor/laravel/lumen-framework/src/Concerns/RoutesRequests.php(169): Laravel\\Lumen\\Application->handleFoundRoute(Array)
#11 /Users/simonjustesen/Sites/localhost/phpbraco/vendor/laravel/lumen-framework/src/Concerns/RoutesRequests.php(429): Laravel\\Lumen\\Application->Laravel\\Lumen\\Concerns\\{closure}(Object(Laravel\\Lumen\\Http\\Request))
#12 /Users/simonjustesen/Sites/localhost/phpbraco/vendor/laravel/lumen-framework/src/Concerns/RoutesRequests.php(175): Laravel\\Lumen\\Application->sendThroughPipeline(Array, Object(Closure))
#13 /Users/simonjustesen/Sites/localhost/phpbraco/vendor/laravel/lumen-framework/src/Concerns/RoutesRequests.php(112): Laravel\\Lumen\\Application->dispatch(NULL)
#14 /Users/simonjustesen/Sites/localhost/phpbraco/public/index.php(28): Laravel\\Lumen\\Application->run()
#15 {main}
"} 
[2022-04-02 09:14:57] local.ERROR: Class "App\Http\Controllers\Api\ApiController" not found {"exception":"[object] (Error(code: 0): Class \"App\\Http\\Controllers\\Api\\ApiController\" not found at /Users/simonjustesen/Sites/localhost/phpbraco/app/Http/Controllers/Api/ContentApiController.php:5)
[stacktrace]
#0 /Users/simonjustesen/Sites/localhost/phpbraco/vendor/composer/ClassLoader.php(571): include()
#1 /Users/simonjustesen/Sites/localhost/phpbraco/vendor/composer/ClassLoader.php(428): Composer\\Autoload\\includeFile('/Users/simonjus...')
#2 [internal function]: Composer\\Autoload\\ClassLoader->loadClass('App\\\\Http\\\\Contro...')
#3 /Users/simonjustesen/Sites/localhost/phpbraco/vendor/illuminate/container/Container.php(877): ReflectionClass->__construct('App\\\\Http\\\\Contro...')
#4 /Users/simonjustesen/Sites/localhost/phpbraco/vendor/illuminate/container/Container.php(758): Illuminate\\Container\\Container->build('App\\\\Http\\\\Contro...')
#5 /Users/simonjustesen/Sites/localhost/phpbraco/vendor/illuminate/container/Container.php(694): Illuminate\\Container\\Container->resolve('App\\\\Http\\\\Contro...', Array)
#6 /Users/simonjustesen/Sites/localhost/phpbraco/vendor/laravel/lumen-framework/src/Application.php(300): Illuminate\\Container\\Container->make('App\\\\Http\\\\Contro...', Array)
#7 /Users/simonjustesen/Sites/localhost/phpbraco/vendor/laravel/lumen-framework/src/Concerns/RoutesRequests.php(324): Laravel\\Lumen\\Application->make('App\\\\Http\\\\Contro...')
#8 /Users/simonjustesen/Sites/localhost/phpbraco/vendor/laravel/lumen-framework/src/Concerns/RoutesRequests.php(282): Laravel\\Lumen\\Application->callControllerAction(Array)
#9 /Users/simonjustesen/Sites/localhost/phpbraco/vendor/laravel/lumen-framework/src/Concerns/RoutesRequests.php(267): Laravel\\Lumen\\Application->callActionOnArrayBasedRoute(Array)
#10 /Users/simonjustesen/Sites/localhost/phpbraco/vendor/laravel/lumen-framework/src/Concerns/RoutesRequests.php(169): Laravel\\Lumen\\Application->handleFoundRoute(Array)
#11 /Users/simonjustesen/Sites/localhost/phpbraco/vendor/laravel/lumen-framework/src/Concerns/RoutesRequests.php(429): Laravel\\Lumen\\Application->Laravel\\Lumen\\Concerns\\{closure}(Object(Laravel\\Lumen\\Http\\Request))
#12 /Users/simonjustesen/Sites/localhost/phpbraco/vendor/laravel/lumen-framework/src/Concerns/RoutesRequests.php(175): Laravel\\Lumen\\Application->sendThroughPipeline(Array, Object(Closure))
#13 /Users/simonjustesen/Sites/localhost/phpbraco/vendor/laravel/lumen-framework/src/Concerns/RoutesRequests.php(112): Laravel\\Lumen\\Application->dispatch(NULL)
#14 /Users/simonjustesen/Sites/localhost/phpbraco/public/index.php(28): Laravel\\Lumen\\Application->run()
#15 {main}
"} 
[2022-04-02 09:19:37] local.ERROR: Class "App\Http\Controllers\ApiController" not found {"exception":"[object] (Error(code: 0): Class \"App\\Http\\Controllers\\ApiController\" not found at /Users/simonjustesen/Sites/localhost/phpbraco/app/Http/Controllers/Api/MediaApiController.php:5)
[stacktrace]
#0 /Users/simonjustesen/Sites/localhost/phpbraco/vendor/composer/ClassLoader.php(571): include()
#1 /Users/simonjustesen/Sites/localhost/phpbraco/vendor/composer/ClassLoader.php(428): Composer\\Autoload\\includeFile('/Users/simonjus...')
#2 [internal function]: Composer\\Autoload\\ClassLoader->loadClass('App\\\\Http\\\\Contro...')
#3 /Users/simonjustesen/Sites/localhost/phpbraco/vendor/illuminate/container/Container.php(877): ReflectionClass->__construct('App\\\\Http\\\\Contro...')
#4 /Users/simonjustesen/Sites/localhost/phpbraco/vendor/illuminate/container/Container.php(758): Illuminate\\Container\\Container->build('App\\\\Http\\\\Contro...')
#5 /Users/simonjustesen/Sites/localhost/phpbraco/vendor/illuminate/container/Container.php(694): Illuminate\\Container\\Container->resolve('App\\\\Http\\\\Contro...', Array)
#6 /Users/simonjustesen/Sites/localhost/phpbraco/vendor/laravel/lumen-framework/src/Application.php(300): Illuminate\\Container\\Container->make('App\\\\Http\\\\Contro...', Array)
#7 /Users/simonjustesen/Sites/localhost/phpbraco/vendor/laravel/lumen-framework/src/Concerns/RoutesRequests.php(324): Laravel\\Lumen\\Application->make('App\\\\Http\\\\Contro...')
#8 /Users/simonjustesen/Sites/localhost/phpbraco/vendor/laravel/lumen-framework/src/Concerns/RoutesRequests.php(282): Laravel\\Lumen\\Application->callControllerAction(Array)
#9 /Users/simonjustesen/Sites/localhost/phpbraco/vendor/laravel/lumen-framework/src/Concerns/RoutesRequests.php(267): Laravel\\Lumen\\Application->callActionOnArrayBasedRoute(Array)
#10 /Users/simonjustesen/Sites/localhost/phpbraco/vendor/laravel/lumen-framework/src/Concerns/RoutesRequests.php(169): Laravel\\Lumen\\Application->handleFoundRoute(Array)
#11 /Users/simonjustesen/Sites/localhost/phpbraco/vendor/laravel/lumen-framework/src/Concerns/RoutesRequests.php(429): Laravel\\Lumen\\Application->Laravel\\Lumen\\Concerns\\{closure}(Object(Laravel\\Lumen\\Http\\Request))
#12 /Users/simonjustesen/Sites/localhost/phpbraco/vendor/laravel/lumen-framework/src/Concerns/RoutesRequests.php(175): Laravel\\Lumen\\Application->sendThroughPipeline(Array, Object(Closure))
#13 /Users/simonjustesen/Sites/localhost/phpbraco/vendor/laravel/lumen-framework/src/Concerns/RoutesRequests.php(112): Laravel\\Lumen\\Application->dispatch(NULL)
#14 /Users/simonjustesen/Sites/localhost/phpbraco/public/index.php(28): Laravel\\Lumen\\Application->run()
#15 {main}
"} 
